#
# A fatal error has been detected by the Java Runtime Environment:
#
#  EXCEPTION_ACCESS_VIOLATION (0xc0000005) at pc=0x00007fff06da122e, pid=22856, tid=11516
#
# JRE version: OpenJDK Runtime Environment (14.0+36) (build 14+36-1461)
# Java VM: OpenJDK 64-Bit Server VM (14+36-1461, mixed mode, tiered, compressed oops, g1 gc, windows-amd64)
# Problematic frame:
# C  [VCRUNTIME140.dll+0x122e]
#
# No core dump will be written. Minidumps are not enabled by default on client versions of Windows
#
# If you would like to submit a bug report, please visit:
#   https://bugreport.java.com/bugreport/crash.jsp
#

---------------  S U M M A R Y ------------

Command Line: -Xss4m -Xmx512m -Dsun.java2d.uiScale.enabled=false -Dsun.java2d.noddraw=true -Dsun.java2d.d3d=false -DXXE_GUI= -DXXE_ADDON_PATH= -DXXE_PREFS_DIR= com.xmlmind.xmleditapp.app.QuickStart C:\Docbook\1.0\ko\manual\xdocs\userguide\chapter2_1.xml

Host: Intel(R) Core(TM) i5-8265U CPU @ 1.60GHz, 8 cores, 7G,  Windows 10 , 64 bit Build 18362 (10.0.18362.959)
Time: Wed Jul 29 16:07:49 2020 ¢¥eCN©öI¡¾©ö C¡ÍA¨ª¨öA elapsed time: 6492 seconds (0d 1h 48m 12s)

---------------  T H R E A D  ---------------

Current thread (0x0000025c79e36800):  JavaThread "AWT-EventQueue-0" [_thread_in_vm, id=11516, stack(0x000000f464800000,0x000000f464c00000)]

Stack: [0x000000f464800000,0x000000f464c00000],  sp=0x000000f464bfe7c8,  free space=4089k
Native frames: (J=compiled Java code, j=interpreted, Vv=VM code, C=native code)
C  [VCRUNTIME140.dll+0x122e]
V  [jvm.dll+0x39058a]
C  [awt.dll+0x8adfd]

Java frames: (J=compiled Java code, j=interpreted, Vv=VM code)
j  sun.awt.windows.WClipboard.getClipboardData(J)[B+0 java.desktop@14
j  sun.awt.datatransfer.ClipboardTransferable.fetchOneFlavor(Lsun/awt/datatransfer/SunClipboard;Ljava/awt/datatransfer/DataFlavor;JLjava/util/Map;)Z+32 java.desktop@14
J 6007 c1 sun.awt.datatransfer.ClipboardTransferable$$Lambda$214.accept(Ljava/lang/Object;)V java.desktop@14 (20 bytes) @ 0x0000025c65fa9d34 [0x0000025c65fa9800+0x0000000000000534]
j  java.util.HashMap$EntrySet.forEach(Ljava/util/function/Consumer;)V+75 java.base@14
j  sun.awt.datatransfer.ClipboardTransferable.<init>(Lsun/awt/datatransfer/SunClipboard;)V+76 java.desktop@14
j  sun.awt.datatransfer.SunClipboard.getContents(Ljava/lang/Object;)Ljava/awt/datatransfer/Transferable;+17 java.desktop@14
j  com.xmlmind.xmledit.edit.ContextChangeTrigger.flavorsChanged(Ljava/awt/datatransfer/FlavorEvent;)V+45
j  sun.awt.datatransfer.SunClipboard.lambda$checkChange$2(Ljava/awt/datatransfer/FlavorListener;)V+9 java.desktop@14
j  sun.awt.datatransfer.SunClipboard$$Lambda$221.run()V+8 java.desktop@14
J 5556 c1 java.awt.event.InvocationEvent.dispatch()V java.desktop@14 (69 bytes) @ 0x0000025c66661a0c [0x0000025c66661800+0x000000000000020c]
J 5958 c2 java.awt.EventQueue.dispatchEvent(Ljava/awt/AWTEvent;)V java.desktop@14 (80 bytes) @ 0x0000025c6d4b3c84 [0x0000025c6d4b2e40+0x0000000000000e44]
J 5970 c2 java.awt.EventDispatchThread.pumpOneEventForFilters(I)V java.desktop@14 (113 bytes) @ 0x0000025c6d4c4740 [0x0000025c6d4c45a0+0x00000000000001a0]
j  java.awt.EventDispatchThread.pumpEventsForFilter(ILjava/awt/Conditional;Ljava/awt/EventFilter;)V+35 java.desktop@14
j  java.awt.EventDispatchThread.pumpEventsForHierarchy(ILjava/awt/Conditional;Ljava/awt/Component;)V+11 java.desktop@14
j  java.awt.EventDispatchThread.pumpEvents(ILjava/awt/Conditional;)V+4 java.desktop@14
j  java.awt.EventDispatchThread.pumpEvents(Ljava/awt/Conditional;)V+3 java.desktop@14
j  java.awt.EventDispatchThread.run()V+9 java.desktop@14
v  ~StubRoutines::call_stub

siginfo: EXCEPTION_ACCESS_VIOLATION (0xc0000005), reading address 0x0000025c036b35d0


Register to memory mapping:

RIP=0x00007fff06da122e VCRUNTIME140.dll
RAX=0x00000000e5600010 is pointing into object: [B 
{0x00000000e5600000} - klass: {type array byte}
 - length: 4767100
RBX=0x0000025c79e36800 is a thread
RCX=0x00000000001af7ec is an unknown value
RDX=0x0000025b1ddd7030 is an unknown value
RSP=0x000000f464bfe7c8 is pointing into the stack for thread: 0x0000025c79e36800
RBP=0x0000025c79979b00 points into unknown readable memory: 00 00 60 e5 00 00 00 00
RSI=0x0000025c036b35d0 is an unknown value
RDI=0x00000000e58dc5a0 is pointing into object: [B 
{0x00000000e5600000} - klass: {type array byte}
 - length: 4767100
R8 =0x000000000048bd7c is an unknown value
R9 =0x0000025c79e36800 is a thread
R10=0x0000025c033d7040 is an unknown value
R11=0x00000000e5600010 is pointing into object: [B 
{0x00000000e5600000} - klass: {type array byte}
 - length: 4767100
R12=0x0 is NULL
R13=0x0000025c01340888 is pointing into metadata
R14=0x000000000048bd7c is an unknown value
R15=0x0 is NULL


Registers:
RAX=0x00000000e5600010, RBX=0x0000025c79e36800, RCX=0x00000000001af7ec, RDX=0x0000025b1ddd7030
RSP=0x000000f464bfe7c8, RBP=0x0000025c79979b00, RSI=0x0000025c036b35d0, RDI=0x00000000e58dc5a0
R8 =0x000000000048bd7c, R9 =0x0000025c79e36800, R10=0x0000025c033d7040, R11=0x00000000e5600010
R12=0x0000000000000000, R13=0x0000025c01340888, R14=0x000000000048bd7c, R15=0x0000000000000000
RIP=0x00007fff06da122e, EFLAGS=0x0000000000010207

Top of Stack: (sp=0x000000f464bfe7c8)
0x000000f464bfe7c8:   0000000000000010 00000000e5600000
0x000000f464bfe7d8:   00007ffee541058a 0000025c79e36800
0x000000f464bfe7e8:   0000025c79979b00 0000000000000010
0x000000f464bfe7f8:   00000000000003d8 0000025c79e36800
0x000000f464bfe808:   0000000000000000 000000f464bfe848
0x000000f464bfe818:   000000f464bfe958 0000000000000008
0x000000f464bfe828:   0000000000000000 000000000048bd7c
0x000000f464bfe838:   00007ffee89aadfd 0000025c79e36b10
0x000000f464bfe848:   000000f464bfe928 0000025c033d7040
0x000000f464bfe858:   0000025c79979b00 0000025c033d7040
0x000000f464bfe868:   000000000000c182 0000025c027c70c8
0x000000f464bfe878:   fffffffffffffffe 0000025c79e36800
0x000000f464bfe888:   000000f464bfe958 0000000000000000
0x000000f464bfe898:   0000025c6570f357 0000025c01340890
0x000000f464bfe8a8:   0000000000000008 00000000e0dcfbd8
0x000000f464bfe8b8:   0000025c033d7040 0000025c79e36800 

Instructions: (pc=0x00007fff06da122e)
0x00007fff06da112e:   cc cc cc cc cc cc cc cc 66 66 0f 1f 84 00 00 00
0x00007fff06da113e:   00 00 48 2b d1 49 83 f8 08 72 22 f6 c1 07 74 14
0x00007fff06da114e:   66 90 8a 01 3a 04 11 75 2c 48 ff c1 49 ff c8 f6
0x00007fff06da115e:   c1 07 75 ee 4d 8b c8 49 c1 e9 03 75 1f 4d 85 c0
0x00007fff06da116e:   74 0f 8a 01 3a 04 11 75 0c 48 ff c1 49 ff c8 75
0x00007fff06da117e:   f1 48 33 c0 c3 1b c0 83 d8 ff c3 90 49 c1 e9 02
0x00007fff06da118e:   74 37 48 8b 01 48 3b 04 11 75 5b 48 8b 41 08 48
0x00007fff06da119e:   3b 44 11 08 75 4c 48 8b 41 10 48 3b 44 11 10 75
0x00007fff06da11ae:   3d 48 8b 41 18 48 3b 44 11 18 75 2e 48 83 c1 20
0x00007fff06da11be:   49 ff c9 75 cd 49 83 e0 1f 4d 8b c8 49 c1 e9 03
0x00007fff06da11ce:   74 9b 48 8b 01 48 3b 04 11 75 1b 48 83 c1 08 49
0x00007fff06da11de:   ff c9 75 ee 49 83 e0 07 eb 83 48 83 c1 08 48 83
0x00007fff06da11ee:   c1 08 48 83 c1 08 48 8b 0c 0a 48 0f c8 48 0f c9
0x00007fff06da11fe:   48 3b c1 1b c0 83 d8 ff c3 cc cc cc cc cc cc cc
0x00007fff06da120e:   cc cc cc cc cc cc cc cc 66 66 0f 1f 84 00 00 00
0x00007fff06da121e:   00 00 57 56 49 8b c3 48 8b f9 49 8b c8 49 8b f2
0x00007fff06da122e:   f3 a4 5e 5f c3 cc cc cc cc cc cc 0f 1f 80 00 00
0x00007fff06da123e:   00 00 4c 8b d9 4c 8b d2 49 83 f8 10 76 64 49 83
0x00007fff06da124e:   f8 20 76 3e 48 2b d1 73 0d 4b 8d 04 10 48 3b c8
0x00007fff06da125e:   0f 82 2c 03 00 00 49 81 f8 80 00 00 00 0f 86 5f
0x00007fff06da126e:   02 00 00 0f ba 25 33 01 01 00 01 0f 83 a1 01 00
0x00007fff06da127e:   00 eb 9f 66 66 66 66 66 66 66 0f 1f 84 00 00 00
0x00007fff06da128e:   00 00 0f 10 02 42 0f 10 4c 02 f0 0f 11 01 42 0f
0x00007fff06da129e:   11 4c 01 f0 48 8b c1 c3 66 66 0f 1f 84 00 00 00
0x00007fff06da12ae:   00 00 48 8b c1 4c 8d 0d 46 ed ff ff 43 8b 8c 81
0x00007fff06da12be:   c7 12 00 00 49 03 c9 ff e1 10 13 00 00 2f 13 00
0x00007fff06da12ce:   00 11 13 00 00 1f 13 00 00 58 13 00 00 60 13 00
0x00007fff06da12de:   00 70 13 00 00 80 13 00 00 18 13 00 00 b0 13 00
0x00007fff06da12ee:   00 c0 13 00 00 40 13 00 00 d0 13 00 00 98 13 00
0x00007fff06da12fe:   00 e0 13 00 00 00 14 00 00 35 13 00 00 0f 1f 44
0x00007fff06da130e:   00 00 c3 0f b7 0a 66 89 08 c3 48 8b 0a 48 89 08
0x00007fff06da131e:   c3 0f b7 0a 44 0f b6 42 02 66 89 08 44 88 40 02 


Stack slot to memory mapping:
stack at sp + 0 slots: 0x0000000000000010 is an unknown value
stack at sp + 1 slots: 0x00000000e5600000 is an oop: [B 
{0x00000000e5600000} - klass: {type array byte}
 - length: 4767100
stack at sp + 2 slots: 0x00007ffee541058a jvm.dll
stack at sp + 3 slots: 0x0000025c79e36800 is a thread
stack at sp + 4 slots: 0x0000025c79979b00 points into unknown readable memory: 00 00 60 e5 00 00 00 00
stack at sp + 5 slots: 0x0000000000000010 is an unknown value
stack at sp + 6 slots: 0x00000000000003d8 is an unknown value
stack at sp + 7 slots: 0x0000025c79e36800 is a thread


---------------  P R O C E S S  ---------------

Threads class SMR info:
_java_thread_list=0x0000025c7dec7110, length=16, elements={
0x0000025c78eca800, 0x0000025c78ecc000, 0x0000025c797a7800, 0x0000025c797aa800,
0x0000025c797ab800, 0x0000025c797b7800, 0x0000025c797bc800, 0x0000025c797c8000,
0x0000025c79964000, 0x0000025c79979000, 0x0000025c79d33800, 0x0000025c79d34800,
0x0000025c79daf800, 0x0000025c79e36800, 0x0000025c5c1ac000, 0x0000025c7d3b9000
}

Java Threads: ( => current thread )
  0x0000025c78eca800 JavaThread "Reference Handler" daemon [_thread_blocked, id=8464, stack(0x000000f461800000,0x000000f461c00000)]
  0x0000025c78ecc000 JavaThread "Finalizer" daemon [_thread_blocked, id=20056, stack(0x000000f461c00000,0x000000f462000000)]
  0x0000025c797a7800 JavaThread "Signal Dispatcher" daemon [_thread_blocked, id=19996, stack(0x000000f462000000,0x000000f462400000)]
  0x0000025c797aa800 JavaThread "Attach Listener" daemon [_thread_blocked, id=16096, stack(0x000000f462400000,0x000000f462800000)]
  0x0000025c797ab800 JavaThread "Service Thread" daemon [_thread_blocked, id=10900, stack(0x000000f462800000,0x000000f462c00000)]
  0x0000025c797b7800 JavaThread "C2 CompilerThread0" daemon [_thread_blocked, id=10224, stack(0x000000f462c00000,0x000000f462d00000)]
  0x0000025c797bc800 JavaThread "C1 CompilerThread0" daemon [_thread_blocked, id=13892, stack(0x000000f462d00000,0x000000f462e00000)]
  0x0000025c797c8000 JavaThread "Sweeper thread" daemon [_thread_blocked, id=17176, stack(0x000000f462e00000,0x000000f463200000)]
  0x0000025c79964000 JavaThread "Notification Thread" daemon [_thread_blocked, id=7584, stack(0x000000f463200000,0x000000f463600000)]
  0x0000025c79979000 JavaThread "Common-Cleaner" daemon [_thread_blocked, id=18644, stack(0x000000f463700000,0x000000f463b00000)]
  0x0000025c79d33800 JavaThread "Java2D Disposer" daemon [_thread_blocked, id=9268, stack(0x000000f463c00000,0x000000f464000000)]
  0x0000025c79d34800 JavaThread "AWT-Shutdown" [_thread_blocked, id=17668, stack(0x000000f464000000,0x000000f464400000)]
  0x0000025c79daf800 JavaThread "AWT-Windows" daemon [_thread_in_native, id=10064, stack(0x000000f464400000,0x000000f464800000)]
=>0x0000025c79e36800 JavaThread "AWT-EventQueue-0" [_thread_in_vm, id=11516, stack(0x000000f464800000,0x000000f464c00000)]
  0x0000025c5c1ac000 JavaThread "DestroyJavaVM" [_thread_blocked, id=8920, stack(0x000000f460e00000,0x000000f461200000)]
  0x0000025c7d3b9000 JavaThread "TimerQueue" daemon [_thread_blocked, id=21976, stack(0x000000f465600000,0x000000f465a00000)]

Other Threads:
  0x0000025c78eb6800 VMThread "VM Thread" [stack: 0x000000f461700000,0x000000f461800000] [id=4388] _threads_hazard_ptr=0x0000025c7dec7110
  0x0000025c79964800 WatcherThread [stack: 0x000000f463600000,0x000000f463700000] [id=20704]
  0x0000025c5c1d5000 GCTaskThread "GC Thread#0" [stack: 0x000000f461200000,0x000000f461300000] [id=1032]
  0x0000025c7a37e800 GCTaskThread "GC Thread#1" [stack: 0x000000f463b00000,0x000000f463c00000] [id=18452]
  0x0000025c7ca06800 GCTaskThread "GC Thread#2" [stack: 0x000000f464c00000,0x000000f464d00000] [id=8068]
  0x0000025c7a339000 GCTaskThread "GC Thread#3" [stack: 0x000000f464d00000,0x000000f464e00000] [id=11172]
  0x0000025c7cac4000 GCTaskThread "GC Thread#4" [stack: 0x000000f464e00000,0x000000f464f00000] [id=3352]
  0x0000025c7cbdc000 GCTaskThread "GC Thread#5" [stack: 0x000000f464f00000,0x000000f465000000] [id=20408]
  0x0000025c5c1db800 ConcurrentGCThread "G1 Main Marker" [stack: 0x000000f461300000,0x000000f461400000] [id=2948]
  0x0000025c5c1dd000 ConcurrentGCThread "G1 Conc#0" [stack: 0x000000f461400000,0x000000f461500000] [id=944]
  0x0000025c7f8e6000 ConcurrentGCThread "G1 Conc#1" [stack: 0x000000f465500000,0x000000f465600000] [id=13300]
  0x0000025c5c270800 ConcurrentGCThread "G1 Refine#0" [stack: 0x000000f461500000,0x000000f461600000] [id=20472]
  0x0000025c79a62000 ConcurrentGCThread "G1 Refine#1" [stack: 0x000000f465000000,0x000000f465100000] [id=18780]
  0x0000025c7a0e8800 ConcurrentGCThread "G1 Refine#2" [stack: 0x000000f465100000,0x000000f465200000] [id=4824]
  0x0000025c7a139800 ConcurrentGCThread "G1 Refine#3" [stack: 0x000000f465300000,0x000000f465400000] [id=8532]
  0x0000025c5c272800 ConcurrentGCThread "G1 Young RemSet Sampling" [stack: 0x000000f461600000,0x000000f461700000] [id=14840]

Threads with active compile tasks:

VM state:synchronizing (normal execution)

VM Mutex/Monitor currently owned by a thread:  ([mutex/lock_event])
[0x0000025c5c1a7760] Threads_lock - owner thread: 0x0000025c78eb6800
[0x0000025c5c1a8d50] Heap_lock - owner thread: 0x0000025c5c1db800

Heap address: 0x00000000e0000000, size: 512 MB, Compressed Oops mode: 32-bit
Narrow klass base: 0x0000000000000000, Narrow klass shift: 3
Compressed class space size: 1073741824 Address: 0x0000000100000000

Heap:
 garbage-first heap   total 145408K, used 84946K [0x00000000e0000000, 0x0000000100000000)
  region size 1024K, 2 young (2048K), 1 survivors (1024K)
 Metaspace       used 41211K, capacity 41923K, committed 42032K, reserved 1085440K
  class space    used 4905K, capacity 5177K, committed 5248K, reserved 1048576K
Heap Regions: E=young(eden), S=young(survivor), O=old, HS=humongous(starts), HC=humongous(continues), CS=collection set, F=free, OA=open archive, CA=closed archive, TAMS=top-at-mark-start (previous, next)
|   0|0x00000000e0000000, 0x00000000e0100000, 0x00000000e0100000|100%| O|  |TAMS 0x00000000e0100000, 0x00000000e0100000| Untracked 
|   1|0x00000000e0100000, 0x00000000e0200000, 0x00000000e0200000|100%| O|  |TAMS 0x00000000e0200000, 0x00000000e0200000| Untracked 
|   2|0x00000000e0200000, 0x00000000e0300000, 0x00000000e0300000|100%| O|  |TAMS 0x00000000e0300000, 0x00000000e0300000| Untracked 
|   3|0x00000000e0300000, 0x00000000e0400000, 0x00000000e0400000|100%| O|  |TAMS 0x00000000e0400000, 0x00000000e0400000| Untracked 
|   4|0x00000000e0400000, 0x00000000e0500000, 0x00000000e0500000|100%| O|  |TAMS 0x00000000e0500000, 0x00000000e0500000| Untracked 
|   5|0x00000000e0500000, 0x00000000e0600000, 0x00000000e0600000|100%| O|  |TAMS 0x00000000e0600000, 0x00000000e0600000| Untracked 
|   6|0x00000000e0600000, 0x00000000e06c1e00, 0x00000000e0700000| 75%| O|  |TAMS 0x00000000e06c1e00, 0x00000000e06c1e00| Untracked 
|   7|0x00000000e0700000, 0x00000000e0800000, 0x00000000e0800000|100%| O|  |TAMS 0x00000000e0800000, 0x00000000e0800000| Untracked 
|   8|0x00000000e0800000, 0x00000000e0900000, 0x00000000e0900000|100%| O|  |TAMS 0x00000000e0900000, 0x00000000e0900000| Untracked 
|   9|0x00000000e0900000, 0x00000000e0a00000, 0x00000000e0a00000|100%| O|  |TAMS 0x00000000e0a00000, 0x00000000e0a00000| Untracked 
|  10|0x00000000e0a00000, 0x00000000e0b00000, 0x00000000e0b00000|100%| O|  |TAMS 0x00000000e0b00000, 0x00000000e0b00000| Untracked 
|  11|0x00000000e0b00000, 0x00000000e0c00000, 0x00000000e0c00000|100%| O|  |TAMS 0x00000000e0c00000, 0x00000000e0c00000| Untracked 
|  12|0x00000000e0c00000, 0x00000000e0d00000, 0x00000000e0d00000|100%| O|  |TAMS 0x00000000e0d00000, 0x00000000e0d00000| Untracked 
|  13|0x00000000e0d00000, 0x00000000e0e00000, 0x00000000e0e00000|100%| O|  |TAMS 0x00000000e0e00000, 0x00000000e0e00000| Untracked 
|  14|0x00000000e0e00000, 0x00000000e0f00000, 0x00000000e0f00000|100%|HS|  |TAMS 0x00000000e0f00000, 0x00000000e0f00000| Complete 
|  15|0x00000000e0f00000, 0x00000000e1000000, 0x00000000e1000000|100%|HC|  |TAMS 0x00000000e1000000, 0x00000000e1000000| Complete 
|  16|0x00000000e1000000, 0x00000000e1100000, 0x00000000e1100000|100%|HC|  |TAMS 0x00000000e1100000, 0x00000000e1100000| Complete 
|  17|0x00000000e1100000, 0x00000000e1200000, 0x00000000e1200000|100%|HC|  |TAMS 0x00000000e1200000, 0x00000000e1200000| Complete 
|  18|0x00000000e1200000, 0x00000000e1300000, 0x00000000e1300000|100%|HC|  |TAMS 0x00000000e1300000, 0x00000000e1300000| Complete 
|  19|0x00000000e1300000, 0x00000000e1400000, 0x00000000e1400000|100%|HC|  |TAMS 0x00000000e1400000, 0x00000000e1400000| Complete 
|  20|0x00000000e1400000, 0x00000000e1500000, 0x00000000e1500000|100%| O|  |TAMS 0x00000000e1500000, 0x00000000e1500000| Untracked 
|  21|0x00000000e1500000, 0x00000000e1600000, 0x00000000e1600000|100%| O|  |TAMS 0x00000000e1600000, 0x00000000e1600000| Untracked 
|  22|0x00000000e1600000, 0x00000000e1700000, 0x00000000e1700000|100%| O|  |TAMS 0x00000000e1700000, 0x00000000e1700000| Untracked 
|  23|0x00000000e1700000, 0x00000000e1800000, 0x00000000e1800000|100%|HS|  |TAMS 0x00000000e1800000, 0x00000000e1800000| Complete 
|  24|0x00000000e1800000, 0x00000000e1900000, 0x00000000e1900000|100%| O|  |TAMS 0x00000000e1900000, 0x00000000e1900000| Untracked 
|  25|0x00000000e1900000, 0x00000000e1a00000, 0x00000000e1a00000|100%|HS|  |TAMS 0x00000000e1a00000, 0x00000000e1a00000| Complete 
|  26|0x00000000e1a00000, 0x00000000e1b00000, 0x00000000e1b00000|100%| O|  |TAMS 0x00000000e1b00000, 0x00000000e1b00000| Untracked 
|  27|0x00000000e1b00000, 0x00000000e1ba8c00, 0x00000000e1c00000| 65%| O|  |TAMS 0x00000000e1ba0600, 0x00000000e1ba4c00| Untracked 
|  28|0x00000000e1c00000, 0x00000000e1d00000, 0x00000000e1d00000|100%|HS|  |TAMS 0x00000000e1d00000, 0x00000000e1d00000| Complete 
|  29|0x00000000e1d00000, 0x00000000e1e00000, 0x00000000e1e00000|100%|HC|  |TAMS 0x00000000e1e00000, 0x00000000e1e00000| Complete 
|  30|0x00000000e1e00000, 0x00000000e1f00000, 0x00000000e1f00000|100%|HS|  |TAMS 0x00000000e1f00000, 0x00000000e1f00000| Complete 
|  31|0x00000000e1f00000, 0x00000000e2000000, 0x00000000e2000000|100%|HC|  |TAMS 0x00000000e2000000, 0x00000000e2000000| Complete 
|  32|0x00000000e2000000, 0x00000000e2100000, 0x00000000e2100000|100%|HS|  |TAMS 0x00000000e2100000, 0x00000000e2100000| Complete 
|  33|0x00000000e2100000, 0x00000000e2200000, 0x00000000e2200000|100%|HS|  |TAMS 0x00000000e2200000, 0x00000000e2200000| Complete 
|  34|0x00000000e2200000, 0x00000000e2300000, 0x00000000e2300000|100%|HC|  |TAMS 0x00000000e2300000, 0x00000000e2300000| Complete 
|  35|0x00000000e2300000, 0x00000000e2400000, 0x00000000e2400000|100%|HS|  |TAMS 0x00000000e2400000, 0x00000000e2400000| Complete 
|  36|0x00000000e2400000, 0x00000000e2500000, 0x00000000e2500000|100%|HC|  |TAMS 0x00000000e2500000, 0x00000000e2500000| Complete 
|  37|0x00000000e2500000, 0x00000000e2600000, 0x00000000e2600000|100%|HS|  |TAMS 0x00000000e2600000, 0x00000000e2600000| Complete 
|  38|0x00000000e2600000, 0x00000000e2700000, 0x00000000e2700000|100%|HC|  |TAMS 0x00000000e2700000, 0x00000000e2700000| Complete 
|  39|0x00000000e2700000, 0x00000000e2800000, 0x00000000e2800000|100%|HS|  |TAMS 0x00000000e2800000, 0x00000000e2800000| Complete 
|  40|0x00000000e2800000, 0x00000000e2900000, 0x00000000e2900000|100%|HS|  |TAMS 0x00000000e2900000, 0x00000000e2900000| Complete 
|  41|0x00000000e2900000, 0x00000000e2a00000, 0x00000000e2a00000|100%|HC|  |TAMS 0x00000000e2a00000, 0x00000000e2a00000| Complete 
|  42|0x00000000e2a00000, 0x00000000e2b00000, 0x00000000e2b00000|100%|HS|  |TAMS 0x00000000e2b00000, 0x00000000e2b00000| Complete 
|  43|0x00000000e2b00000, 0x00000000e2c00000, 0x00000000e2c00000|100%|HC|  |TAMS 0x00000000e2c00000, 0x00000000e2c00000| Complete 
|  44|0x00000000e2c00000, 0x00000000e2d00000, 0x00000000e2d00000|100%|HS|  |TAMS 0x00000000e2d00000, 0x00000000e2d00000| Complete 
|  45|0x00000000e2d00000, 0x00000000e2e00000, 0x00000000e2e00000|100%|HC|  |TAMS 0x00000000e2e00000, 0x00000000e2e00000| Complete 
|  46|0x00000000e2e00000, 0x00000000e2f00000, 0x00000000e2f00000|100%|HS|  |TAMS 0x00000000e2f00000, 0x00000000e2f00000| Complete 
|  47|0x00000000e2f00000, 0x00000000e3000000, 0x00000000e3000000|100%|HC|  |TAMS 0x00000000e3000000, 0x00000000e3000000| Complete 
|  48|0x00000000e3000000, 0x00000000e3100000, 0x00000000e3100000|100%|HS|  |TAMS 0x00000000e3100000, 0x00000000e3100000| Complete 
|  49|0x00000000e3100000, 0x00000000e3200000, 0x00000000e3200000|100%|HS|  |TAMS 0x00000000e3200000, 0x00000000e3200000| Complete 
|  50|0x00000000e3200000, 0x00000000e3300000, 0x00000000e3300000|100%|HS|  |TAMS 0x00000000e3300000, 0x00000000e3300000| Complete 
|  51|0x00000000e3300000, 0x00000000e3400000, 0x00000000e3400000|100%|HC|  |TAMS 0x00000000e3400000, 0x00000000e3400000| Complete 
|  52|0x00000000e3400000, 0x00000000e3500000, 0x00000000e3500000|100%|HC|  |TAMS 0x00000000e3500000, 0x00000000e3500000| Complete 
|  53|0x00000000e3500000, 0x00000000e3600000, 0x00000000e3600000|100%|HS|  |TAMS 0x00000000e3600000, 0x00000000e3600000| Complete 
|  54|0x00000000e3600000, 0x00000000e3700000, 0x00000000e3700000|100%|HC|  |TAMS 0x00000000e3700000, 0x00000000e3700000| Complete 
|  55|0x00000000e3700000, 0x00000000e3800000, 0x00000000e3800000|100%|HS|  |TAMS 0x00000000e3800000, 0x00000000e3800000| Complete 
|  56|0x00000000e3800000, 0x00000000e3900000, 0x00000000e3900000|100%|HC|  |TAMS 0x00000000e3900000, 0x00000000e3900000| Complete 
|  57|0x00000000e3900000, 0x00000000e3a00000, 0x00000000e3a00000|100%|HS|  |TAMS 0x00000000e3a00000, 0x00000000e3a00000| Complete 
|  58|0x00000000e3a00000, 0x00000000e3b00000, 0x00000000e3b00000|100%|HC|  |TAMS 0x00000000e3b00000, 0x00000000e3b00000| Complete 
|  59|0x00000000e3b00000, 0x00000000e3c00000, 0x00000000e3c00000|100%|HS|  |TAMS 0x00000000e3c00000, 0x00000000e3c00000| Complete 
|  60|0x00000000e3c00000, 0x00000000e3c00000, 0x00000000e3d00000|  0%| F|  |TAMS 0x00000000e3c00000, 0x00000000e3c00000| Untracked 
|  61|0x00000000e3d00000, 0x00000000e3d00000, 0x00000000e3e00000|  0%| F|  |TAMS 0x00000000e3d00000, 0x00000000e3d00000| Untracked 
|  62|0x00000000e3e00000, 0x00000000e3f00000, 0x00000000e3f00000|100%|HS|  |TAMS 0x00000000e3f00000, 0x00000000e3f00000| Complete 
|  63|0x00000000e3f00000, 0x00000000e4000000, 0x00000000e4000000|100%|HC|  |TAMS 0x00000000e4000000, 0x00000000e4000000| Complete 
|  64|0x00000000e4000000, 0x00000000e4100000, 0x00000000e4100000|100%|HS|  |TAMS 0x00000000e4100000, 0x00000000e4100000| Complete 
|  65|0x00000000e4100000, 0x00000000e4200000, 0x00000000e4200000|100%|HS|  |TAMS 0x00000000e4200000, 0x00000000e4200000| Complete 
|  66|0x00000000e4200000, 0x00000000e4300000, 0x00000000e4300000|100%|HC|  |TAMS 0x00000000e4300000, 0x00000000e4300000| Complete 
|  67|0x00000000e4300000, 0x00000000e4400000, 0x00000000e4400000|100%|HS|  |TAMS 0x00000000e4400000, 0x00000000e4400000| Complete 
|  68|0x00000000e4400000, 0x00000000e4500000, 0x00000000e4500000|100%|HS|  |TAMS 0x00000000e4500000, 0x00000000e4500000| Complete 
|  69|0x00000000e4500000, 0x00000000e4600000, 0x00000000e4600000|100%|HC|  |TAMS 0x00000000e4600000, 0x00000000e4600000| Complete 
|  70|0x00000000e4600000, 0x00000000e4700000, 0x00000000e4700000|100%|HS|  |TAMS 0x00000000e4600000, 0x00000000e4700000| Complete 
|  71|0x00000000e4700000, 0x00000000e4800000, 0x00000000e4800000|100%|HC|  |TAMS 0x00000000e4700000, 0x00000000e4800000| Complete 
|  72|0x00000000e4800000, 0x00000000e4900000, 0x00000000e4900000|100%|HS|  |TAMS 0x00000000e4900000, 0x00000000e4900000| Complete 
|  73|0x00000000e4900000, 0x00000000e4a00000, 0x00000000e4a00000|100%|HC|  |TAMS 0x00000000e4a00000, 0x00000000e4a00000| Complete 
|  74|0x00000000e4a00000, 0x00000000e4a00000, 0x00000000e4b00000|  0%| F|  |TAMS 0x00000000e4a00000, 0x00000000e4a00000| Untracked 
|  75|0x00000000e4b00000, 0x00000000e4b00000, 0x00000000e4c00000|  0%| F|  |TAMS 0x00000000e4b00000, 0x00000000e4b00000| Untracked 
|  76|0x00000000e4c00000, 0x00000000e4c00000, 0x00000000e4d00000|  0%| F|  |TAMS 0x00000000e4c00000, 0x00000000e4c00000| Untracked 
|  77|0x00000000e4d00000, 0x00000000e4e00000, 0x00000000e4e00000|100%|HS|  |TAMS 0x00000000e4e00000, 0x00000000e4e00000| Complete 
|  78|0x00000000e4e00000, 0x00000000e4e00000, 0x00000000e4f00000|  0%| F|  |TAMS 0x00000000e4e00000, 0x00000000e4e00000| Untracked 
|  79|0x00000000e4f00000, 0x00000000e4f00000, 0x00000000e5000000|  0%| F|  |TAMS 0x00000000e4f00000, 0x00000000e4f00000| Untracked 
|  80|0x00000000e5000000, 0x00000000e5000000, 0x00000000e5100000|  0%| F|  |TAMS 0x00000000e5000000, 0x00000000e5000000| Untracked 
|  81|0x00000000e5100000, 0x00000000e5100000, 0x00000000e5200000|  0%| F|  |TAMS 0x00000000e5100000, 0x00000000e5100000| Untracked 
|  82|0x00000000e5200000, 0x00000000e5300000, 0x00000000e5300000|100%|HS|  |TAMS 0x00000000e5300000, 0x00000000e5300000| Complete 
|  83|0x00000000e5300000, 0x00000000e5400000, 0x00000000e5400000|100%|HC|  |TAMS 0x00000000e5400000, 0x00000000e5400000| Complete 
|  84|0x00000000e5400000, 0x00000000e5500000, 0x00000000e5500000|100%|HC|  |TAMS 0x00000000e5500000, 0x00000000e5500000| Complete 
|  85|0x00000000e5500000, 0x00000000e5600000, 0x00000000e5600000|100%|HC|  |TAMS 0x00000000e5600000, 0x00000000e5600000| Complete 
|  86|0x00000000e5600000, 0x00000000e5700000, 0x00000000e5700000|100%|HS|  |TAMS 0x00000000e5600000, 0x00000000e5600000| Complete 
|  87|0x00000000e5700000, 0x00000000e5800000, 0x00000000e5800000|100%|HC|  |TAMS 0x00000000e5700000, 0x00000000e5700000| Complete 
|  88|0x00000000e5800000, 0x00000000e5900000, 0x00000000e5900000|100%|HC|  |TAMS 0x00000000e5800000, 0x00000000e5800000| Complete 
|  89|0x00000000e5900000, 0x00000000e5a00000, 0x00000000e5a00000|100%|HC|  |TAMS 0x00000000e5900000, 0x00000000e5900000| Complete 
|  90|0x00000000e5a00000, 0x00000000e5b00000, 0x00000000e5b00000|100%|HC|  |TAMS 0x00000000e5a00000, 0x00000000e5a00000| Complete 
|  91|0x00000000e5b00000, 0x00000000e5b00000, 0x00000000e5c00000|  0%| F|  |TAMS 0x00000000e5b00000, 0x00000000e5b00000| Untracked 
|  92|0x00000000e5c00000, 0x00000000e5c00000, 0x00000000e5d00000|  0%| F|  |TAMS 0x00000000e5c00000, 0x00000000e5c00000| Untracked 
|  93|0x00000000e5d00000, 0x00000000e5d00000, 0x00000000e5e00000|  0%| F|  |TAMS 0x00000000e5d00000, 0x00000000e5d00000| Untracked 
|  94|0x00000000e5e00000, 0x00000000e5e00000, 0x00000000e5f00000|  0%| F|  |TAMS 0x00000000e5e00000, 0x00000000e5e00000| Untracked 
|  95|0x00000000e5f00000, 0x00000000e5f00000, 0x00000000e6000000|  0%| F|  |TAMS 0x00000000e5f00000, 0x00000000e5f00000| Untracked 
|  96|0x00000000e6000000, 0x00000000e6000000, 0x00000000e6100000|  0%| F|  |TAMS 0x00000000e6000000, 0x00000000e6000000| Untracked 
|  97|0x00000000e6100000, 0x00000000e6100000, 0x00000000e6200000|  0%| F|  |TAMS 0x00000000e6100000, 0x00000000e6100000| Untracked 
|  98|0x00000000e6200000, 0x00000000e6200000, 0x00000000e6300000|  0%| F|  |TAMS 0x00000000e6200000, 0x00000000e6200000| Untracked 
|  99|0x00000000e6300000, 0x00000000e6300000, 0x00000000e6400000|  0%| F|  |TAMS 0x00000000e6300000, 0x00000000e6300000| Untracked 
| 100|0x00000000e6400000, 0x00000000e6400000, 0x00000000e6500000|  0%| F|  |TAMS 0x00000000e6400000, 0x00000000e6400000| Untracked 
| 101|0x00000000e6500000, 0x00000000e6500000, 0x00000000e6600000|  0%| F|  |TAMS 0x00000000e6500000, 0x00000000e6500000| Untracked 
| 102|0x00000000e6600000, 0x00000000e6600000, 0x00000000e6700000|  0%| F|  |TAMS 0x00000000e6600000, 0x00000000e6600000| Untracked 
| 103|0x00000000e6700000, 0x00000000e6700000, 0x00000000e6800000|  0%| F|  |TAMS 0x00000000e6700000, 0x00000000e6700000| Untracked 
| 104|0x00000000e6800000, 0x00000000e6800000, 0x00000000e6900000|  0%| F|  |TAMS 0x00000000e6800000, 0x00000000e6800000| Untracked 
| 105|0x00000000e6900000, 0x00000000e6900000, 0x00000000e6a00000|  0%| F|  |TAMS 0x00000000e6900000, 0x00000000e6900000| Untracked 
| 106|0x00000000e6a00000, 0x00000000e6a00000, 0x00000000e6b00000|  0%| F|  |TAMS 0x00000000e6a00000, 0x00000000e6a00000| Untracked 
| 107|0x00000000e6b00000, 0x00000000e6b00000, 0x00000000e6c00000|  0%| F|  |TAMS 0x00000000e6b00000, 0x00000000e6b00000| Untracked 
| 108|0x00000000e6c00000, 0x00000000e6c00000, 0x00000000e6d00000|  0%| F|  |TAMS 0x00000000e6c00000, 0x00000000e6c00000| Untracked 
| 109|0x00000000e6d00000, 0x00000000e6d00000, 0x00000000e6e00000|  0%| F|  |TAMS 0x00000000e6d00000, 0x00000000e6d00000| Untracked 
| 110|0x00000000e6e00000, 0x00000000e6e00000, 0x00000000e6f00000|  0%| F|  |TAMS 0x00000000e6e00000, 0x00000000e6e00000| Untracked 
| 111|0x00000000e6f00000, 0x00000000e6f00000, 0x00000000e7000000|  0%| F|  |TAMS 0x00000000e6f00000, 0x00000000e6f00000| Untracked 
| 112|0x00000000e7000000, 0x00000000e7000000, 0x00000000e7100000|  0%| F|  |TAMS 0x00000000e7000000, 0x00000000e7000000| Untracked 
| 113|0x00000000e7100000, 0x00000000e7100000, 0x00000000e7200000|  0%| F|  |TAMS 0x00000000e7100000, 0x00000000e7100000| Untracked 
| 114|0x00000000e7200000, 0x00000000e7200000, 0x00000000e7300000|  0%| F|  |TAMS 0x00000000e7200000, 0x00000000e7200000| Untracked 
| 115|0x00000000e7300000, 0x00000000e7300000, 0x00000000e7400000|  0%| F|  |TAMS 0x00000000e7300000, 0x00000000e7300000| Untracked 
| 116|0x00000000e7400000, 0x00000000e7400000, 0x00000000e7500000|  0%| F|  |TAMS 0x00000000e7400000, 0x00000000e7400000| Untracked 
| 117|0x00000000e7500000, 0x00000000e7500000, 0x00000000e7600000|  0%| F|  |TAMS 0x00000000e7500000, 0x00000000e7500000| Untracked 
| 118|0x00000000e7600000, 0x00000000e7600000, 0x00000000e7700000|  0%| F|  |TAMS 0x00000000e7600000, 0x00000000e7600000| Untracked 
| 119|0x00000000e7700000, 0x00000000e7700000, 0x00000000e7800000|  0%| F|  |TAMS 0x00000000e7700000, 0x00000000e7700000| Untracked 
| 120|0x00000000e7800000, 0x00000000e7800000, 0x00000000e7900000|  0%| F|  |TAMS 0x00000000e7800000, 0x00000000e7800000| Untracked 
| 121|0x00000000e7900000, 0x00000000e7989eb8, 0x00000000e7a00000| 53%| S|CS|TAMS 0x00000000e7900000, 0x00000000e7900000| Complete 
| 122|0x00000000e7a00000, 0x00000000e7a00000, 0x00000000e7b00000|  0%| F|  |TAMS 0x00000000e7a00000, 0x00000000e7a00000| Untracked 
| 123|0x00000000e7b00000, 0x00000000e7b00000, 0x00000000e7c00000|  0%| F|  |TAMS 0x00000000e7b00000, 0x00000000e7b00000| Untracked 
| 124|0x00000000e7c00000, 0x00000000e7c00000, 0x00000000e7d00000|  0%| F|  |TAMS 0x00000000e7c00000, 0x00000000e7c00000| Untracked 
| 125|0x00000000e7d00000, 0x00000000e7d00000, 0x00000000e7e00000|  0%| F|  |TAMS 0x00000000e7d00000, 0x00000000e7d00000| Untracked 
| 126|0x00000000e7e00000, 0x00000000e7e00000, 0x00000000e7f00000|  0%| F|  |TAMS 0x00000000e7e00000, 0x00000000e7e00000| Untracked 
| 127|0x00000000e7f00000, 0x00000000e7f00000, 0x00000000e8000000|  0%| F|  |TAMS 0x00000000e7f00000, 0x00000000e7f00000| Untracked 
| 128|0x00000000e8000000, 0x00000000e8000000, 0x00000000e8100000|  0%| F|  |TAMS 0x00000000e8000000, 0x00000000e8000000| Untracked 
| 129|0x00000000e8100000, 0x00000000e8100000, 0x00000000e8200000|  0%| F|  |TAMS 0x00000000e8100000, 0x00000000e8100000| Untracked 
| 130|0x00000000e8200000, 0x00000000e8200000, 0x00000000e8300000|  0%| F|  |TAMS 0x00000000e8200000, 0x00000000e8200000| Untracked 
| 131|0x00000000e8300000, 0x00000000e8300000, 0x00000000e8400000|  0%| F|  |TAMS 0x00000000e8300000, 0x00000000e8300000| Untracked 
| 132|0x00000000e8400000, 0x00000000e8400000, 0x00000000e8500000|  0%| F|  |TAMS 0x00000000e8400000, 0x00000000e8400000| Untracked 
| 133|0x00000000e8500000, 0x00000000e8500000, 0x00000000e8600000|  0%| F|  |TAMS 0x00000000e8500000, 0x00000000e8500000| Untracked 
| 134|0x00000000e8600000, 0x00000000e8600000, 0x00000000e8700000|  0%| F|  |TAMS 0x00000000e8600000, 0x00000000e8600000| Untracked 
| 135|0x00000000e8700000, 0x00000000e8700000, 0x00000000e8800000|  0%| F|  |TAMS 0x00000000e8700000, 0x00000000e8700000| Untracked 
| 136|0x00000000e8800000, 0x00000000e8800000, 0x00000000e8900000|  0%| F|  |TAMS 0x00000000e8800000, 0x00000000e8800000| Untracked 
| 137|0x00000000e8900000, 0x00000000e8900000, 0x00000000e8a00000|  0%| F|  |TAMS 0x00000000e8900000, 0x00000000e8900000| Untracked 
| 138|0x00000000e8a00000, 0x00000000e8a00000, 0x00000000e8b00000|  0%| F|  |TAMS 0x00000000e8a00000, 0x00000000e8a00000| Untracked 
| 139|0x00000000e8b00000, 0x00000000e8b00000, 0x00000000e8c00000|  0%| F|  |TAMS 0x00000000e8b00000, 0x00000000e8b00000| Untracked 
| 140|0x00000000e8c00000, 0x00000000e8c08898, 0x00000000e8d00000|  3%| E|  |TAMS 0x00000000e8c00000, 0x00000000e8c00000| Complete 
| 511|0x00000000fff00000, 0x0000000100000000, 0x0000000100000000|100%| O|  |TAMS 0x0000000100000000, 0x0000000100000000| Untracked 

Card table byte_map: [0x0000025c75260000,0x0000025c75360000] _byte_map_base: 0x0000025c74b60000

Marking Bits (Prev, Next): (CMBitMap*) 0x0000025c5c1d6b58, (CMBitMap*) 0x0000025c5c1d6b18
 Prev Bits: [0x0000025c75c60000, 0x0000025c76460000)
 Next Bits: [0x0000025c75460000, 0x0000025c75c60000)

Polling page: 0x0000025c5c040000

Metaspace:

Usage:
  Non-class:     35.88 MB capacity,    35.46 MB ( 99%) used,   365.29 KB ( <1%) free+waste,    74.38 KB ( <1%) overhead. 
      Class:      5.06 MB capacity,     4.79 MB ( 95%) used,   236.50 KB (  5%) free+waste,    35.44 KB ( <1%) overhead. 
       Both:     40.94 MB capacity,    40.25 MB ( 98%) used,   601.79 KB (  1%) free+waste,   109.81 KB ( <1%) overhead. 

Virtual space:
  Non-class space:       36.00 MB reserved,      35.92 MB (>99%) committed 
      Class space:        1.00 GB reserved,       5.13 MB ( <1%) committed 
             Both:        1.04 GB reserved,      41.05 MB (  4%) committed 

Chunk freelists:
   Non-Class:  38.00 KB
       Class:  7.00 KB
        Both:  45.00 KB

MaxMetaspaceSize: 17179869184.00 GB
CompressedClassSpaceSize: 1.00 GB

CodeHeap 'non-profiled nmethods': size=120000Kb used=3163Kb max_used=3192Kb free=116836Kb
 bounds [0x0000025c6d1d0000, 0x0000025c6d4f0000, 0x0000025c74700000]
CodeHeap 'profiled nmethods': size=120000Kb used=11180Kb max_used=11359Kb free=108819Kb
 bounds [0x0000025c65ca0000, 0x0000025c667e0000, 0x0000025c6d1d0000]
CodeHeap 'non-nmethods': size=5760Kb used=1410Kb max_used=1468Kb free=4349Kb
 bounds [0x0000025c65700000, 0x0000025c65970000, 0x0000025c65ca0000]
 total_blobs=8819 nmethods=5006 adapters=640
 compilation: enabled
              stopped_count=0, restarted_count=0
 full_count=0

Compilation events (20 events):
Event: 2979.432 Thread 0x0000025c797b7800 6049   !   4       java.util.concurrent.locks.AbstractQueuedSynchronizer$ConditionObject::await (159 bytes)
Event: 2979.455 Thread 0x0000025c797b7800 nmethod 6049 0x0000025c6d4ec110 code [0x0000025c6d4ec420, 0x0000025c6d4ed0a8]
Event: 3045.573 Thread 0x0000025c797b7800 6050       4       java.util.concurrent.locks.AbstractQueuedSynchronizer$ConditionObject::doSignal (54 bytes)
Event: 3045.580 Thread 0x0000025c797b7800 nmethod 6050 0x0000025c6d4ed810 code [0x0000025c6d4ed9e0, 0x0000025c6d4ee038]
Event: 3308.143 Thread 0x0000025c797b7800 6051       4       java.awt.EventQueue::coalesceEvent (86 bytes)
Event: 3308.147 Thread 0x0000025c797b7800 nmethod 6051 0x0000025c6d48a410 code [0x0000025c6d48a640, 0x0000025c6d48aa58]
Event: 3672.425 Thread 0x0000025c797b7800 6052   !   4       sun.awt.PostEventQueue::flush (168 bytes)
Event: 3672.572 Thread 0x0000025c797b7800 nmethod 6052 0x0000025c6d49c310 code [0x0000025c6d49cc40, 0x0000025c6d4a2e90]
Event: 3843.281 Thread 0x0000025c797b7800 6053       4       java.awt.EventQueue::getNextEventPrivate (76 bytes)
Event: 3843.289 Thread 0x0000025c797b7800 nmethod 6053 0x0000025c6d49b890 code [0x0000025c6d49bac0, 0x0000025c6d49c078]
Event: 3849.790 Thread 0x0000025c797b7800 6054       4       sun.awt.SunToolkit::flushPendingEvents (19 bytes)
Event: 3849.791 Thread 0x0000025c797b7800 nmethod 6054 0x0000025c6d489d90 code [0x0000025c6d489f60, 0x0000025c6d48a078]
Event: 4353.890 Thread 0x0000025c797b7800 6055       4       java.awt.EventQueue::eventToCacheIndex (80 bytes)
Event: 4353.891 Thread 0x0000025c797b7800 nmethod 6055 0x0000025c6d49b510 code [0x0000025c6d49b6c0, 0x0000025c6d49b7d8]
Event: 5359.664 Thread 0x0000025c797b7800 6056   !   4       java.awt.EventQueue::getNextEvent (84 bytes)
Event: 5359.693 Thread 0x0000025c797b7800 nmethod 6056 0x0000025c6d4b0790 code [0x0000025c6d4b0bc0, 0x0000025c6d4b1e70]
Event: 5360.164 Thread 0x0000025c797b7800 6057       4       java.awt.EventQueue::postEvent (172 bytes)
Event: 5360.190 Thread 0x0000025c797b7800 nmethod 6057 0x0000025c6d4c1f10 code [0x0000025c6d4c2300, 0x0000025c6d4c39e8]
Event: 6492.836 Thread 0x0000025c797b7800 6058       4       java.util.HashSet::iterator (13 bytes)
Event: 6492.854 Thread 0x0000025c797b7800 nmethod 6058 0x0000025c6d4c1090 code [0x0000025c6d4c12c0, 0x0000025c6d4c1ad8]

GC Heap History (20 events):
Event: 10.834 GC heap before
{Heap before GC invocations=48 (full 0):
 garbage-first heap   total 109568K, used 65982K [0x00000000e0000000, 0x0000000100000000)
  region size 1024K, 7 young (7168K), 1 survivors (1024K)
 Metaspace       used 40702K, capacity 41375K, committed 41520K, reserved 1085440K
  class space    used 4897K, capacity 5144K, committed 5248K, reserved 1048576K
}
Event: 10.836 GC heap after
{Heap after GC invocations=49 (full 0):
 garbage-first heap   total 109568K, used 59833K [0x00000000e0000000, 0x0000000100000000)
  region size 1024K, 1 young (1024K), 1 survivors (1024K)
 Metaspace       used 40702K, capacity 41375K, committed 41520K, reserved 1085440K
  class space    used 4897K, capacity 5144K, committed 5248K, reserved 1048576K
}
Event: 10.887 GC heap before
{Heap before GC invocations=50 (full 0):
 garbage-first heap   total 116736K, used 78265K [0x00000000e0000000, 0x0000000100000000)
  region size 1024K, 9 young (9216K), 1 survivors (1024K)
 Metaspace       used 40703K, capacity 41375K, committed 41520K, reserved 1085440K
  class space    used 4897K, capacity 5144K, committed 5248K, reserved 1048576K
}
Event: 10.888 GC heap after
{Heap after GC invocations=51 (full 0):
 garbage-first heap   total 116736K, used 64949K [0x00000000e0000000, 0x0000000100000000)
  region size 1024K, 1 young (1024K), 1 survivors (1024K)
 Metaspace       used 40703K, capacity 41375K, committed 41520K, reserved 1085440K
  class space    used 4897K, capacity 5144K, committed 5248K, reserved 1048576K
}
Event: 10.935 GC heap before
{Heap before GC invocations=52 (full 0):
 garbage-first heap   total 128000K, used 78261K [0x00000000e0000000, 0x0000000100000000)
  region size 1024K, 7 young (7168K), 1 survivors (1024K)
 Metaspace       used 40706K, capacity 41375K, committed 41520K, reserved 1085440K
  class space    used 4897K, capacity 5144K, committed 5248K, reserved 1048576K
}
Event: 10.936 GC heap after
{Heap after GC invocations=53 (full 0):
 garbage-first heap   total 128000K, used 70069K [0x00000000e0000000, 0x0000000100000000)
  region size 1024K, 1 young (1024K), 1 survivors (1024K)
 Metaspace       used 40706K, capacity 41375K, committed 41520K, reserved 1085440K
  class space    used 4897K, capacity 5144K, committed 5248K, reserved 1048576K
}
Event: 10.993 GC heap before
{Heap before GC invocations=54 (full 0):
 garbage-first heap   total 130048K, used 82357K [0x00000000e0000000, 0x0000000100000000)
  region size 1024K, 6 young (6144K), 1 survivors (1024K)
 Metaspace       used 40738K, capacity 41439K, committed 41776K, reserved 1085440K
  class space    used 4897K, capacity 5144K, committed 5248K, reserved 1048576K
}
Event: 10.995 GC heap after
{Heap after GC invocations=55 (full 0):
 garbage-first heap   total 130048K, used 72124K [0x00000000e0000000, 0x0000000100000000)
  region size 1024K, 1 young (1024K), 1 survivors (1024K)
 Metaspace       used 40738K, capacity 41439K, committed 41776K, reserved 1085440K
  class space    used 4897K, capacity 5144K, committed 5248K, reserved 1048576K
}
Event: 11.046 GC heap before
{Heap before GC invocations=56 (full 0):
 garbage-first heap   total 133120K, used 83388K [0x00000000e0000000, 0x0000000100000000)
  region size 1024K, 6 young (6144K), 1 survivors (1024K)
 Metaspace       used 40740K, capacity 41439K, committed 41776K, reserved 1085440K
  class space    used 4897K, capacity 5144K, committed 5248K, reserved 1048576K
}
Event: 11.048 GC heap after
{Heap after GC invocations=57 (full 0):
 garbage-first heap   total 133120K, used 71105K [0x00000000e0000000, 0x0000000100000000)
  region size 1024K, 1 young (1024K), 1 survivors (1024K)
 Metaspace       used 40740K, capacity 41439K, committed 41776K, reserved 1085440K
  class space    used 4897K, capacity 5144K, committed 5248K, reserved 1048576K
}
Event: 11.097 GC heap before
{Heap before GC invocations=58 (full 0):
 garbage-first heap   total 133120K, used 81345K [0x00000000e0000000, 0x0000000100000000)
  region size 1024K, 5 young (5120K), 1 survivors (1024K)
 Metaspace       used 40741K, capacity 41439K, committed 41776K, reserved 1085440K
  class space    used 4897K, capacity 5144K, committed 5248K, reserved 1048576K
}
Event: 11.098 GC heap after
{Heap after GC invocations=59 (full 0):
 garbage-first heap   total 133120K, used 73174K [0x00000000e0000000, 0x0000000100000000)
  region size 1024K, 1 young (1024K), 1 survivors (1024K)
 Metaspace       used 40741K, capacity 41439K, committed 41776K, reserved 1085440K
  class space    used 4897K, capacity 5144K, committed 5248K, reserved 1048576K
}
Event: 11.142 GC heap before
{Heap before GC invocations=60 (full 0):
 garbage-first heap   total 138240K, used 85462K [0x00000000e0000000, 0x0000000100000000)
  region size 1024K, 6 young (6144K), 1 survivors (1024K)
 Metaspace       used 40752K, capacity 41439K, committed 41776K, reserved 1085440K
  class space    used 4897K, capacity 5144K, committed 5248K, reserved 1048576K
}
Event: 11.143 GC heap after
{Heap after GC invocations=61 (full 0):
 garbage-first heap   total 138240K, used 74193K [0x00000000e0000000, 0x0000000100000000)
  region size 1024K, 1 young (1024K), 1 survivors (1024K)
 Metaspace       used 40752K, capacity 41439K, committed 41776K, reserved 1085440K
  class space    used 4897K, capacity 5144K, committed 5248K, reserved 1048576K
}
Event: 11.185 GC heap before
{Heap before GC invocations=62 (full 0):
 garbage-first heap   total 138240K, used 85457K [0x00000000e0000000, 0x0000000100000000)
  region size 1024K, 5 young (5120K), 1 survivors (1024K)
 Metaspace       used 40752K, capacity 41439K, committed 41776K, reserved 1085440K
  class space    used 4897K, capacity 5144K, committed 5248K, reserved 1048576K
}
Event: 11.186 GC heap after
{Heap after GC invocations=63 (full 0):
 garbage-first heap   total 138240K, used 79326K [0x00000000e0000000, 0x0000000100000000)
  region size 1024K, 1 young (1024K), 1 survivors (1024K)
 Metaspace       used 40752K, capacity 41439K, committed 41776K, reserved 1085440K
  class space    used 4897K, capacity 5144K, committed 5248K, reserved 1048576K
}
Event: 11.240 GC heap before
{Heap before GC invocations=64 (full 0):
 garbage-first heap   total 145408K, used 92638K [0x00000000e0000000, 0x0000000100000000)
  region size 1024K, 7 young (7168K), 1 survivors (1024K)
 Metaspace       used 40755K, capacity 41439K, committed 41776K, reserved 1085440K
  class space    used 4897K, capacity 5144K, committed 5248K, reserved 1048576K
}
Event: 11.241 GC heap after
{Heap after GC invocations=65 (full 0):
 garbage-first heap   total 145408K, used 82413K [0x00000000e0000000, 0x0000000100000000)
  region size 1024K, 1 young (1024K), 1 survivors (1024K)
 Metaspace       used 40755K, capacity 41439K, committed 41776K, reserved 1085440K
  class space    used 4897K, capacity 5144K, committed 5248K, reserved 1048576K
}
Event: 6492.864 GC heap before
{Heap before GC invocations=66 (full 0):
 garbage-first heap   total 145408K, used 101869K [0x00000000e0000000, 0x0000000100000000)
  region size 1024K, 19 young (19456K), 1 survivors (1024K)
 Metaspace       used 41211K, capacity 41923K, committed 42032K, reserved 1085440K
  class space    used 4905K, capacity 5177K, committed 5248K, reserved 1048576K
}
Event: 6492.925 GC heap after
{Heap after GC invocations=67 (full 0):
 garbage-first heap   total 145408K, used 79826K [0x00000000e0000000, 0x0000000100000000)
  region size 1024K, 1 young (1024K), 1 survivors (1024K)
 Metaspace       used 41211K, capacity 41923K, committed 42032K, reserved 1085440K
  class space    used 4905K, capacity 5177K, committed 5248K, reserved 1048576K
}

Deoptimization events (20 events):
Event: 2819.498 Thread 0x0000025c79e36800 Uncommon trap: trap_request=0xffffff45 fr.pc=0x0000025c6d489fac relative=0x000000000000006c
Event: 2819.498 Thread 0x0000025c79e36800 Uncommon trap: reason=unstable_if action=reinterpret pc=0x0000025c6d489fac method=java.awt.EventQueue.eventToCacheIndex(Ljava/awt/AWTEvent;)I @ 71 c2
Event: 2819.498 Thread 0x0000025c79e36800 DEOPT PACKING pc=0x0000025c6d489fac sp=0x000000f464bfeb60
Event: 2819.498 Thread 0x0000025c79e36800 DEOPT UNPACKING pc=0x0000025c6574912f sp=0x000000f464bfeaf8 mode 2
Event: 2819.498 Thread 0x0000025c79e36800 Uncommon trap: trap_request=0xffffff45 fr.pc=0x0000025c6d48a6f0 relative=0x0000000000000330
Event: 2819.498 Thread 0x0000025c79e36800 Uncommon trap: reason=unstable_if action=reinterpret pc=0x0000025c6d48a6f0 method=java.awt.EventQueue.eventToCacheIndex(Ljava/awt/AWTEvent;)I @ 71 c2
Event: 2819.498 Thread 0x0000025c79e36800 DEOPT PACKING pc=0x0000025c6d48a6f0 sp=0x000000f464bfedf0
Event: 2819.498 Thread 0x0000025c79e36800 DEOPT UNPACKING pc=0x0000025c6574912f sp=0x000000f464bfecc8 mode 2
Event: 2819.498 Thread 0x0000025c79e36800 Uncommon trap: trap_request=0xffffffde fr.pc=0x0000025c6d4af09c relative=0x00000000000007dc
Event: 2819.498 Thread 0x0000025c79e36800 Uncommon trap: reason=class_check action=maybe_recompile pc=0x0000025c6d4af09c method=java.awt.EventQueue.setCurrentEventAndMostRecentTimeImpl(Ljava/awt/AWTEvent;)V @ 141 c2
Event: 2819.498 Thread 0x0000025c79e36800 DEOPT PACKING pc=0x0000025c6d4af09c sp=0x000000f464bfedd0
Event: 2819.498 Thread 0x0000025c79e36800 DEOPT UNPACKING pc=0x0000025c6574912f sp=0x000000f464bfed70 mode 2
Event: 6492.837 Thread 0x0000025c79e36800 Uncommon trap: trap_request=0xffffffde fr.pc=0x0000025c6d4af09c relative=0x00000000000007dc
Event: 6492.837 Thread 0x0000025c79e36800 Uncommon trap: reason=class_check action=maybe_recompile pc=0x0000025c6d4af09c method=java.awt.EventQueue.setCurrentEventAndMostRecentTimeImpl(Ljava/awt/AWTEvent;)V @ 141 c2
Event: 6492.837 Thread 0x0000025c79e36800 DEOPT PACKING pc=0x0000025c6d4af09c sp=0x000000f464bfedd0
Event: 6492.837 Thread 0x0000025c79e36800 DEOPT UNPACKING pc=0x0000025c6574912f sp=0x000000f464bfed70 mode 2
Event: 6492.849 Thread 0x0000025c79e36800 Uncommon trap: trap_request=0xffffff45 fr.pc=0x0000025c6d4df334 relative=0x00000000000053f4
Event: 6492.849 Thread 0x0000025c79e36800 Uncommon trap: reason=unstable_if action=reinterpret pc=0x0000025c6d4df334 method=java.awt.datatransfer.DataFlavor.equals(Ljava/awt/datatransfer/DataFlavor;)Z @ 71 c2
Event: 6492.849 Thread 0x0000025c79e36800 DEOPT PACKING pc=0x0000025c6d4df334 sp=0x000000f464bfe950
Event: 6492.851 Thread 0x0000025c79e36800 DEOPT UNPACKING pc=0x0000025c6574912f sp=0x000000f464bfe9e0 mode 2

Classes unloaded (0 events):
No events

Classes redefined (0 events):
No events

Internal exceptions (20 events):
Event: 7.617 Thread 0x0000025c79e36800 Exception <a 'java/lang/NoSuchMethodError'{0x00000000e775c0a8}: static Lcom/xmlmind/xml/wxs/datatype/NonStringType;.<clinit>()V> (0x00000000e775c0a8) 
thrown [t:/workspace/open/src/hotspot/share/prims/jni.cpp, line 1348]
Event: 7.626 Thread 0x0000025c79e36800 Exception <a 'java/lang/NoSuchMethodError'{0x00000000e77864d8}: static Lcom/xmlmind/xml/wxs/datatype/Pattern;.<clinit>()V> (0x00000000e77864d8) 
thrown [t:/workspace/open/src/hotspot/share/prims/jni.cpp, line 1348]
Event: 7.637 Thread 0x0000025c79e36800 Exception <a 'java/lang/NoSuchMethodError'{0x00000000e77d4ca8}: 'int java.lang.invoke.DirectMethodHandle$Holder.invokeSpecialIFC(java.lang.Object, java.lang.Object, int)'> (0x00000000e77d4ca8) 
thrown [t:/workspace/open/src/hotspot/share/interpreter/linkResolver.cpp, line 766]
Event: 7.645 Thread 0x0000025c79e36800 Exception <a 'java/lang/NoSuchMethodError'{0x00000000e7612c18}: static Lcom/xmlmind/xml/wxs/validate/IdentityConstraint;.<clinit>()V> (0x00000000e7612c18) 
thrown [t:/workspace/open/src/hotspot/share/prims/jni.cpp, line 1348]
Event: 7.647 Thread 0x0000025c79e36800 Exception <a 'java/lang/NoSuchMethodError'{0x00000000e76263f0}: static Lcom/xmlmind/xml/sxpath/XPath;.<clinit>()V> (0x00000000e76263f0) 
thrown [t:/workspace/open/src/hotspot/share/prims/jni.cpp, line 1348]
Event: 7.650 Thread 0x0000025c79e36800 Exception <a 'java/lang/NoSuchMethodError'{0x00000000e763d460}: static Ljava/lang/Object;.<clinit>()V> (0x00000000e763d460) 
thrown [t:/workspace/open/src/hotspot/share/prims/jni.cpp, line 1348]
Event: 7.651 Thread 0x0000025c79e36800 Exception <a 'java/lang/NoSuchMethodError'{0x00000000e764b5f8}: static Lcom/xmlmind/xml/sxpath/Step;.<clinit>()V> (0x00000000e764b5f8) 
thrown [t:/workspace/open/src/hotspot/share/prims/jni.cpp, line 1348]
Event: 7.653 Thread 0x0000025c79e36800 Exception <a 'java/lang/NoSuchMethodError'{0x00000000e765e180}: static Lcom/xmlmind/xml/wxs/datatype/ListValue;.<clinit>()V> (0x00000000e765e180) 
thrown [t:/workspace/open/src/hotspot/share/prims/jni.cpp, line 1348]
Event: 7.665 Thread 0x0000025c79e36800 Exception <a 'java/lang/NoSuchMethodError'{0x00000000e76b64e0}: static Lcom/xmlmind/xml/wxs/validate/Notation;.<clinit>()V> (0x00000000e76b64e0) 
thrown [t:/workspace/open/src/hotspot/share/prims/jni.cpp, line 1348]
Event: 8.375 Thread 0x0000025c79e36800 Exception <a 'java/lang/NoSuchMethodError'{0x00000000e1e32498}: 'void java.lang.invoke.DirectMethodHandle$Holder.invokeSpecial(java.lang.Object, java.lang.Object, java.lang.Object, java.lang.Object, java.lang.Object)'> (0x00000000e1e32498) 
thrown [t:/workspace/open/src/hotspot/share/interpreter/linkResolver.cpp, line 766]
Event: 8.398 Thread 0x0000025c79e36800 Exception <a 'java/lang/ClassNotFoundException'{0x00000000e1e52bc8}: sun/net/www/protocol/c/Handler> (0x00000000e1e52bc8) 
thrown [t:/workspace/open/src/hotspot/share/classfile/systemDictionary.cpp, line 226]
Event: 9.008 Thread 0x0000025c79e36800 Exception <a 'java/io/FileNotFoundException'{0x00000000e20135a8}> (0x00000000e20135a8) 
thrown [t:/workspace/open/src/hotspot/share/prims/jni.cpp, line 599]
Event: 9.010 Thread 0x0000025c79e36800 Exception <a 'java/io/FileNotFoundException'{0x00000000e201d578}> (0x00000000e201d578) 
thrown [t:/workspace/open/src/hotspot/share/prims/jni.cpp, line 599]
Event: 9.011 Thread 0x0000025c79e36800 Exception <a 'java/io/FileNotFoundException'{0x00000000e2027320}> (0x00000000e2027320) 
thrown [t:/workspace/open/src/hotspot/share/prims/jni.cpp, line 599]
Event: 9.013 Thread 0x0000025c79e36800 Exception <a 'java/io/FileNotFoundException'{0x00000000e2030bb0}> (0x00000000e2030bb0) 
thrown [t:/workspace/open/src/hotspot/share/prims/jni.cpp, line 599]
Event: 9.338 Thread 0x0000025c79e36800 Implicit null exception at 0x0000025c6d41def9 to 0x0000025c6d41e978
Event: 9.488 Thread 0x0000025c79e36800 Exception <a 'java/lang/ClassNotFoundException'{0x00000000e773e2a8}: sun/net/www/protocol/spreadsheet/Handler> (0x00000000e773e2a8) 
thrown [t:/workspace/open/src/hotspot/share/classfile/systemDictionary.cpp, line 226]
Event: 9.488 Thread 0x0000025c79e36800 Exception <a 'java/lang/ClassNotFoundException'{0x00000000e773fb60}: sun/net/www/protocol/spreadsheet/Handler> (0x00000000e773fb60) 
thrown [t:/workspace/open/src/hotspot/share/classfile/systemDictionary.cpp, line 226]
Event: 9.492 Thread 0x0000025c79e36800 Exception <a 'java/lang/ClassNotFoundException'{0x00000000e7761af0}: sun/net/www/protocol/spreadsheet/Handler> (0x00000000e7761af0) 
thrown [t:/workspace/open/src/hotspot/share/classfile/systemDictionary.cpp, line 226]
Event: 9.492 Thread 0x0000025c79e36800 Exception <a 'java/lang/ClassNotFoundException'{0x00000000e77633a8}: sun/net/www/protocol/spreadsheet/Handler> (0x00000000e77633a8) 
thrown [t:/workspace/open/src/hotspot/share/classfile/systemDictionary.cpp, line 226]

Events (20 events):
Event: 3308.147 Executing VM operation: HandshakeAllThreads done
Event: 3308.149 Thread 0x0000025c797c8000 flushing nmethod 0x0000025c65fade10
Event: 3672.569 Executing VM operation: HandshakeAllThreads
Event: 3672.569 Executing VM operation: HandshakeAllThreads done
Event: 3672.574 Thread 0x0000025c797c8000 flushing nmethod 0x0000025c66236a10
Event: 3843.289 Executing VM operation: HandshakeAllThreads
Event: 3843.289 Executing VM operation: HandshakeAllThreads done
Event: 3843.293 Thread 0x0000025c797c8000 flushing nmethod 0x0000025c66239190
Event: 4353.891 Executing VM operation: HandshakeAllThreads
Event: 4353.892 Executing VM operation: HandshakeAllThreads done
Event: 4353.897 Thread 0x0000025c797c8000 flushing nmethod 0x0000025c6644e310
Event: 5359.690 Executing VM operation: HandshakeAllThreads
Event: 5359.690 Executing VM operation: HandshakeAllThreads done
Event: 5359.696 Thread 0x0000025c797c8000 flushing nmethod 0x0000025c66196290
Event: 6492.853 Executing VM operation: HandshakeAllThreads
Event: 6492.853 Executing VM operation: HandshakeAllThreads done
Event: 6492.859 Thread 0x0000025c797c8000 flushing nmethod 0x0000025c66059290
Event: 6492.863 Thread 0x0000025c797c8000 flushing nmethod 0x0000025c66566b10
Event: 6492.864 Executing VM operation: G1TryInitiateConcMark
Event: 6492.926 Executing VM operation: G1TryInitiateConcMark done


Dynamic libraries:
0x00007ff7bd090000 - 0x00007ff7bd09d000 	C:\Program Files (x86)\XMLmind_XML_Editor\bin\jre64\bin\javaw.exe
0x00007fff1edc0000 - 0x00007fff1efb0000 	C:\WINDOWS\SYSTEM32\ntdll.dll
0x00007fff1ecc0000 - 0x00007fff1ed72000 	C:\WINDOWS\System32\KERNEL32.DLL
0x00007fff1cb20000 - 0x00007fff1cdc4000 	C:\WINDOWS\System32\KERNELBASE.dll
0x00007fff1c9c0000 - 0x00007fff1caba000 	C:\WINDOWS\System32\ucrtbase.dll
0x00007fff06da0000 - 0x00007fff06db5000 	C:\Program Files (x86)\XMLmind_XML_Editor\bin\jre64\bin\VCRUNTIME140.dll
0x00007fff13da0000 - 0x00007fff13db8000 	C:\Program Files (x86)\XMLmind_XML_Editor\bin\jre64\bin\jli.dll
0x00007fff1d8f0000 - 0x00007fff1da84000 	C:\WINDOWS\System32\USER32.dll
0x00007fff1c6a0000 - 0x00007fff1c6c1000 	C:\WINDOWS\System32\win32u.dll
0x00007fff1ec10000 - 0x00007fff1ec36000 	C:\WINDOWS\System32\GDI32.dll
0x00007fff1c820000 - 0x00007fff1c9b6000 	C:\WINDOWS\System32\gdi32full.dll
0x00007fff153b0000 - 0x00007fff15634000 	C:\WINDOWS\WinSxS\amd64_microsoft.windows.common-controls_6595b64144ccf1df_6.0.18362.959_none_e6c7bbbf130c62bb\COMCTL32.dll
0x00007fff1c600000 - 0x00007fff1c69e000 	C:\WINDOWS\System32\msvcp_win.dll
0x00007fff1da90000 - 0x00007fff1db2e000 	C:\WINDOWS\System32\msvcrt.dll
0x00007fff1e8d0000 - 0x00007fff1ec05000 	C:\WINDOWS\System32\combase.dll
0x00007fff1db30000 - 0x00007fff1dc50000 	C:\WINDOWS\System32\RPCRT4.dll
0x00007fff1bd40000 - 0x00007fff1bdc0000 	C:\WINDOWS\System32\bcryptPrimitives.dll
0x00007fff1d690000 - 0x00007fff1d6be000 	C:\WINDOWS\System32\IMM32.DLL
0x00007fff06650000 - 0x00007fff066eb000 	C:\Program Files (x86)\XMLmind_XML_Editor\bin\jre64\bin\msvcp140.dll
0x00007ffee5080000 - 0x00007ffee5b9f000 	C:\Program Files (x86)\XMLmind_XML_Editor\bin\jre64\bin\server\jvm.dll
0x00007fff1e0d0000 - 0x00007fff1e173000 	C:\WINDOWS\System32\ADVAPI32.dll
0x00007fff1def0000 - 0x00007fff1df87000 	C:\WINDOWS\System32\sechost.dll
0x00007fff1ec40000 - 0x00007fff1ec48000 	C:\WINDOWS\System32\PSAPI.DLL
0x00007fff14a40000 - 0x00007fff14a4a000 	C:\WINDOWS\SYSTEM32\VERSION.dll
0x00007fff12870000 - 0x00007fff12894000 	C:\WINDOWS\SYSTEM32\WINMM.dll
0x00007fff17110000 - 0x00007fff17119000 	C:\WINDOWS\SYSTEM32\WSOCK32.dll
0x00007fff1e6b0000 - 0x00007fff1e71f000 	C:\WINDOWS\System32\WS2_32.dll
0x00007fff12840000 - 0x00007fff1286d000 	C:\WINDOWS\SYSTEM32\winmmbase.dll
0x00007fff1ce20000 - 0x00007fff1ce6a000 	C:\WINDOWS\System32\cfgmgr32.dll
0x00007fff1bc80000 - 0x00007fff1bc91000 	C:\WINDOWS\System32\kernel.appcore.dll
0x00007fff15ae0000 - 0x00007fff15aea000 	C:\Program Files (x86)\XMLmind_XML_Editor\bin\jre64\bin\jimage.dll
0x00007fff1a5a0000 - 0x00007fff1a794000 	C:\WINDOWS\SYSTEM32\DBGHELP.DLL
0x00007fff15650000 - 0x00007fff1567a000 	C:\WINDOWS\SYSTEM32\dbgcore.DLL
0x00007fff063b0000 - 0x00007fff063d5000 	C:\Program Files (x86)\XMLmind_XML_Editor\bin\jre64\bin\java.dll
0x00007fff065b0000 - 0x00007fff065c7000 	C:\Program Files (x86)\XMLmind_XML_Editor\bin\jre64\bin\zip.dll
0x00007fff1cf40000 - 0x00007fff1d626000 	C:\WINDOWS\System32\SHELL32.dll
0x00007fff1de40000 - 0x00007fff1dee9000 	C:\WINDOWS\System32\shcore.dll
0x00007fff1bdc0000 - 0x00007fff1c542000 	C:\WINDOWS\System32\windows.storage.dll
0x00007fff1bcf0000 - 0x00007fff1bd13000 	C:\WINDOWS\System32\profapi.dll
0x00007fff1bca0000 - 0x00007fff1bcea000 	C:\WINDOWS\System32\powrprof.dll
0x00007fff1bc70000 - 0x00007fff1bc80000 	C:\WINDOWS\System32\UMPDC.dll
0x00007fff1e180000 - 0x00007fff1e1d2000 	C:\WINDOWS\System32\shlwapi.dll
0x00007fff1ce00000 - 0x00007fff1ce17000 	C:\WINDOWS\System32\cryptsp.dll
0x00007fff05900000 - 0x00007fff05919000 	C:\Program Files (x86)\XMLmind_XML_Editor\bin\jre64\bin\net.dll
0x00007fff128b0000 - 0x00007fff129a0000 	C:\WINDOWS\SYSTEM32\WINHTTP.dll
0x00007fff1b480000 - 0x00007fff1b4e7000 	C:\WINDOWS\system32\mswsock.dll
0x00007fff058e0000 - 0x00007fff058f2000 	C:\Program Files (x86)\XMLmind_XML_Editor\bin\jre64\bin\nio.dll
0x00007ffee8920000 - 0x00007ffee8ab7000 	C:\Program Files (x86)\XMLmind_XML_Editor\bin\jre64\bin\awt.dll
0x00007fff1ce70000 - 0x00007fff1cf35000 	C:\WINDOWS\System32\OLEAUT32.dll
0x00007fff197f0000 - 0x00007fff1987f000 	C:\WINDOWS\SYSTEM32\apphelp.dll
0x00007fff1a250000 - 0x00007fff1a27d000 	C:\WINDOWS\system32\DWMAPI.DLL
0x00007fff19c50000 - 0x00007fff19ce9000 	C:\WINDOWS\system32\uxtheme.dll
0x00007fff100f0000 - 0x00007fff10246000 	C:\WINDOWS\system32\opengl32.dll
0x00007fff15210000 - 0x00007fff1523c000 	C:\WINDOWS\SYSTEM32\GLU32.dll
0x00007fff1a950000 - 0x00007fff1a970000 	C:\WINDOWS\SYSTEM32\dxcore.dll
0x00007fff1d6e0000 - 0x00007fff1d815000 	C:\WINDOWS\System32\MSCTF.dll
0x00007fff1dc60000 - 0x00007fff1ddb7000 	C:\WINDOWS\System32\ole32.dll
0x00007fff03c40000 - 0x00007fff03cc2000 	C:\Program Files (x86)\XMLmind_XML_Editor\bin\jre64\bin\freetype.dll
0x00007fff03b70000 - 0x00007fff03c16000 	C:\Program Files (x86)\XMLmind_XML_Editor\bin\jre64\bin\fontmanager.dll
0x00007fff152e0000 - 0x00007fff152f0000 	C:\Program Files (x86)\XMLmind_XML_Editor\bin\jre64\bin\verify.dll
0x00007fff1aff0000 - 0x00007fff1b023000 	C:\WINDOWS\system32\rsaenh.dll
0x00007fff1cdd0000 - 0x00007fff1cdf6000 	C:\WINDOWS\System32\bcrypt.dll
0x00007fff1bb90000 - 0x00007fff1bbb5000 	C:\WINDOWS\SYSTEM32\USERENV.dll
0x00007fff1b6b0000 - 0x00007fff1b6bc000 	C:\WINDOWS\SYSTEM32\CRYPTBASE.dll
0x00007fff1b190000 - 0x00007fff1b1ca000 	C:\WINDOWS\SYSTEM32\IPHLPAPI.DLL
0x00007fff1dc50000 - 0x00007fff1dc58000 	C:\WINDOWS\System32\NSI.dll
0x00007fff143c0000 - 0x00007fff143d6000 	C:\WINDOWS\SYSTEM32\dhcpcsvc6.DLL
0x00007fff14a50000 - 0x00007fff14a6c000 	C:\WINDOWS\SYSTEM32\dhcpcsvc.DLL
0x00007fff1b1d0000 - 0x00007fff1b29b000 	C:\WINDOWS\SYSTEM32\DNSAPI.dll
0x00007fff1e020000 - 0x00007fff1e0c2000 	C:\WINDOWS\System32\clbcatq.dll
0x00007fff041d0000 - 0x00007fff0437f000 	C:\WINDOWS\SYSTEM32\WindowsCodecs.dll
0x00007fff04cc0000 - 0x00007fff04cfa000 	C:\WINDOWS\system32\dataexchange.dll
0x00007fff18f50000 - 0x00007fff1912d000 	C:\WINDOWS\system32\dcomp.dll
0x00007fff18cf0000 - 0x00007fff18f4b000 	C:\WINDOWS\system32\d3d11.dll
0x00007fff1a970000 - 0x00007fff1aa5b000 	C:\WINDOWS\system32\dxgi.dll
0x00007fff19d10000 - 0x00007fff19f72000 	C:\WINDOWS\system32\twinapi.appcore.dll
0x00007fff1a160000 - 0x00007fff1a189000 	C:\WINDOWS\system32\RMCLIENT.dll
0x00007fff12400000 - 0x00007fff1249e000 	C:\WINDOWS\System32\TextInputFramework.dll
0x00007fff19140000 - 0x00007fff19214000 	C:\WINDOWS\System32\CoreMessaging.dll
0x00007fff046a0000 - 0x00007fff049ca000 	C:\WINDOWS\System32\CoreUIComponents.dll
0x00007fff1acd0000 - 0x00007fff1ad01000 	C:\WINDOWS\SYSTEM32\ntmarta.dll
0x00007fff176b0000 - 0x00007fff17803000 	C:\WINDOWS\SYSTEM32\wintypes.dll
0x00007ffefe3a0000 - 0x00007ffefe3cd000 	C:\Program Files (x86)\XMLmind_XML_Editor\bin\jre64\bin\javajpeg.dll
0x00007fff10ca0000 - 0x00007fff10f46000 	C:\WINDOWS\System32\iertutil.dll
0x00007ffeee6e0000 - 0x00007ffeee7af000 	C:\Windows\System32\IME\IMEKR\imkrtip.dll
0x00007fff198d0000 - 0x00007fff199c0000 	C:\WINDOWS\SYSTEM32\PROPSYS.dll
0x00007ffeee300000 - 0x00007ffeee439000 	C:\Windows\System32\IME\shared\imetip.dll
0x00007ffee9f40000 - 0x00007ffeea0f3000 	C:\WINDOWS\SYSTEM32\DUI70.dll
0x00007fff16840000 - 0x00007fff168a5000 	C:\WINDOWS\SYSTEM32\OLEACC.dll
0x00007ffef3160000 - 0x00007ffef319e000 	C:\Windows\System32\IME\IMEKR\imkrapi.dll
0x00007ffeef4f0000 - 0x00007ffeef52c000 	C:\Windows\System32\IME\shared\imjkapi.dll

dbghelp: loaded successfully - version: 4.0.5 - missing functions: none
symbol engine: initialized successfully - sym options: 0x614 - pdb path: .;C:\Program Files (x86)\XMLmind_XML_Editor\bin\jre64\bin;C:\WINDOWS\SYSTEM32;C:\WINDOWS\WinSxS\amd64_microsoft.windows.common-controls_6595b64144ccf1df_6.0.18362.959_none_e6c7bbbf130c62bb;C:\Program Files (x86)\XMLmind_XML_Editor\bin\jre64\bin\server;C:\Windows\System32\IME\IMEKR;C:\Windows\System32\IME\shared

VM Arguments:
jvm_args: -Xss4m -Xmx512m -Dsun.java2d.uiScale.enabled=false -Dsun.java2d.noddraw=true -Dsun.java2d.d3d=false -DXXE_GUI= -DXXE_ADDON_PATH= -DXXE_PREFS_DIR= 
java_command: com.xmlmind.xmleditapp.app.QuickStart C:\Docbook\1.0\ko\manual\xdocs\userguide\chapter2_1.xml
java_class_path (initial): C:\Program Files (x86)\XMLmind_XML_Editor\bin\xxe.jar;C:\Program Files (x86)\XMLmind_XML_Editor\bin\xerces.jar;C:\Program Files (x86)\XMLmind_XML_Editor\bin\resolver.jar;C:\Program Files (x86)\XMLmind_XML_Editor\bin\relaxng.jar;C:\Program Files (x86)\XMLmind_XML_Editor\bin\saxon.jar;C:\Program Files (x86)\XMLmind_XML_Editor\bin\saxon9.jar
Launcher Type: SUN_STANDARD

[Global flags]
     intx CICompilerCount                          = 4                                         {product} {ergonomic}
     uint ConcGCThreads                            = 2                                         {product} {ergonomic}
     uint G1ConcRefinementThreads                  = 8                                         {product} {ergonomic}
   size_t G1HeapRegionSize                         = 1048576                                   {product} {ergonomic}
    uintx GCDrainStackTargetSize                   = 64                                        {product} {ergonomic}
   size_t InitialHeapSize                          = 132120576                                 {product} {ergonomic}
   size_t MarkStackSize                            = 4194304                                   {product} {ergonomic}
   size_t MaxHeapSize                              = 536870912                                 {product} {command line}
   size_t MaxNewSize                               = 321912832                                 {product} {ergonomic}
   size_t MinHeapDeltaBytes                        = 1048576                                   {product} {ergonomic}
   size_t MinHeapSize                              = 8388608                                   {product} {ergonomic}
    uintx NonNMethodCodeHeapSize                   = 5839372                                {pd product} {ergonomic}
    uintx NonProfiledCodeHeapSize                  = 122909434                              {pd product} {ergonomic}
    uintx ProfiledCodeHeapSize                     = 122909434                              {pd product} {ergonomic}
    uintx ReservedCodeCacheSize                    = 251658240                              {pd product} {ergonomic}
     bool SegmentedCodeCache                       = true                                      {product} {ergonomic}
   size_t SoftMaxHeapSize                          = 536870912                              {manageable} {ergonomic}
     intx ThreadStackSize                          = 4096                                   {pd product} {command line}
     bool UseCompressedClassPointers               = true                                 {lp64_product} {ergonomic}
     bool UseCompressedOops                        = true                                 {lp64_product} {ergonomic}
     bool UseG1GC                                  = true                                      {product} {ergonomic}
     bool UseLargePagesIndividualAllocation        = false                                  {pd product} {ergonomic}

Logging:
Log output configuration:
 #0: stdout all=warning uptime,level,tags
 #1: stderr all=off uptime,level,tags

Environment Variables:
JAVA_HOME=C:\Program Files (x86)\Java\jdk1.6.0_01
PATH=C:\Program Files\WindowsApps\Microsoft.Office.Desktop_16051.12026.20320.0_x86__8wekyb3d8bbwe\VFS\ProgramFilesCommonX86\Microsoft Shared\OFFICE16;C:\Program Files (x86)\Java\jre1.6.0_01\bin;C:\apache-ant-1.7.0\bin;C:\Program Files\TortoiseGit\bin;C:\Program Files\Git\cmd;C:\WINDOWS\system32;C:\WINDOWS;C:\WINDOWS\System32\Wbem;C:\WINDOWS\System32\WindowsPowerShell\v1.0\;C:\WINDOWS\System32\OpenSSH\;C:\Users\sychoi\AppData\Local\Microsoft\WindowsApps;C:\Program Files\Bandizip\;
USERNAME=sychoi
OS=Windows_NT
PROCESSOR_IDENTIFIER=Intel64 Family 6 Model 142 Stepping 11, GenuineIntel



---------------  S Y S T E M  ---------------

OS: Windows 10 , 64 bit Build 18362 (10.0.18362.959)
OS uptime: 8 days 7:04 hours

CPU:total 8 (initial active 8) (4 cores per cpu, 2 threads per core) family 6 model 142 stepping 11, cmov, cx8, fxsr, mmx, sse, sse2, sse3, ssse3, sse4.1, sse4.2, popcnt, avx, avx2, aes, clmul, erms, 3dnowpref, lzcnt, ht, tsc, tscinvbit, bmi1, bmi2, adx, fma

Memory: 4k page, system-wide physical 7986M (1158M free)
TotalPageFile size 16254M (AvailPageFile size 2914M)
current process WorkingSet (physical memory assigned to process): 105M, peak: 241M
current process commit charge ("private bytes"): 292M, peak: 330M

vm_info: OpenJDK 64-Bit Server VM (14+36-1461) for windows-amd64 JRE (14+36-1461), built on Feb  6 2020 19:03:18 by "mach5one" with MS VC++ 15.9 (VS2017)

END.
