#
# A fatal error has been detected by the Java Runtime Environment:
#
#  EXCEPTION_ACCESS_VIOLATION (0xc0000005) at pc=0x00007ffbf631122e, pid=18972, tid=14916
#
# JRE version: OpenJDK Runtime Environment (14.0+36) (build 14+36-1461)
# Java VM: OpenJDK 64-Bit Server VM (14+36-1461, mixed mode, tiered, compressed oops, g1 gc, windows-amd64)
# Problematic frame:
# C  [VCRUNTIME140.dll+0x122e]
#
# No core dump will be written. Minidumps are not enabled by default on client versions of Windows
#
# If you would like to submit a bug report, please visit:
#   https://bugreport.java.com/bugreport/crash.jsp
#

---------------  S U M M A R Y ------------

Command Line: -Xss4m -Xmx512m -Dsun.java2d.uiScale.enabled=false -Dsun.java2d.noddraw=true -Dsun.java2d.d3d=false -DXXE_GUI= -DXXE_ADDON_PATH= -DXXE_PREFS_DIR= com.xmlmind.xmleditapp.app.QuickStart C:\Docbook\1.0\ko\manual\xdocs\userguide\chapter6.xml

Host: Intel(R) Core(TM) i5-8265U CPU @ 1.60GHz, 8 cores, 7G,  Windows 10 , 64 bit Build 17763 (10.0.17763.1158)
Time: Mon May 18 15:08:32 2020 ¢¥eCN©öI¡¾©ö C¡ÍA¨ª¨öA elapsed time: 20176 seconds (0d 5h 36m 16s)

---------------  T H R E A D  ---------------

Current thread (0x000001c8aa1b4800):  JavaThread "AWT-EventQueue-0" [_thread_in_vm, id=14916, stack(0x000000ba2ac00000,0x000000ba2b000000)]

Stack: [0x000000ba2ac00000,0x000000ba2b000000],  sp=0x000000ba2affe8a8,  free space=4090k
Native frames: (J=compiled Java code, j=interpreted, Vv=VM code, C=native code)
C  [VCRUNTIME140.dll+0x122e]
V  [jvm.dll+0x39058a]
C  [awt.dll+0x8adfd]

Java frames: (J=compiled Java code, j=interpreted, Vv=VM code)
J 8063  sun.awt.windows.WClipboard.getClipboardData(J)[B java.desktop@14 (0 bytes) @ 0x000001c89e0ba07b [0x000001c89e0ba040+0x000000000000003b]
J 10419 c2 sun.awt.datatransfer.ClipboardTransferable$$Lambda$214.accept(Ljava/lang/Object;)V java.desktop@14 (20 bytes) @ 0x000001c89e443ba0 [0x000001c89e443440+0x0000000000000760]
J 11322 c2 java.util.HashMap$EntrySet.forEach(Ljava/util/function/Consumer;)V java.base@14 (116 bytes) @ 0x000001c89e5e7de4 [0x000001c89e5e7d00+0x00000000000000e4]
J 9759 c1 sun.awt.datatransfer.ClipboardTransferable.<init>(Lsun/awt/datatransfer/SunClipboard;)V java.desktop@14 (114 bytes) @ 0x000001c896a756e4 [0x000001c896a74660+0x0000000000001084]
J 9758 c1 sun.awt.datatransfer.SunClipboard.getContents(Ljava/lang/Object;)Ljava/awt/datatransfer/Transferable; java.desktop@14 (21 bytes) @ 0x000001c897052d54 [0x000001c897052b40+0x0000000000000214]
J 10950 c2 com.xmlmind.xmledit.edit.XMLClipboard.get()Ljava/lang/String; (50 bytes) @ 0x000001c89e5389f8 [0x000001c89e5388e0+0x0000000000000118]
J 11562 c2 com.xmlmind.xmledit.cmd.edit.Paste.prepare(Lcom/xmlmind/xmledit/view/DocumentView;Ljava/lang/String;II)Z (1321 bytes) @ 0x000001c89e493418 [0x000001c89e492920+0x0000000000000af8]
J 7593 c2 com.xmlmind.xmledit.cmd.CommandBase.prepareCommand(Lcom/xmlmind/xmledit/gadget/Gadget;Ljava/lang/String;II)Z (13 bytes) @ 0x000001c89e1752e8 [0x000001c89e1752a0+0x0000000000000048]
J 8020 c2 com.xmlmind.xmleditapp.kit.AppAction.editingContextChanged()V (5 bytes) @ 0x000001c89e051924 [0x000001c89e051780+0x00000000000001a4]
J 10473 c2 com.xmlmind.xmleditapp.kit.App.editingContextChanged(Lcom/xmlmind/xmleditapp/kit/OpenedDocument;Lcom/xmlmind/xmledit/edit/ContextChangeEvent$Reason;)V (105 bytes) @ 0x000001c89e470324 [0x000001c89e470240+0x00000000000000e4]
J 9680 c1 com.xmlmind.xmleditapp.kit.OpenedDocument.contextChanged(Lcom/xmlmind/xmledit/edit/ContextChangeEvent;)V (13 bytes) @ 0x000001c896b86154 [0x000001c896b86040+0x0000000000000114]
J 9822 c1 com.xmlmind.xmledit.edit.MarkManager.notifyContextChangeListeners(Lcom/xmlmind/xmledit/edit/ContextChangeEvent$Reason;)V (78 bytes) @ 0x000001c8970db2bc [0x000001c8970daf20+0x000000000000039c]
j  com.xmlmind.xmledit.view.DocumentView.notifyContextChangeListeners(Lcom/xmlmind/xmledit/edit/ContextChangeEvent$Reason;)V+12
j  com.xmlmind.xmleditapp.kit.part.ClipboardContentTool$1$1.run()V+19
J 6558 c2 java.awt.EventQueue.dispatchEvent(Ljava/awt/AWTEvent;)V java.desktop@14 (80 bytes) @ 0x000001c89dff8304 [0x000001c89dff7c60+0x00000000000006a4]
J 11254 c2 java.awt.EventDispatchThread.pumpOneEventForFilters(I)V java.desktop@14 (113 bytes) @ 0x000001c89e5c70a8 [0x000001c89e5c6f60+0x0000000000000148]
J 9498% c2 java.awt.EventDispatchThread.pumpEventsForFilter(ILjava/awt/Conditional;Ljava/awt/EventFilter;)V java.desktop@14 (47 bytes) @ 0x000001c89ddaf408 [0x000001c89ddaf2e0+0x0000000000000128]
j  java.awt.EventDispatchThread.pumpEventsForHierarchy(ILjava/awt/Conditional;Ljava/awt/Component;)V+11 java.desktop@14
j  java.awt.EventDispatchThread.pumpEvents(ILjava/awt/Conditional;)V+4 java.desktop@14
j  java.awt.EventDispatchThread.pumpEvents(Ljava/awt/Conditional;)V+3 java.desktop@14
j  java.awt.EventDispatchThread.run()V+9 java.desktop@14
v  ~StubRoutines::call_stub

siginfo: EXCEPTION_ACCESS_VIOLATION (0xc0000005), reading address 0x0000000000000000


Register to memory mapping:

RIP=0x00007ffbf631122e VCRUNTIME140.dll
RAX=0x00000000e6b00010 is pointing into object: [B 
{0x00000000e6b00000} - klass: {type array byte}
 - length: 4903776
RBX=0x000001c8aa1b4800 is a thread
RCX=0x00000000004ad360 us008.dll
RDX=0xffffffff194ffff0 is an unknown value
RSP=0x000000ba2affe8a8 is pointing into the stack for thread: 0x000001c8aa1b4800
RBP=0x000001c8a9d5ec60 points into unknown readable memory: 00 00 b0 e6 00 00 00 00
RSI=0x0 is NULL
RDI=0x00000000e6b00010 is pointing into object: [B 
{0x00000000e6b00000} - klass: {type array byte}
 - length: 4903776
R8 =0x00000000004ad360 us008.dll
R9 =0x000001c8aa1b4800 is a thread
R10=0x0 is NULL
R11=0x00000000e6b00010 is pointing into object: [B 
{0x00000000e6b00000} - klass: {type array byte}
 - length: 4903776
R12=0x0 is NULL
R13=0x00000000ec3a8490 is an oop: java.util.HashMap$Node 
{0x00000000ec3a8490} - klass: 'java/util/HashMap$Node'
R14=0x00000000004ad360 us008.dll
R15=0x0 is NULL


Registers:
RAX=0x00000000e6b00010, RBX=0x000001c8aa1b4800, RCX=0x00000000004ad360, RDX=0xffffffff194ffff0
RSP=0x000000ba2affe8a8, RBP=0x000001c8a9d5ec60, RSI=0x0000000000000000, RDI=0x00000000e6b00010
R8 =0x00000000004ad360, R9 =0x000001c8aa1b4800, R10=0x0000000000000000, R11=0x00000000e6b00010
R12=0x0000000000000000, R13=0x00000000ec3a8490, R14=0x00000000004ad360, R15=0x0000000000000000
RIP=0x00007ffbf631122e, EFLAGS=0x0000000000010203

Top of Stack: (sp=0x000000ba2affe8a8)
0x000000ba2affe8a8:   0000000000000010 00000000e6b00000
0x000000ba2affe8b8:   00007ffbb1ef058a 000001c8aa1b4800
0x000000ba2affe8c8:   000001c8a9d5ec60 0000000000000010
0x000000ba2affe8d8:   00000000000003d8 000001c8aa1b4800
0x000000ba2affe8e8:   0000000000000000 000000ba2affe928
0x000000ba2affe8f8:   00000000e0305cf8 0000000000000008
0x000000ba2affe908:   0000000000000000 00000000004ad360
0x000000ba2affe918:   00007ffbd7cbadfd 000001c8aa1b4b10
0x000000ba2affe928:   000000ba2affe9e0 000001c8b294d040
0x000000ba2affe938:   000001c8a9d5ec60 0000000000000000
0x000000ba2affe948:   000001c89e0d6c10 00000000ec3a8670
0x000000ba2affe958:   fffffffffffffffe 000001c8aa1b4800
0x000000ba2affe968:   00000000e0305cf8 0000000000000000
0x000000ba2affe978:   000001c89e0ba117 0000000000000000
0x000000ba2affe988:   00000000e0305cf8 00000000ec3a82e0
0x000000ba2affe998:   000001c8b294d040 00000000fffc9738 

Instructions: (pc=0x00007ffbf631122e)
0x00007ffbf631112e:   cc cc cc cc cc cc cc cc 66 66 0f 1f 84 00 00 00
0x00007ffbf631113e:   00 00 48 2b d1 49 83 f8 08 72 22 f6 c1 07 74 14
0x00007ffbf631114e:   66 90 8a 01 3a 04 11 75 2c 48 ff c1 49 ff c8 f6
0x00007ffbf631115e:   c1 07 75 ee 4d 8b c8 49 c1 e9 03 75 1f 4d 85 c0
0x00007ffbf631116e:   74 0f 8a 01 3a 04 11 75 0c 48 ff c1 49 ff c8 75
0x00007ffbf631117e:   f1 48 33 c0 c3 1b c0 83 d8 ff c3 90 49 c1 e9 02
0x00007ffbf631118e:   74 37 48 8b 01 48 3b 04 11 75 5b 48 8b 41 08 48
0x00007ffbf631119e:   3b 44 11 08 75 4c 48 8b 41 10 48 3b 44 11 10 75
0x00007ffbf63111ae:   3d 48 8b 41 18 48 3b 44 11 18 75 2e 48 83 c1 20
0x00007ffbf63111be:   49 ff c9 75 cd 49 83 e0 1f 4d 8b c8 49 c1 e9 03
0x00007ffbf63111ce:   74 9b 48 8b 01 48 3b 04 11 75 1b 48 83 c1 08 49
0x00007ffbf63111de:   ff c9 75 ee 49 83 e0 07 eb 83 48 83 c1 08 48 83
0x00007ffbf63111ee:   c1 08 48 83 c1 08 48 8b 0c 0a 48 0f c8 48 0f c9
0x00007ffbf63111fe:   48 3b c1 1b c0 83 d8 ff c3 cc cc cc cc cc cc cc
0x00007ffbf631120e:   cc cc cc cc cc cc cc cc 66 66 0f 1f 84 00 00 00
0x00007ffbf631121e:   00 00 57 56 49 8b c3 48 8b f9 49 8b c8 49 8b f2
0x00007ffbf631122e:   f3 a4 5e 5f c3 cc cc cc cc cc cc 0f 1f 80 00 00
0x00007ffbf631123e:   00 00 4c 8b d9 4c 8b d2 49 83 f8 10 76 64 49 83
0x00007ffbf631124e:   f8 20 76 3e 48 2b d1 73 0d 4b 8d 04 10 48 3b c8
0x00007ffbf631125e:   0f 82 2c 03 00 00 49 81 f8 80 00 00 00 0f 86 5f
0x00007ffbf631126e:   02 00 00 0f ba 25 33 01 01 00 01 0f 83 a1 01 00
0x00007ffbf631127e:   00 eb 9f 66 66 66 66 66 66 66 0f 1f 84 00 00 00
0x00007ffbf631128e:   00 00 0f 10 02 42 0f 10 4c 02 f0 0f 11 01 42 0f
0x00007ffbf631129e:   11 4c 01 f0 48 8b c1 c3 66 66 0f 1f 84 00 00 00
0x00007ffbf63112ae:   00 00 48 8b c1 4c 8d 0d 46 ed ff ff 43 8b 8c 81
0x00007ffbf63112be:   c7 12 00 00 49 03 c9 ff e1 10 13 00 00 2f 13 00
0x00007ffbf63112ce:   00 11 13 00 00 1f 13 00 00 58 13 00 00 60 13 00
0x00007ffbf63112de:   00 70 13 00 00 80 13 00 00 18 13 00 00 b0 13 00
0x00007ffbf63112ee:   00 c0 13 00 00 40 13 00 00 d0 13 00 00 98 13 00
0x00007ffbf63112fe:   00 e0 13 00 00 00 14 00 00 35 13 00 00 0f 1f 44
0x00007ffbf631130e:   00 00 c3 0f b7 0a 66 89 08 c3 48 8b 0a 48 89 08
0x00007ffbf631131e:   c3 0f b7 0a 44 0f b6 42 02 66 89 08 44 88 40 02 


Stack slot to memory mapping:
stack at sp + 0 slots: 0x0000000000000010 is an unknown value
stack at sp + 1 slots: 0x00000000e6b00000 is an oop: [B 
{0x00000000e6b00000} - klass: {type array byte}
 - length: 4903776
stack at sp + 2 slots: 0x00007ffbb1ef058a jvm.dll
stack at sp + 3 slots: 0x000001c8aa1b4800 is a thread
stack at sp + 4 slots: 0x000001c8a9d5ec60 points into unknown readable memory: 00 00 b0 e6 00 00 00 00
stack at sp + 5 slots: 0x0000000000000010 is an unknown value
stack at sp + 6 slots: 0x00000000000003d8 is an unknown value
stack at sp + 7 slots: 0x000001c8aa1b4800 is a thread


---------------  P R O C E S S  ---------------

Threads class SMR info:
_java_thread_list=0x000001c8ada6e7c0, length=19, elements={
0x000001c8a92a2800, 0x000001c8a92a3800, 0x000001c8a92be000, 0x000001c8a9b5c800,
0x000001c8a9b5d800, 0x000001c8a9b89800, 0x000001c8a9b91000, 0x000001c8a9b9c000,
0x000001c8a9d2c800, 0x000001c8a9d30800, 0x000001c8a9f5d000, 0x000001c8a9f4d800,
0x000001c8a9f4e800, 0x000001c8aa1b4800, 0x000001c88e48d800, 0x000001c8acb45800,
0x000001c8ab9ce000, 0x000001c8ab9cf000, 0x000001c8ab9cd800
}

Java Threads: ( => current thread )
  0x000001c8a92a2800 JavaThread "Reference Handler" daemon [_thread_blocked, id=9268, stack(0x000000ba27c00000,0x000000ba28000000)]
  0x000001c8a92a3800 JavaThread "Finalizer" daemon [_thread_blocked, id=4736, stack(0x000000ba28000000,0x000000ba28400000)]
  0x000001c8a92be000 JavaThread "Signal Dispatcher" daemon [_thread_blocked, id=19332, stack(0x000000ba28400000,0x000000ba28800000)]
  0x000001c8a9b5c800 JavaThread "Attach Listener" daemon [_thread_blocked, id=8164, stack(0x000000ba28800000,0x000000ba28c00000)]
  0x000001c8a9b5d800 JavaThread "Service Thread" daemon [_thread_blocked, id=17160, stack(0x000000ba28c00000,0x000000ba29000000)]
  0x000001c8a9b89800 JavaThread "C2 CompilerThread0" daemon [_thread_blocked, id=13100, stack(0x000000ba29000000,0x000000ba29100000)]
  0x000001c8a9b91000 JavaThread "C1 CompilerThread0" daemon [_thread_blocked, id=19448, stack(0x000000ba29100000,0x000000ba29200000)]
  0x000001c8a9b9c000 JavaThread "Sweeper thread" daemon [_thread_blocked, id=9120, stack(0x000000ba29200000,0x000000ba29600000)]
  0x000001c8a9d2c800 JavaThread "Notification Thread" daemon [_thread_blocked, id=2284, stack(0x000000ba29600000,0x000000ba29a00000)]
  0x000001c8a9d30800 JavaThread "Common-Cleaner" daemon [_thread_blocked, id=11532, stack(0x000000ba29b00000,0x000000ba29f00000)]
  0x000001c8a9f5d000 JavaThread "Java2D Disposer" daemon [_thread_blocked, id=6692, stack(0x000000ba2a000000,0x000000ba2a400000)]
  0x000001c8a9f4d800 JavaThread "AWT-Shutdown" [_thread_blocked, id=5780, stack(0x000000ba2a400000,0x000000ba2a800000)]
  0x000001c8a9f4e800 JavaThread "AWT-Windows" daemon [_thread_blocked, id=11852, stack(0x000000ba2a800000,0x000000ba2ac00000)]
=>0x000001c8aa1b4800 JavaThread "AWT-EventQueue-0" [_thread_in_vm, id=14916, stack(0x000000ba2ac00000,0x000000ba2b000000)]
  0x000001c88e48d800 JavaThread "DestroyJavaVM" [_thread_blocked, id=7292, stack(0x000000ba27200000,0x000000ba27600000)]
  0x000001c8acb45800 JavaThread "TimerQueue" daemon [_thread_blocked, id=11272, stack(0x000000ba2ba00000,0x000000ba2be00000)]
  0x000001c8ab9ce000 JavaThread "PrinterListener" daemon [_thread_in_native, id=8228, stack(0x000000ba2be00000,0x000000ba2c200000)]
  0x000001c8ab9cf000 JavaThread "RemotePrinterListener" daemon [_thread_blocked, id=16016, stack(0x000000ba2c200000,0x000000ba2c600000)]
  0x000001c8ab9cd800 JavaThread "Swing-Shell" daemon [_thread_blocked, id=7396, stack(0x000000ba2ca00000,0x000000ba2ce00000)]

Other Threads:
  0x000001c8a928f800 VMThread "VM Thread" [stack: 0x000000ba27b00000,0x000000ba27c00000] [id=1472] _threads_hazard_ptr=0x000001c8ada6e7c0
  0x000001c8a9d6b000 WatcherThread [stack: 0x000000ba29a00000,0x000000ba29b00000] [id=11700]
  0x000001c88e4b6800 GCTaskThread "GC Thread#0" [stack: 0x000000ba27600000,0x000000ba27700000] [id=16732]
  0x000001c8aa69b800 GCTaskThread "GC Thread#1" [stack: 0x000000ba29f00000,0x000000ba2a000000] [id=18084]
  0x000001c8aa691000 GCTaskThread "GC Thread#2" [stack: 0x000000ba2b000000,0x000000ba2b100000] [id=18460]
  0x000001c8aa4f6800 GCTaskThread "GC Thread#3" [stack: 0x000000ba2b100000,0x000000ba2b200000] [id=16748]
  0x000001c8aa6aa800 GCTaskThread "GC Thread#4" [stack: 0x000000ba2b200000,0x000000ba2b300000] [id=15572]
  0x000001c8aa6ab000 GCTaskThread "GC Thread#5" [stack: 0x000000ba2b300000,0x000000ba2b400000] [id=3408]
  0x000001c88e4bc000 ConcurrentGCThread "G1 Main Marker" [stack: 0x000000ba27700000,0x000000ba27800000] [id=4024]
  0x000001c88e4bf000 ConcurrentGCThread "G1 Conc#0" [stack: 0x000000ba27800000,0x000000ba27900000] [id=15568]
  0x000001c8adec2000 ConcurrentGCThread "G1 Conc#1" [stack: 0x000000ba2b900000,0x000000ba2ba00000] [id=13140]
  0x000001c88e552000 ConcurrentGCThread "G1 Refine#0" [stack: 0x000000ba27900000,0x000000ba27a00000] [id=11324]
  0x000001c8a9d9d000 ConcurrentGCThread "G1 Refine#1" [stack: 0x000000ba2b400000,0x000000ba2b500000] [id=19300]
  0x000001c8aa4aa000 ConcurrentGCThread "G1 Refine#2" [stack: 0x000000ba2b500000,0x000000ba2b600000] [id=17880]
  0x000001c8aa4f8000 ConcurrentGCThread "G1 Refine#3" [stack: 0x000000ba2b600000,0x000000ba2b700000] [id=17144]
  0x000001c88e554800 ConcurrentGCThread "G1 Young RemSet Sampling" [stack: 0x000000ba27a00000,0x000000ba27b00000] [id=15064]

Threads with active compile tasks:

VM state:synchronizing (normal execution)

VM Mutex/Monitor currently owned by a thread:  ([mutex/lock_event])
[0x000001c88e488530] Threads_lock - owner thread: 0x000001c8a928f800
[0x000001c88e488800] Heap_lock - owner thread: 0x000001c88e4bc000

Heap address: 0x00000000e0000000, size: 512 MB, Compressed Oops mode: 32-bit
Narrow klass base: 0x0000000000000000, Narrow klass shift: 3
Compressed class space size: 1073741824 Address: 0x0000000100000000

Heap:
 garbage-first heap   total 247808K, used 113445K [0x00000000e0000000, 0x0000000100000000)
  region size 1024K, 3 young (3072K), 2 survivors (2048K)
 Metaspace       used 53138K, capacity 53753K, committed 54192K, reserved 1097728K
  class space    used 6002K, capacity 6254K, committed 6400K, reserved 1048576K
Heap Regions: E=young(eden), S=young(survivor), O=old, HS=humongous(starts), HC=humongous(continues), CS=collection set, F=free, OA=open archive, CA=closed archive, TAMS=top-at-mark-start (previous, next)
|   0|0x00000000e0000000, 0x00000000e0100000, 0x00000000e0100000|100%| O|  |TAMS 0x00000000e0100000, 0x00000000e0100000| Untracked 
|   1|0x00000000e0100000, 0x00000000e0200000, 0x00000000e0200000|100%| O|  |TAMS 0x00000000e0200000, 0x00000000e0200000| Untracked 
|   2|0x00000000e0200000, 0x00000000e0300000, 0x00000000e0300000|100%| O|  |TAMS 0x00000000e0300000, 0x00000000e0300000| Untracked 
|   3|0x00000000e0300000, 0x00000000e0400000, 0x00000000e0400000|100%| O|  |TAMS 0x00000000e0400000, 0x00000000e0400000| Untracked 
|   4|0x00000000e0400000, 0x00000000e0500000, 0x00000000e0500000|100%|HS|  |TAMS 0x00000000e0500000, 0x00000000e0500000| Complete 
|   5|0x00000000e0500000, 0x00000000e0600000, 0x00000000e0600000|100%|HS|  |TAMS 0x00000000e0600000, 0x00000000e0600000| Complete 
|   6|0x00000000e0600000, 0x00000000e0700000, 0x00000000e0700000|100%| O|  |TAMS 0x00000000e0700000, 0x00000000e0700000| Untracked 
|   7|0x00000000e0700000, 0x00000000e0800000, 0x00000000e0800000|100%| O|  |TAMS 0x00000000e0800000, 0x00000000e0800000| Untracked 
|   8|0x00000000e0800000, 0x00000000e0900000, 0x00000000e0900000|100%| O|  |TAMS 0x00000000e0900000, 0x00000000e0900000| Untracked 
|   9|0x00000000e0900000, 0x00000000e0a00000, 0x00000000e0a00000|100%| O|  |TAMS 0x00000000e0a00000, 0x00000000e0a00000| Untracked 
|  10|0x00000000e0a00000, 0x00000000e0b00000, 0x00000000e0b00000|100%| O|  |TAMS 0x00000000e0b00000, 0x00000000e0b00000| Untracked 
|  11|0x00000000e0b00000, 0x00000000e0c00000, 0x00000000e0c00000|100%| O|  |TAMS 0x00000000e0c00000, 0x00000000e0c00000| Untracked 
|  12|0x00000000e0c00000, 0x00000000e0d00000, 0x00000000e0d00000|100%| O|  |TAMS 0x00000000e0d00000, 0x00000000e0d00000| Untracked 
|  13|0x00000000e0d00000, 0x00000000e0e00000, 0x00000000e0e00000|100%| O|  |TAMS 0x00000000e0e00000, 0x00000000e0e00000| Untracked 
|  14|0x00000000e0e00000, 0x00000000e0f00000, 0x00000000e0f00000|100%| O|  |TAMS 0x00000000e0f00000, 0x00000000e0f00000| Untracked 
|  15|0x00000000e0f00000, 0x00000000e1000000, 0x00000000e1000000|100%|HS|  |TAMS 0x00000000e1000000, 0x00000000e1000000| Complete 
|  16|0x00000000e1000000, 0x00000000e1100000, 0x00000000e1100000|100%|HC|  |TAMS 0x00000000e1100000, 0x00000000e1100000| Complete 
|  17|0x00000000e1100000, 0x00000000e1200000, 0x00000000e1200000|100%|HC|  |TAMS 0x00000000e1200000, 0x00000000e1200000| Complete 
|  18|0x00000000e1200000, 0x00000000e1300000, 0x00000000e1300000|100%|HC|  |TAMS 0x00000000e1300000, 0x00000000e1300000| Complete 
|  19|0x00000000e1300000, 0x00000000e1400000, 0x00000000e1400000|100%|HC|  |TAMS 0x00000000e1400000, 0x00000000e1400000| Complete 
|  20|0x00000000e1400000, 0x00000000e1500000, 0x00000000e1500000|100%|HC|  |TAMS 0x00000000e1500000, 0x00000000e1500000| Complete 
|  21|0x00000000e1500000, 0x00000000e1600000, 0x00000000e1600000|100%| O|  |TAMS 0x00000000e1600000, 0x00000000e1600000| Untracked 
|  22|0x00000000e1600000, 0x00000000e1700000, 0x00000000e1700000|100%| O|  |TAMS 0x00000000e1700000, 0x00000000e1700000| Untracked 
|  23|0x00000000e1700000, 0x00000000e1800000, 0x00000000e1800000|100%| O|  |TAMS 0x00000000e1800000, 0x00000000e1800000| Untracked 
|  24|0x00000000e1800000, 0x00000000e1900000, 0x00000000e1900000|100%| O|  |TAMS 0x00000000e1900000, 0x00000000e1900000| Untracked 
|  25|0x00000000e1900000, 0x00000000e1a00000, 0x00000000e1a00000|100%| O|  |TAMS 0x00000000e1a00000, 0x00000000e1a00000| Untracked 
|  26|0x00000000e1a00000, 0x00000000e1b00000, 0x00000000e1b00000|100%| O|  |TAMS 0x00000000e1b00000, 0x00000000e1b00000| Untracked 
|  27|0x00000000e1b00000, 0x00000000e1c00000, 0x00000000e1c00000|100%| O|  |TAMS 0x00000000e1c00000, 0x00000000e1c00000| Untracked 
|  28|0x00000000e1c00000, 0x00000000e1d00000, 0x00000000e1d00000|100%| O|  |TAMS 0x00000000e1d00000, 0x00000000e1d00000| Untracked 
|  29|0x00000000e1d00000, 0x00000000e1e00000, 0x00000000e1e00000|100%| O|  |TAMS 0x00000000e1e00000, 0x00000000e1e00000| Untracked 
|  30|0x00000000e1e00000, 0x00000000e1f00000, 0x00000000e1f00000|100%| O|  |TAMS 0x00000000e1f00000, 0x00000000e1f00000| Untracked 
|  31|0x00000000e1f00000, 0x00000000e2000000, 0x00000000e2000000|100%|HS|  |TAMS 0x00000000e2000000, 0x00000000e2000000| Complete 
|  32|0x00000000e2000000, 0x00000000e2100000, 0x00000000e2100000|100%|HS|  |TAMS 0x00000000e2100000, 0x00000000e2100000| Complete 
|  33|0x00000000e2100000, 0x00000000e2200000, 0x00000000e2200000|100%|HS|  |TAMS 0x00000000e2200000, 0x00000000e2200000| Complete 
|  34|0x00000000e2200000, 0x00000000e2300000, 0x00000000e2300000|100%|HC|  |TAMS 0x00000000e2300000, 0x00000000e2300000| Complete 
|  35|0x00000000e2300000, 0x00000000e2400000, 0x00000000e2400000|100%|HS|  |TAMS 0x00000000e2400000, 0x00000000e2400000| Complete 
|  36|0x00000000e2400000, 0x00000000e2500000, 0x00000000e2500000|100%|HC|  |TAMS 0x00000000e2500000, 0x00000000e2500000| Complete 
|  37|0x00000000e2500000, 0x00000000e2600000, 0x00000000e2600000|100%|HS|  |TAMS 0x00000000e2600000, 0x00000000e2600000| Complete 
|  38|0x00000000e2600000, 0x00000000e2700000, 0x00000000e2700000|100%|HC|  |TAMS 0x00000000e2700000, 0x00000000e2700000| Complete 
|  39|0x00000000e2700000, 0x00000000e2800000, 0x00000000e2800000|100%|HC|  |TAMS 0x00000000e2800000, 0x00000000e2800000| Complete 
|  40|0x00000000e2800000, 0x00000000e2900000, 0x00000000e2900000|100%|HS|  |TAMS 0x00000000e2900000, 0x00000000e2900000| Complete 
|  41|0x00000000e2900000, 0x00000000e2a00000, 0x00000000e2a00000|100%|HC|  |TAMS 0x00000000e2a00000, 0x00000000e2a00000| Complete 
|  42|0x00000000e2a00000, 0x00000000e2b00000, 0x00000000e2b00000|100%|HS|  |TAMS 0x00000000e2b00000, 0x00000000e2b00000| Complete 
|  43|0x00000000e2b00000, 0x00000000e2c00000, 0x00000000e2c00000|100%|HC|  |TAMS 0x00000000e2c00000, 0x00000000e2c00000| Complete 
|  44|0x00000000e2c00000, 0x00000000e2d00000, 0x00000000e2d00000|100%|HC|  |TAMS 0x00000000e2d00000, 0x00000000e2d00000| Complete 
|  45|0x00000000e2d00000, 0x00000000e2e00000, 0x00000000e2e00000|100%|HC|  |TAMS 0x00000000e2e00000, 0x00000000e2e00000| Complete 
|  46|0x00000000e2e00000, 0x00000000e2f00000, 0x00000000e2f00000|100%|HC|  |TAMS 0x00000000e2f00000, 0x00000000e2f00000| Complete 
|  47|0x00000000e2f00000, 0x00000000e3000000, 0x00000000e3000000|100%|HC|  |TAMS 0x00000000e3000000, 0x00000000e3000000| Complete 
|  48|0x00000000e3000000, 0x00000000e3100000, 0x00000000e3100000|100%|HC|  |TAMS 0x00000000e3100000, 0x00000000e3100000| Complete 
|  49|0x00000000e3100000, 0x00000000e3200000, 0x00000000e3200000|100%|HC|  |TAMS 0x00000000e3200000, 0x00000000e3200000| Complete 
|  50|0x00000000e3200000, 0x00000000e3300000, 0x00000000e3300000|100%|HS|  |TAMS 0x00000000e3300000, 0x00000000e3300000| Complete 
|  51|0x00000000e3300000, 0x00000000e3400000, 0x00000000e3400000|100%|HC|  |TAMS 0x00000000e3400000, 0x00000000e3400000| Complete 
|  52|0x00000000e3400000, 0x00000000e3500000, 0x00000000e3500000|100%|HS|  |TAMS 0x00000000e3500000, 0x00000000e3500000| Complete 
|  53|0x00000000e3500000, 0x00000000e3600000, 0x00000000e3600000|100%|HC|  |TAMS 0x00000000e3600000, 0x00000000e3600000| Complete 
|  54|0x00000000e3600000, 0x00000000e3700000, 0x00000000e3700000|100%|HS|  |TAMS 0x00000000e3700000, 0x00000000e3700000| Complete 
|  55|0x00000000e3700000, 0x00000000e3800000, 0x00000000e3800000|100%|HS|  |TAMS 0x00000000e3800000, 0x00000000e3800000| Complete 
|  56|0x00000000e3800000, 0x00000000e3900000, 0x00000000e3900000|100%|HC|  |TAMS 0x00000000e3900000, 0x00000000e3900000| Complete 
|  57|0x00000000e3900000, 0x00000000e3a00000, 0x00000000e3a00000|100%|HS|  |TAMS 0x00000000e3a00000, 0x00000000e3a00000| Complete 
|  58|0x00000000e3a00000, 0x00000000e3b00000, 0x00000000e3b00000|100%|HC|  |TAMS 0x00000000e3b00000, 0x00000000e3b00000| Complete 
|  59|0x00000000e3b00000, 0x00000000e3c00000, 0x00000000e3c00000|100%|HS|  |TAMS 0x00000000e3c00000, 0x00000000e3c00000| Complete 
|  60|0x00000000e3c00000, 0x00000000e3d00000, 0x00000000e3d00000|100%|HS|  |TAMS 0x00000000e3d00000, 0x00000000e3d00000| Complete 
|  61|0x00000000e3d00000, 0x00000000e3e00000, 0x00000000e3e00000|100%|HC|  |TAMS 0x00000000e3e00000, 0x00000000e3e00000| Complete 
|  62|0x00000000e3e00000, 0x00000000e3f00000, 0x00000000e3f00000|100%|HS|  |TAMS 0x00000000e3f00000, 0x00000000e3f00000| Complete 
|  63|0x00000000e3f00000, 0x00000000e4000000, 0x00000000e4000000|100%|HC|  |TAMS 0x00000000e4000000, 0x00000000e4000000| Complete 
|  64|0x00000000e4000000, 0x00000000e4100000, 0x00000000e4100000|100%|HS|  |TAMS 0x00000000e4100000, 0x00000000e4100000| Complete 
|  65|0x00000000e4100000, 0x00000000e4200000, 0x00000000e4200000|100%|HC|  |TAMS 0x00000000e4200000, 0x00000000e4200000| Complete 
|  66|0x00000000e4200000, 0x00000000e4300000, 0x00000000e4300000|100%|HS|  |TAMS 0x00000000e4300000, 0x00000000e4300000| Complete 
|  67|0x00000000e4300000, 0x00000000e4400000, 0x00000000e4400000|100%|HC|  |TAMS 0x00000000e4400000, 0x00000000e4400000| Complete 
|  68|0x00000000e4400000, 0x00000000e4500000, 0x00000000e4500000|100%|HS|  |TAMS 0x00000000e4500000, 0x00000000e4500000| Complete 
|  69|0x00000000e4500000, 0x00000000e4600000, 0x00000000e4600000|100%|HC|  |TAMS 0x00000000e4600000, 0x00000000e4600000| Complete 
|  70|0x00000000e4600000, 0x00000000e4700000, 0x00000000e4700000|100%|HS|  |TAMS 0x00000000e4700000, 0x00000000e4700000| Complete 
|  71|0x00000000e4700000, 0x00000000e4800000, 0x00000000e4800000|100%|HC|  |TAMS 0x00000000e4800000, 0x00000000e4800000| Complete 
|  72|0x00000000e4800000, 0x00000000e4900000, 0x00000000e4900000|100%|HS|  |TAMS 0x00000000e4900000, 0x00000000e4900000| Complete 
|  73|0x00000000e4900000, 0x00000000e4a00000, 0x00000000e4a00000|100%|HC|  |TAMS 0x00000000e4a00000, 0x00000000e4a00000| Complete 
|  74|0x00000000e4a00000, 0x00000000e4b00000, 0x00000000e4b00000|100%|HS|  |TAMS 0x00000000e4b00000, 0x00000000e4b00000| Complete 
|  75|0x00000000e4b00000, 0x00000000e4c00000, 0x00000000e4c00000|100%|HS|  |TAMS 0x00000000e4c00000, 0x00000000e4c00000| Complete 
|  76|0x00000000e4c00000, 0x00000000e4d00000, 0x00000000e4d00000|100%| O|  |TAMS 0x00000000e4d00000, 0x00000000e4d00000| Untracked 
|  77|0x00000000e4d00000, 0x00000000e4e00000, 0x00000000e4e00000|100%|HS|  |TAMS 0x00000000e4e00000, 0x00000000e4e00000| Complete 
|  78|0x00000000e4e00000, 0x00000000e4f00000, 0x00000000e4f00000|100%|HC|  |TAMS 0x00000000e4f00000, 0x00000000e4f00000| Complete 
|  79|0x00000000e4f00000, 0x00000000e5000000, 0x00000000e5000000|100%|HS|  |TAMS 0x00000000e5000000, 0x00000000e5000000| Complete 
|  80|0x00000000e5000000, 0x00000000e5100000, 0x00000000e5100000|100%|HC|  |TAMS 0x00000000e5100000, 0x00000000e5100000| Complete 
|  81|0x00000000e5100000, 0x00000000e5200000, 0x00000000e5200000|100%|HS|  |TAMS 0x00000000e5200000, 0x00000000e5200000| Complete 
|  82|0x00000000e5200000, 0x00000000e5300000, 0x00000000e5300000|100%|HC|  |TAMS 0x00000000e5300000, 0x00000000e5300000| Complete 
|  83|0x00000000e5300000, 0x00000000e5400000, 0x00000000e5400000|100%| O|  |TAMS 0x00000000e5400000, 0x00000000e5400000| Untracked 
|  84|0x00000000e5400000, 0x00000000e5500000, 0x00000000e5500000|100%| O|  |TAMS 0x00000000e5500000, 0x00000000e5500000| Untracked 
|  85|0x00000000e5500000, 0x00000000e5600000, 0x00000000e5600000|100%|HS|  |TAMS 0x00000000e5600000, 0x00000000e5600000| Complete 
|  86|0x00000000e5600000, 0x00000000e5700000, 0x00000000e5700000|100%|HC|  |TAMS 0x00000000e5700000, 0x00000000e5700000| Complete 
|  87|0x00000000e5700000, 0x00000000e5800000, 0x00000000e5800000|100%|HS|  |TAMS 0x00000000e5800000, 0x00000000e5800000| Complete 
|  88|0x00000000e5800000, 0x00000000e5900000, 0x00000000e5900000|100%|HC|  |TAMS 0x00000000e5900000, 0x00000000e5900000| Complete 
|  89|0x00000000e5900000, 0x00000000e5a00000, 0x00000000e5a00000|100%| O|  |TAMS 0x00000000e5a00000, 0x00000000e5a00000| Untracked 
|  90|0x00000000e5a00000, 0x00000000e5b00000, 0x00000000e5b00000|100%| O|  |TAMS 0x00000000e5b00000, 0x00000000e5b00000| Untracked 
|  91|0x00000000e5b00000, 0x00000000e5c00000, 0x00000000e5c00000|100%|HS|  |TAMS 0x00000000e5c00000, 0x00000000e5c00000| Complete 
|  92|0x00000000e5c00000, 0x00000000e5d00000, 0x00000000e5d00000|100%|HC|  |TAMS 0x00000000e5d00000, 0x00000000e5d00000| Complete 
|  93|0x00000000e5d00000, 0x00000000e5d7ba00, 0x00000000e5e00000| 48%| O|  |TAMS 0x00000000e5d17400, 0x00000000e5d7ba00| Untracked 
|  94|0x00000000e5e00000, 0x00000000e5e00000, 0x00000000e5f00000|  0%| F|  |TAMS 0x00000000e5e00000, 0x00000000e5e00000| Untracked 
|  95|0x00000000e5f00000, 0x00000000e5f00000, 0x00000000e6000000|  0%| F|  |TAMS 0x00000000e5f00000, 0x00000000e5f00000| Untracked 
|  96|0x00000000e6000000, 0x00000000e6000000, 0x00000000e6100000|  0%| F|  |TAMS 0x00000000e6000000, 0x00000000e6000000| Untracked 
|  97|0x00000000e6100000, 0x00000000e6200000, 0x00000000e6200000|100%| O|  |TAMS 0x00000000e6200000, 0x00000000e6200000| Untracked 
|  98|0x00000000e6200000, 0x00000000e6300000, 0x00000000e6300000|100%|HS|  |TAMS 0x00000000e6300000, 0x00000000e6300000| Complete 
|  99|0x00000000e6300000, 0x00000000e6400000, 0x00000000e6400000|100%|HC|  |TAMS 0x00000000e6400000, 0x00000000e6400000| Complete 
| 100|0x00000000e6400000, 0x00000000e6500000, 0x00000000e6500000|100%| O|  |TAMS 0x00000000e6500000, 0x00000000e6500000| Untracked 
| 101|0x00000000e6500000, 0x00000000e6600000, 0x00000000e6600000|100%|HS|  |TAMS 0x00000000e6500000, 0x00000000e6600000| Complete 
| 102|0x00000000e6600000, 0x00000000e6700000, 0x00000000e6700000|100%|HC|  |TAMS 0x00000000e6600000, 0x00000000e6700000| Complete 
| 103|0x00000000e6700000, 0x00000000e6800000, 0x00000000e6800000|100%|HS|  |TAMS 0x00000000e6800000, 0x00000000e6800000| Complete 
| 104|0x00000000e6800000, 0x00000000e6900000, 0x00000000e6900000|100%|HC|  |TAMS 0x00000000e6900000, 0x00000000e6900000| Complete 
| 105|0x00000000e6900000, 0x00000000e6a00000, 0x00000000e6a00000|100%|HS|  |TAMS 0x00000000e6900000, 0x00000000e6a00000| Complete 
| 106|0x00000000e6a00000, 0x00000000e6b00000, 0x00000000e6b00000|100%|HC|  |TAMS 0x00000000e6a00000, 0x00000000e6b00000| Complete 
| 107|0x00000000e6b00000, 0x00000000e6c00000, 0x00000000e6c00000|100%|HS|  |TAMS 0x00000000e6b00000, 0x00000000e6b00000| Complete 
| 108|0x00000000e6c00000, 0x00000000e6d00000, 0x00000000e6d00000|100%|HC|  |TAMS 0x00000000e6c00000, 0x00000000e6c00000| Complete 
| 109|0x00000000e6d00000, 0x00000000e6e00000, 0x00000000e6e00000|100%|HC|  |TAMS 0x00000000e6d00000, 0x00000000e6d00000| Complete 
| 110|0x00000000e6e00000, 0x00000000e6f00000, 0x00000000e6f00000|100%|HC|  |TAMS 0x00000000e6e00000, 0x00000000e6e00000| Complete 
| 111|0x00000000e6f00000, 0x00000000e7000000, 0x00000000e7000000|100%|HC|  |TAMS 0x00000000e6f00000, 0x00000000e6f00000| Complete 
| 112|0x00000000e7000000, 0x00000000e7000000, 0x00000000e7100000|  0%| F|  |TAMS 0x00000000e7000000, 0x00000000e7000000| Untracked 
| 113|0x00000000e7100000, 0x00000000e7100000, 0x00000000e7200000|  0%| F|  |TAMS 0x00000000e7100000, 0x00000000e7100000| Untracked 
| 114|0x00000000e7200000, 0x00000000e7200000, 0x00000000e7300000|  0%| F|  |TAMS 0x00000000e7200000, 0x00000000e7200000| Untracked 
| 115|0x00000000e7300000, 0x00000000e7300000, 0x00000000e7400000|  0%| F|  |TAMS 0x00000000e7300000, 0x00000000e7300000| Untracked 
| 116|0x00000000e7400000, 0x00000000e7400000, 0x00000000e7500000|  0%| F|  |TAMS 0x00000000e7400000, 0x00000000e7400000| Untracked 
| 117|0x00000000e7500000, 0x00000000e7500000, 0x00000000e7600000|  0%| F|  |TAMS 0x00000000e7500000, 0x00000000e7500000| Untracked 
| 118|0x00000000e7600000, 0x00000000e7600000, 0x00000000e7700000|  0%| F|  |TAMS 0x00000000e7600000, 0x00000000e7600000| Untracked 
| 119|0x00000000e7700000, 0x00000000e7700000, 0x00000000e7800000|  0%| F|  |TAMS 0x00000000e7700000, 0x00000000e7700000| Untracked 
| 120|0x00000000e7800000, 0x00000000e7800000, 0x00000000e7900000|  0%| F|  |TAMS 0x00000000e7800000, 0x00000000e7800000| Untracked 
| 121|0x00000000e7900000, 0x00000000e7900000, 0x00000000e7a00000|  0%| F|  |TAMS 0x00000000e7900000, 0x00000000e7900000| Untracked 
| 122|0x00000000e7a00000, 0x00000000e7a00000, 0x00000000e7b00000|  0%| F|  |TAMS 0x00000000e7a00000, 0x00000000e7a00000| Untracked 
| 123|0x00000000e7b00000, 0x00000000e7b00000, 0x00000000e7c00000|  0%| F|  |TAMS 0x00000000e7b00000, 0x00000000e7b00000| Untracked 
| 124|0x00000000e7c00000, 0x00000000e7c00000, 0x00000000e7d00000|  0%| F|  |TAMS 0x00000000e7c00000, 0x00000000e7c00000| Untracked 
| 125|0x00000000e7d00000, 0x00000000e7d00000, 0x00000000e7e00000|  0%| F|  |TAMS 0x00000000e7d00000, 0x00000000e7d00000| Untracked 
| 126|0x00000000e7e00000, 0x00000000e7e00000, 0x00000000e7f00000|  0%| F|  |TAMS 0x00000000e7e00000, 0x00000000e7e00000| Untracked 
| 127|0x00000000e7f00000, 0x00000000e7f00000, 0x00000000e8000000|  0%| F|  |TAMS 0x00000000e7f00000, 0x00000000e7f00000| Untracked 
| 128|0x00000000e8000000, 0x00000000e8000000, 0x00000000e8100000|  0%| F|  |TAMS 0x00000000e8000000, 0x00000000e8000000| Untracked 
| 129|0x00000000e8100000, 0x00000000e8100000, 0x00000000e8200000|  0%| F|  |TAMS 0x00000000e8100000, 0x00000000e8100000| Untracked 
| 130|0x00000000e8200000, 0x00000000e8200000, 0x00000000e8300000|  0%| F|  |TAMS 0x00000000e8200000, 0x00000000e8200000| Untracked 
| 131|0x00000000e8300000, 0x00000000e8300000, 0x00000000e8400000|  0%| F|  |TAMS 0x00000000e8300000, 0x00000000e8300000| Untracked 
| 132|0x00000000e8400000, 0x00000000e8400000, 0x00000000e8500000|  0%| F|  |TAMS 0x00000000e8400000, 0x00000000e8400000| Untracked 
| 133|0x00000000e8500000, 0x00000000e8500000, 0x00000000e8600000|  0%| F|  |TAMS 0x00000000e8500000, 0x00000000e8500000| Untracked 
| 134|0x00000000e8600000, 0x00000000e8600000, 0x00000000e8700000|  0%| F|  |TAMS 0x00000000e8600000, 0x00000000e8600000| Untracked 
| 135|0x00000000e8700000, 0x00000000e8700000, 0x00000000e8800000|  0%| F|  |TAMS 0x00000000e8700000, 0x00000000e8700000| Untracked 
| 136|0x00000000e8800000, 0x00000000e8800000, 0x00000000e8900000|  0%| F|  |TAMS 0x00000000e8800000, 0x00000000e8800000| Untracked 
| 137|0x00000000e8900000, 0x00000000e8900000, 0x00000000e8a00000|  0%| F|  |TAMS 0x00000000e8900000, 0x00000000e8900000| Untracked 
| 138|0x00000000e8a00000, 0x00000000e8a00000, 0x00000000e8b00000|  0%| F|  |TAMS 0x00000000e8a00000, 0x00000000e8a00000| Untracked 
| 139|0x00000000e8b00000, 0x00000000e8b00000, 0x00000000e8c00000|  0%| F|  |TAMS 0x00000000e8b00000, 0x00000000e8b00000| Untracked 
| 140|0x00000000e8c00000, 0x00000000e8c00000, 0x00000000e8d00000|  0%| F|  |TAMS 0x00000000e8c00000, 0x00000000e8c00000| Untracked 
| 141|0x00000000e8d00000, 0x00000000e8d00000, 0x00000000e8e00000|  0%| F|  |TAMS 0x00000000e8d00000, 0x00000000e8d00000| Untracked 
| 142|0x00000000e8e00000, 0x00000000e8e00000, 0x00000000e8f00000|  0%| F|  |TAMS 0x00000000e8e00000, 0x00000000e8e00000| Untracked 
| 143|0x00000000e8f00000, 0x00000000e8f00000, 0x00000000e9000000|  0%| F|  |TAMS 0x00000000e8f00000, 0x00000000e8f00000| Untracked 
| 144|0x00000000e9000000, 0x00000000e9000000, 0x00000000e9100000|  0%| F|  |TAMS 0x00000000e9000000, 0x00000000e9000000| Untracked 
| 145|0x00000000e9100000, 0x00000000e9100000, 0x00000000e9200000|  0%| F|  |TAMS 0x00000000e9100000, 0x00000000e9100000| Untracked 
| 146|0x00000000e9200000, 0x00000000e9200000, 0x00000000e9300000|  0%| F|  |TAMS 0x00000000e9200000, 0x00000000e9200000| Untracked 
| 147|0x00000000e9300000, 0x00000000e9300000, 0x00000000e9400000|  0%| F|  |TAMS 0x00000000e9300000, 0x00000000e9300000| Untracked 
| 148|0x00000000e9400000, 0x00000000e9400000, 0x00000000e9500000|  0%| F|  |TAMS 0x00000000e9400000, 0x00000000e9400000| Untracked 
| 149|0x00000000e9500000, 0x00000000e9500000, 0x00000000e9600000|  0%| F|  |TAMS 0x00000000e9500000, 0x00000000e9500000| Untracked 
| 150|0x00000000e9600000, 0x00000000e9600000, 0x00000000e9700000|  0%| F|  |TAMS 0x00000000e9600000, 0x00000000e9600000| Untracked 
| 151|0x00000000e9700000, 0x00000000e9700000, 0x00000000e9800000|  0%| F|  |TAMS 0x00000000e9700000, 0x00000000e9700000| Untracked 
| 152|0x00000000e9800000, 0x00000000e9800000, 0x00000000e9900000|  0%| F|  |TAMS 0x00000000e9800000, 0x00000000e9800000| Untracked 
| 153|0x00000000e9900000, 0x00000000e9900000, 0x00000000e9a00000|  0%| F|  |TAMS 0x00000000e9900000, 0x00000000e9900000| Untracked 
| 154|0x00000000e9a00000, 0x00000000e9a00000, 0x00000000e9b00000|  0%| F|  |TAMS 0x00000000e9a00000, 0x00000000e9a00000| Untracked 
| 155|0x00000000e9b00000, 0x00000000e9b00000, 0x00000000e9c00000|  0%| F|  |TAMS 0x00000000e9b00000, 0x00000000e9b00000| Untracked 
| 156|0x00000000e9c00000, 0x00000000e9c00000, 0x00000000e9d00000|  0%| F|  |TAMS 0x00000000e9c00000, 0x00000000e9c00000| Untracked 
| 157|0x00000000e9d00000, 0x00000000e9d00000, 0x00000000e9e00000|  0%| F|  |TAMS 0x00000000e9d00000, 0x00000000e9d00000| Untracked 
| 158|0x00000000e9e00000, 0x00000000e9e00000, 0x00000000e9f00000|  0%| F|  |TAMS 0x00000000e9e00000, 0x00000000e9e00000| Untracked 
| 159|0x00000000e9f00000, 0x00000000e9f00000, 0x00000000ea000000|  0%| F|  |TAMS 0x00000000e9f00000, 0x00000000e9f00000| Untracked 
| 160|0x00000000ea000000, 0x00000000ea000000, 0x00000000ea100000|  0%| F|  |TAMS 0x00000000ea000000, 0x00000000ea000000| Untracked 
| 161|0x00000000ea100000, 0x00000000ea100000, 0x00000000ea200000|  0%| F|  |TAMS 0x00000000ea100000, 0x00000000ea100000| Untracked 
| 162|0x00000000ea200000, 0x00000000ea200000, 0x00000000ea300000|  0%| F|  |TAMS 0x00000000ea200000, 0x00000000ea200000| Untracked 
| 163|0x00000000ea300000, 0x00000000ea300000, 0x00000000ea400000|  0%| F|  |TAMS 0x00000000ea300000, 0x00000000ea300000| Untracked 
| 164|0x00000000ea400000, 0x00000000ea400000, 0x00000000ea500000|  0%| F|  |TAMS 0x00000000ea400000, 0x00000000ea400000| Untracked 
| 165|0x00000000ea500000, 0x00000000ea500000, 0x00000000ea600000|  0%| F|  |TAMS 0x00000000ea500000, 0x00000000ea500000| Untracked 
| 166|0x00000000ea600000, 0x00000000ea600000, 0x00000000ea700000|  0%| F|  |TAMS 0x00000000ea600000, 0x00000000ea600000| Untracked 
| 167|0x00000000ea700000, 0x00000000ea700000, 0x00000000ea800000|  0%| F|  |TAMS 0x00000000ea700000, 0x00000000ea700000| Untracked 
| 168|0x00000000ea800000, 0x00000000ea800000, 0x00000000ea900000|  0%| F|  |TAMS 0x00000000ea800000, 0x00000000ea800000| Untracked 
| 169|0x00000000ea900000, 0x00000000ea900000, 0x00000000eaa00000|  0%| F|  |TAMS 0x00000000ea900000, 0x00000000ea900000| Untracked 
| 170|0x00000000eaa00000, 0x00000000eaa00000, 0x00000000eab00000|  0%| F|  |TAMS 0x00000000eaa00000, 0x00000000eaa00000| Untracked 
| 171|0x00000000eab00000, 0x00000000eab00000, 0x00000000eac00000|  0%| F|  |TAMS 0x00000000eab00000, 0x00000000eab00000| Untracked 
| 172|0x00000000eac00000, 0x00000000eac00000, 0x00000000ead00000|  0%| F|  |TAMS 0x00000000eac00000, 0x00000000eac00000| Untracked 
| 173|0x00000000ead00000, 0x00000000ead00000, 0x00000000eae00000|  0%| F|  |TAMS 0x00000000ead00000, 0x00000000ead00000| Untracked 
| 174|0x00000000eae00000, 0x00000000eae00000, 0x00000000eaf00000|  0%| F|  |TAMS 0x00000000eae00000, 0x00000000eae00000| Untracked 
| 175|0x00000000eaf00000, 0x00000000eaf00000, 0x00000000eb000000|  0%| F|  |TAMS 0x00000000eaf00000, 0x00000000eaf00000| Untracked 
| 176|0x00000000eb000000, 0x00000000eb000000, 0x00000000eb100000|  0%| F|  |TAMS 0x00000000eb000000, 0x00000000eb000000| Untracked 
| 177|0x00000000eb100000, 0x00000000eb100000, 0x00000000eb200000|  0%| F|  |TAMS 0x00000000eb100000, 0x00000000eb100000| Untracked 
| 178|0x00000000eb200000, 0x00000000eb200000, 0x00000000eb300000|  0%| F|  |TAMS 0x00000000eb200000, 0x00000000eb200000| Untracked 
| 179|0x00000000eb300000, 0x00000000eb300000, 0x00000000eb400000|  0%| F|  |TAMS 0x00000000eb300000, 0x00000000eb300000| Untracked 
| 180|0x00000000eb400000, 0x00000000eb400000, 0x00000000eb500000|  0%| F|  |TAMS 0x00000000eb400000, 0x00000000eb400000| Untracked 
| 181|0x00000000eb500000, 0x00000000eb500000, 0x00000000eb600000|  0%| F|  |TAMS 0x00000000eb500000, 0x00000000eb500000| Untracked 
| 182|0x00000000eb600000, 0x00000000eb600000, 0x00000000eb700000|  0%| F|  |TAMS 0x00000000eb600000, 0x00000000eb600000| Untracked 
| 183|0x00000000eb700000, 0x00000000eb700000, 0x00000000eb800000|  0%| F|  |TAMS 0x00000000eb700000, 0x00000000eb700000| Untracked 
| 184|0x00000000eb800000, 0x00000000eb800000, 0x00000000eb900000|  0%| F|  |TAMS 0x00000000eb800000, 0x00000000eb800000| Untracked 
| 185|0x00000000eb900000, 0x00000000eb900000, 0x00000000eba00000|  0%| F|  |TAMS 0x00000000eb900000, 0x00000000eb900000| Untracked 
| 186|0x00000000eba00000, 0x00000000eba00000, 0x00000000ebb00000|  0%| F|  |TAMS 0x00000000eba00000, 0x00000000eba00000| Untracked 
| 187|0x00000000ebb00000, 0x00000000ebb00000, 0x00000000ebc00000|  0%| F|  |TAMS 0x00000000ebb00000, 0x00000000ebb00000| Untracked 
| 188|0x00000000ebc00000, 0x00000000ebc00000, 0x00000000ebd00000|  0%| F|  |TAMS 0x00000000ebc00000, 0x00000000ebc00000| Untracked 
| 189|0x00000000ebd00000, 0x00000000ebd00000, 0x00000000ebe00000|  0%| F|  |TAMS 0x00000000ebd00000, 0x00000000ebd00000| Untracked 
| 190|0x00000000ebe00000, 0x00000000ebe00000, 0x00000000ebf00000|  0%| F|  |TAMS 0x00000000ebe00000, 0x00000000ebe00000| Untracked 
| 191|0x00000000ebf00000, 0x00000000ebf00000, 0x00000000ec000000|  0%| F|  |TAMS 0x00000000ebf00000, 0x00000000ebf00000| Untracked 
| 192|0x00000000ec000000, 0x00000000ec000000, 0x00000000ec100000|  0%| F|  |TAMS 0x00000000ec000000, 0x00000000ec000000| Untracked 
| 193|0x00000000ec100000, 0x00000000ec14dd00, 0x00000000ec200000| 30%| S|CS|TAMS 0x00000000ec100000, 0x00000000ec100000| Complete 
| 194|0x00000000ec200000, 0x00000000ec300000, 0x00000000ec300000|100%| S|CS|TAMS 0x00000000ec200000, 0x00000000ec200000| Complete 
| 195|0x00000000ec300000, 0x00000000ec300000, 0x00000000ec400000|  0%| F|  |TAMS 0x00000000ec300000, 0x00000000ec300000| Untracked 
| 196|0x00000000ec400000, 0x00000000ec400000, 0x00000000ec500000|  0%| F|  |TAMS 0x00000000ec400000, 0x00000000ec400000| Untracked 
| 197|0x00000000ec500000, 0x00000000ec500000, 0x00000000ec600000|  0%| F|  |TAMS 0x00000000ec500000, 0x00000000ec500000| Untracked 
| 198|0x00000000ec600000, 0x00000000ec600000, 0x00000000ec700000|  0%| F|  |TAMS 0x00000000ec600000, 0x00000000ec600000| Untracked 
| 199|0x00000000ec700000, 0x00000000ec700000, 0x00000000ec800000|  0%| F|  |TAMS 0x00000000ec700000, 0x00000000ec700000| Untracked 
| 200|0x00000000ec800000, 0x00000000ec800000, 0x00000000ec900000|  0%| F|  |TAMS 0x00000000ec800000, 0x00000000ec800000| Untracked 
| 201|0x00000000ec900000, 0x00000000ec900000, 0x00000000eca00000|  0%| F|  |TAMS 0x00000000ec900000, 0x00000000ec900000| Untracked 
| 202|0x00000000eca00000, 0x00000000eca00000, 0x00000000ecb00000|  0%| F|  |TAMS 0x00000000eca00000, 0x00000000eca00000| Untracked 
| 203|0x00000000ecb00000, 0x00000000ecb00000, 0x00000000ecc00000|  0%| F|  |TAMS 0x00000000ecb00000, 0x00000000ecb00000| Untracked 
| 204|0x00000000ecc00000, 0x00000000ecc00000, 0x00000000ecd00000|  0%| F|  |TAMS 0x00000000ecc00000, 0x00000000ecc00000| Untracked 
| 205|0x00000000ecd00000, 0x00000000ecd00000, 0x00000000ece00000|  0%| F|  |TAMS 0x00000000ecd00000, 0x00000000ecd00000| Untracked 
| 206|0x00000000ece00000, 0x00000000ece00000, 0x00000000ecf00000|  0%| F|  |TAMS 0x00000000ece00000, 0x00000000ece00000| Untracked 
| 207|0x00000000ecf00000, 0x00000000ecf00000, 0x00000000ed000000|  0%| F|  |TAMS 0x00000000ecf00000, 0x00000000ecf00000| Untracked 
| 208|0x00000000ed000000, 0x00000000ed000000, 0x00000000ed100000|  0%| F|  |TAMS 0x00000000ed000000, 0x00000000ed000000| Untracked 
| 209|0x00000000ed100000, 0x00000000ed100000, 0x00000000ed200000|  0%| F|  |TAMS 0x00000000ed100000, 0x00000000ed100000| Untracked 
| 210|0x00000000ed200000, 0x00000000ed200000, 0x00000000ed300000|  0%| F|  |TAMS 0x00000000ed200000, 0x00000000ed200000| Untracked 
| 211|0x00000000ed300000, 0x00000000ed300000, 0x00000000ed400000|  0%| F|  |TAMS 0x00000000ed300000, 0x00000000ed300000| Untracked 
| 212|0x00000000ed400000, 0x00000000ed400000, 0x00000000ed500000|  0%| F|  |TAMS 0x00000000ed400000, 0x00000000ed400000| Untracked 
| 213|0x00000000ed500000, 0x00000000ed500000, 0x00000000ed600000|  0%| F|  |TAMS 0x00000000ed500000, 0x00000000ed500000| Untracked 
| 214|0x00000000ed600000, 0x00000000ed600000, 0x00000000ed700000|  0%| F|  |TAMS 0x00000000ed600000, 0x00000000ed600000| Untracked 
| 215|0x00000000ed700000, 0x00000000ed700000, 0x00000000ed800000|  0%| F|  |TAMS 0x00000000ed700000, 0x00000000ed700000| Untracked 
| 216|0x00000000ed800000, 0x00000000ed800000, 0x00000000ed900000|  0%| F|  |TAMS 0x00000000ed800000, 0x00000000ed800000| Untracked 
| 217|0x00000000ed900000, 0x00000000ed900000, 0x00000000eda00000|  0%| F|  |TAMS 0x00000000ed900000, 0x00000000ed900000| Untracked 
| 218|0x00000000eda00000, 0x00000000eda00000, 0x00000000edb00000|  0%| F|  |TAMS 0x00000000eda00000, 0x00000000eda00000| Untracked 
| 219|0x00000000edb00000, 0x00000000edb00000, 0x00000000edc00000|  0%| F|  |TAMS 0x00000000edb00000, 0x00000000edb00000| Untracked 
| 220|0x00000000edc00000, 0x00000000edc00000, 0x00000000edd00000|  0%| F|  |TAMS 0x00000000edc00000, 0x00000000edc00000| Untracked 
| 221|0x00000000edd00000, 0x00000000edd00000, 0x00000000ede00000|  0%| F|  |TAMS 0x00000000edd00000, 0x00000000edd00000| Untracked 
| 222|0x00000000ede00000, 0x00000000ede00000, 0x00000000edf00000|  0%| F|  |TAMS 0x00000000ede00000, 0x00000000ede00000| Untracked 
| 223|0x00000000edf00000, 0x00000000edf00000, 0x00000000ee000000|  0%| F|  |TAMS 0x00000000edf00000, 0x00000000edf00000| Untracked 
| 224|0x00000000ee000000, 0x00000000ee000000, 0x00000000ee100000|  0%| F|  |TAMS 0x00000000ee000000, 0x00000000ee000000| Untracked 
| 225|0x00000000ee100000, 0x00000000ee100000, 0x00000000ee200000|  0%| F|  |TAMS 0x00000000ee100000, 0x00000000ee100000| Untracked 
| 226|0x00000000ee200000, 0x00000000ee200000, 0x00000000ee300000|  0%| F|  |TAMS 0x00000000ee200000, 0x00000000ee200000| Untracked 
| 227|0x00000000ee300000, 0x00000000ee300000, 0x00000000ee400000|  0%| F|  |TAMS 0x00000000ee300000, 0x00000000ee300000| Untracked 
| 228|0x00000000ee400000, 0x00000000ee400000, 0x00000000ee500000|  0%| F|  |TAMS 0x00000000ee400000, 0x00000000ee400000| Untracked 
| 229|0x00000000ee500000, 0x00000000ee500000, 0x00000000ee600000|  0%| F|  |TAMS 0x00000000ee500000, 0x00000000ee500000| Untracked 
| 230|0x00000000ee600000, 0x00000000ee600000, 0x00000000ee700000|  0%| F|  |TAMS 0x00000000ee600000, 0x00000000ee600000| Untracked 
| 231|0x00000000ee700000, 0x00000000ee700000, 0x00000000ee800000|  0%| F|  |TAMS 0x00000000ee700000, 0x00000000ee700000| Untracked 
| 232|0x00000000ee800000, 0x00000000ee800000, 0x00000000ee900000|  0%| F|  |TAMS 0x00000000ee800000, 0x00000000ee800000| Untracked 
| 233|0x00000000ee900000, 0x00000000ee900000, 0x00000000eea00000|  0%| F|  |TAMS 0x00000000ee900000, 0x00000000ee900000| Untracked 
| 234|0x00000000eea00000, 0x00000000eea00000, 0x00000000eeb00000|  0%| F|  |TAMS 0x00000000eea00000, 0x00000000eea00000| Untracked 
| 235|0x00000000eeb00000, 0x00000000eeb00000, 0x00000000eec00000|  0%| F|  |TAMS 0x00000000eeb00000, 0x00000000eeb00000| Untracked 
| 236|0x00000000eec00000, 0x00000000eec00000, 0x00000000eed00000|  0%| F|  |TAMS 0x00000000eec00000, 0x00000000eec00000| Untracked 
| 237|0x00000000eed00000, 0x00000000eed00000, 0x00000000eee00000|  0%| F|  |TAMS 0x00000000eed00000, 0x00000000eed00000| Untracked 
| 238|0x00000000eee00000, 0x00000000eee00000, 0x00000000eef00000|  0%| F|  |TAMS 0x00000000eee00000, 0x00000000eee00000| Untracked 
| 239|0x00000000eef00000, 0x00000000eef00000, 0x00000000ef000000|  0%| F|  |TAMS 0x00000000eef00000, 0x00000000eef00000| Untracked 
| 240|0x00000000ef000000, 0x00000000ef00b5e8, 0x00000000ef100000|  4%| E|  |TAMS 0x00000000ef000000, 0x00000000ef000000| Complete 
| 511|0x00000000fff00000, 0x0000000100000000, 0x0000000100000000|100%| O|  |TAMS 0x0000000100000000, 0x0000000100000000| Untracked 

Card table byte_map: [0x000001c8a5640000,0x000001c8a5740000] _byte_map_base: 0x000001c8a4f40000

Marking Bits (Prev, Next): (CMBitMap*) 0x000001c88e4b70d8, (CMBitMap*) 0x000001c88e4b7118
 Prev Bits: [0x000001c8a5840000, 0x000001c8a6040000)
 Next Bits: [0x000001c8a6040000, 0x000001c8a6840000)

Polling page: 0x000001c88dc60000

Metaspace:

Usage:
  Non-class:     46.39 MB capacity,    46.03 MB (>99%) used,   282.74 KB ( <1%) free+waste,    80.44 KB ( <1%) overhead. 
      Class:      6.11 MB capacity,     5.86 MB ( 96%) used,   216.77 KB (  3%) free+waste,    34.81 KB ( <1%) overhead. 
       Both:     52.49 MB capacity,    51.89 MB ( 99%) used,   499.52 KB ( <1%) free+waste,   115.25 KB ( <1%) overhead. 

Virtual space:
  Non-class space:       48.00 MB reserved,      46.67 MB ( 97%) committed 
      Class space:        1.00 GB reserved,       6.25 MB ( <1%) committed 
             Both:        1.05 GB reserved,      52.92 MB (  5%) committed 

Chunk freelists:
   Non-Class:  229.00 KB
       Class:  82.00 KB
        Both:  311.00 KB

MaxMetaspaceSize: 17179869184.00 GB
CompressedClassSpaceSize: 1.00 GB

CodeHeap 'non-profiled nmethods': size=120000Kb used=9030Kb max_used=9817Kb free=110969Kb
 bounds [0x000001c89dcd0000, 0x000001c89e670000, 0x000001c8a5200000]
CodeHeap 'profiled nmethods': size=120000Kb used=18200Kb max_used=19508Kb free=101799Kb
 bounds [0x000001c8967a0000, 0x000001c897ab0000, 0x000001c89dcd0000]
CodeHeap 'non-nmethods': size=5760Kb used=1479Kb max_used=1537Kb free=4280Kb
 bounds [0x000001c896200000, 0x000001c896470000, 0x000001c8967a0000]
 total_blobs=17631 nmethods=8710 adapters=723
 compilation: enabled
              stopped_count=0, restarted_count=0
 full_count=0

Compilation events (20 events):
Event: 20082.432 Thread 0x000001c8a9b91000 11565       3       javax.swing.AbstractButton$Handler::itemStateChanged (70 bytes)
Event: 20082.434 Thread 0x000001c8a9b91000 nmethod 11565 0x000001c8967da910 code [0x000001c8967dab60, 0x000001c8967db7b8]
Event: 20082.697 Thread 0x000001c8a9b89800 11567       4       javax.swing.JViewport::isBlitting (40 bytes)
Event: 20082.705 Thread 0x000001c8a9b89800 nmethod 11567 0x000001c89e564e10 code [0x000001c89e5650c0, 0x000001c89e565688]
Event: 20083.731 Thread 0x000001c8a9b89800 11568       4       com.xmlmind.xmledit.gadget.GadgetPanel::processMouseMotionEvent (28 bytes)
Event: 20083.733 Thread 0x000001c8a9b89800 nmethod 11568 0x000001c89dea0710 code [0x000001c89dea0920, 0x000001c89dea0bb0]
Event: 20094.531 Thread 0x000001c8a9b89800 11569       4       javax.swing.JViewport::flushViewDirtyRegion (125 bytes)
Event: 20094.557 Thread 0x000001c8a9b89800 nmethod 11569 0x000001c89e486210 code [0x000001c89e486660, 0x000001c89e4875a0]
Event: 20094.572 Thread 0x000001c8a9b89800 11570       4       java.awt.Component::setLocation (7 bytes)
Event: 20094.575 Thread 0x000001c8a9b89800 nmethod 11570 0x000001c89e009110 code [0x000001c89e0092c0, 0x000001c89e009668]
Event: 20106.224 Thread 0x000001c8a9b89800 11571       4       java.awt.Point::equals (46 bytes)
Event: 20106.225 Thread 0x000001c8a9b89800 nmethod 11571 0x000001c89e31cb90 code [0x000001c89e31cd40, 0x000001c89e31ce58]
Event: 20106.235 Thread 0x000001c8a9b89800 11572       4       java.util.regex.Matcher::search (154 bytes)
Event: 20106.250 Thread 0x000001c8a9b89800 nmethod 11572 0x000001c89dd1db10 code [0x000001c89dd1dd40, 0x000001c89dd1e238]
Event: 20106.250 Thread 0x000001c8a9b89800 11573       4       javax.swing.JViewport::blitDoubleBuffered (132 bytes)
Event: 20106.273 Thread 0x000001c8a9b89800 nmethod 11573 0x000001c89e490510 code [0x000001c89e490840, 0x000001c89e4914a8]
Event: 20131.394 Thread 0x000001c8a9b89800 11574       4       java.util.LinkedList::clone (53 bytes)
Event: 20131.402 Thread 0x000001c8a9b89800 nmethod 11574 0x000001c89e083490 code [0x000001c89e083660, 0x000001c89e083d08]
Event: 20146.827 Thread 0x000001c8a9b89800 11575   !   4       com.xmlmind.xmledit.gadget.EventDispatcher::handleMouseEvent (120 bytes)
Event: 20146.860 Thread 0x000001c8a9b89800 nmethod 11575 0x000001c89e580290 code [0x000001c89e580640, 0x000001c89e581d48]

GC Heap History (20 events):
Event: 18690.706 GC heap before
{Heap before GC invocations=621 (full 0):
 garbage-first heap   total 247808K, used 220230K [0x00000000e0000000, 0x0000000100000000)
  region size 1024K, 110 young (112640K), 1 survivors (1024K)
 Metaspace       used 52505K, capacity 53135K, committed 53552K, reserved 1097728K
  class space    used 5921K, capacity 6156K, committed 6272K, reserved 1048576K
}
Event: 18690.712 GC heap after
{Heap after GC invocations=622 (full 0):
 garbage-first heap   total 247808K, used 107716K [0x00000000e0000000, 0x0000000100000000)
  region size 1024K, 1 young (1024K), 1 survivors (1024K)
 Metaspace       used 52505K, capacity 53135K, committed 53552K, reserved 1097728K
  class space    used 5921K, capacity 6156K, committed 6272K, reserved 1048576K
}
Event: 18831.514 GC heap before
{Heap before GC invocations=622 (full 0):
 garbage-first heap   total 247808K, used 223428K [0x00000000e0000000, 0x0000000100000000)
  region size 1024K, 110 young (112640K), 1 survivors (1024K)
 Metaspace       used 53081K, capacity 53746K, committed 54192K, reserved 1097728K
  class space    used 6001K, capacity 6253K, committed 6400K, reserved 1048576K
}
Event: 18831.522 GC heap after
{Heap after GC invocations=623 (full 0):
 garbage-first heap   total 247808K, used 108323K [0x00000000e0000000, 0x0000000100000000)
  region size 1024K, 2 young (2048K), 2 survivors (2048K)
 Metaspace       used 53081K, capacity 53746K, committed 54192K, reserved 1097728K
  class space    used 6001K, capacity 6253K, committed 6400K, reserved 1048576K
}
Event: 19031.419 GC heap before
{Heap before GC invocations=623 (full 0):
 garbage-first heap   total 247808K, used 218915K [0x00000000e0000000, 0x0000000100000000)
  region size 1024K, 109 young (111616K), 2 survivors (2048K)
 Metaspace       used 53112K, capacity 53752K, committed 54192K, reserved 1097728K
  class space    used 6002K, capacity 6254K, committed 6400K, reserved 1048576K
}
Event: 19031.425 GC heap after
{Heap after GC invocations=624 (full 0):
 garbage-first heap   total 247808K, used 108717K [0x00000000e0000000, 0x0000000100000000)
  region size 1024K, 2 young (2048K), 2 survivors (2048K)
 Metaspace       used 53112K, capacity 53752K, committed 54192K, reserved 1097728K
  class space    used 6002K, capacity 6254K, committed 6400K, reserved 1048576K
}
Event: 19202.898 GC heap before
{Heap before GC invocations=624 (full 0):
 garbage-first heap   total 247808K, used 218285K [0x00000000e0000000, 0x0000000100000000)
  region size 1024K, 109 young (111616K), 2 survivors (2048K)
 Metaspace       used 53130K, capacity 53753K, committed 54192K, reserved 1097728K
  class space    used 6002K, capacity 6254K, committed 6400K, reserved 1048576K
}
Event: 19202.903 GC heap after
{Heap after GC invocations=625 (full 0):
 garbage-first heap   total 247808K, used 108842K [0x00000000e0000000, 0x0000000100000000)
  region size 1024K, 2 young (2048K), 2 survivors (2048K)
 Metaspace       used 53130K, capacity 53753K, committed 54192K, reserved 1097728K
  class space    used 6002K, capacity 6254K, committed 6400K, reserved 1048576K
}
Event: 19392.240 GC heap before
{Heap before GC invocations=625 (full 0):
 garbage-first heap   total 247808K, used 218410K [0x00000000e0000000, 0x0000000100000000)
  region size 1024K, 109 young (111616K), 2 survivors (2048K)
 Metaspace       used 53130K, capacity 53753K, committed 54192K, reserved 1097728K
  class space    used 6002K, capacity 6254K, committed 6400K, reserved 1048576K
}
Event: 19392.247 GC heap after
{Heap after GC invocations=626 (full 0):
 garbage-first heap   total 247808K, used 108723K [0x00000000e0000000, 0x0000000100000000)
  region size 1024K, 2 young (2048K), 2 survivors (2048K)
 Metaspace       used 53130K, capacity 53753K, committed 54192K, reserved 1097728K
  class space    used 6002K, capacity 6254K, committed 6400K, reserved 1048576K
}
Event: 19583.620 GC heap before
{Heap before GC invocations=626 (full 0):
 garbage-first heap   total 247808K, used 219315K [0x00000000e0000000, 0x0000000100000000)
  region size 1024K, 110 young (112640K), 2 survivors (2048K)
 Metaspace       used 53130K, capacity 53753K, committed 54192K, reserved 1097728K
  class space    used 6002K, capacity 6254K, committed 6400K, reserved 1048576K
}
Event: 19583.624 GC heap after
{Heap after GC invocations=627 (full 0):
 garbage-first heap   total 247808K, used 108810K [0x00000000e0000000, 0x0000000100000000)
  region size 1024K, 2 young (2048K), 2 survivors (2048K)
 Metaspace       used 53130K, capacity 53753K, committed 54192K, reserved 1097728K
  class space    used 6002K, capacity 6254K, committed 6400K, reserved 1048576K
}
Event: 19774.385 GC heap before
{Heap before GC invocations=627 (full 0):
 garbage-first heap   total 247808K, used 219402K [0x00000000e0000000, 0x0000000100000000)
  region size 1024K, 110 young (112640K), 2 survivors (2048K)
 Metaspace       used 53130K, capacity 53753K, committed 54192K, reserved 1097728K
  class space    used 6002K, capacity 6254K, committed 6400K, reserved 1048576K
}
Event: 19774.387 GC heap after
{Heap after GC invocations=628 (full 0):
 garbage-first heap   total 247808K, used 108402K [0x00000000e0000000, 0x0000000100000000)
  region size 1024K, 2 young (2048K), 2 survivors (2048K)
 Metaspace       used 53130K, capacity 53753K, committed 54192K, reserved 1097728K
  class space    used 6002K, capacity 6254K, committed 6400K, reserved 1048576K
}
Event: 19934.246 GC heap before
{Heap before GC invocations=628 (full 0):
 garbage-first heap   total 247808K, used 220018K [0x00000000e0000000, 0x0000000100000000)
  region size 1024K, 110 young (112640K), 2 survivors (2048K)
 Metaspace       used 53131K, capacity 53753K, committed 54192K, reserved 1097728K
  class space    used 6002K, capacity 6254K, committed 6400K, reserved 1048576K
}
Event: 19934.250 GC heap after
{Heap after GC invocations=629 (full 0):
 garbage-first heap   total 247808K, used 108469K [0x00000000e0000000, 0x0000000100000000)
  region size 1024K, 2 young (2048K), 2 survivors (2048K)
 Metaspace       used 53131K, capacity 53753K, committed 54192K, reserved 1097728K
  class space    used 6002K, capacity 6254K, committed 6400K, reserved 1048576K
}
Event: 20097.042 GC heap before
{Heap before GC invocations=629 (full 0):
 garbage-first heap   total 247808K, used 219061K [0x00000000e0000000, 0x0000000100000000)
  region size 1024K, 110 young (112640K), 2 survivors (2048K)
 Metaspace       used 53138K, capacity 53753K, committed 54192K, reserved 1097728K
  class space    used 6002K, capacity 6254K, committed 6400K, reserved 1048576K
}
Event: 20097.044 GC heap after
{Heap after GC invocations=630 (full 0):
 garbage-first heap   total 247808K, used 108482K [0x00000000e0000000, 0x0000000100000000)
  region size 1024K, 2 young (2048K), 2 survivors (2048K)
 Metaspace       used 53138K, capacity 53753K, committed 54192K, reserved 1097728K
  class space    used 6002K, capacity 6254K, committed 6400K, reserved 1048576K
}
Event: 20176.736 GC heap before
{Heap before GC invocations=630 (full 0):
 garbage-first heap   total 247808K, used 154562K [0x00000000e0000000, 0x0000000100000000)
  region size 1024K, 48 young (49152K), 2 survivors (2048K)
 Metaspace       used 53138K, capacity 53753K, committed 54192K, reserved 1097728K
  class space    used 6002K, capacity 6254K, committed 6400K, reserved 1048576K
}
Event: 20176.741 GC heap after
{Heap after GC invocations=631 (full 0):
 garbage-first heap   total 247808K, used 108325K [0x00000000e0000000, 0x0000000100000000)
  region size 1024K, 2 young (2048K), 2 survivors (2048K)
 Metaspace       used 53138K, capacity 53753K, committed 54192K, reserved 1097728K
  class space    used 6002K, capacity 6254K, committed 6400K, reserved 1048576K
}

Deoptimization events (20 events):
Event: 19083.504 Thread 0x000001c8aa1b4800 Uncommon trap: trap_request=0xffffffde fr.pc=0x000001c89e0bb644 relative=0x0000000000000584
Event: 19083.504 Thread 0x000001c8aa1b4800 Uncommon trap: reason=class_check action=maybe_recompile pc=0x000001c89e0bb644 method=com.xmlmind.xml.rng.validate.Matcher.match(Lcom/xmlmind/xml/rng/validate/Pattern;[Lcom/xmlmind/xml/validate/Field;I[Lcom/xmlmind/xml/validate/Item;ILcom/xmlmind/xml/rng/
Event: 19083.504 Thread 0x000001c8aa1b4800 DEOPT PACKING pc=0x000001c89e0bb644 sp=0x000000ba2affe0c0
Event: 19083.504 Thread 0x000001c8aa1b4800 DEOPT UNPACKING pc=0x000001c89624912f sp=0x000000ba2affded0 mode 2
Event: 19083.504 Thread 0x000001c8aa1b4800 Uncommon trap: trap_request=0xffffffde fr.pc=0x000001c89e0bb644 relative=0x0000000000000584
Event: 19083.504 Thread 0x000001c8aa1b4800 Uncommon trap: reason=class_check action=maybe_recompile pc=0x000001c89e0bb644 method=com.xmlmind.xml.rng.validate.Matcher.match(Lcom/xmlmind/xml/rng/validate/Pattern;[Lcom/xmlmind/xml/validate/Field;I[Lcom/xmlmind/xml/validate/Item;ILcom/xmlmind/xml/rng/
Event: 19083.504 Thread 0x000001c8aa1b4800 DEOPT PACKING pc=0x000001c89e0bb644 sp=0x000000ba2affe0c0
Event: 19083.504 Thread 0x000001c8aa1b4800 DEOPT UNPACKING pc=0x000001c89624912f sp=0x000000ba2affded0 mode 2
Event: 19083.504 Thread 0x000001c8aa1b4800 Uncommon trap: trap_request=0xffffffde fr.pc=0x000001c89e0bb644 relative=0x0000000000000584
Event: 19083.504 Thread 0x000001c8aa1b4800 Uncommon trap: reason=class_check action=maybe_recompile pc=0x000001c89e0bb644 method=com.xmlmind.xml.rng.validate.Matcher.match(Lcom/xmlmind/xml/rng/validate/Pattern;[Lcom/xmlmind/xml/validate/Field;I[Lcom/xmlmind/xml/validate/Item;ILcom/xmlmind/xml/rng/
Event: 19083.504 Thread 0x000001c8aa1b4800 DEOPT PACKING pc=0x000001c89e0bb644 sp=0x000000ba2affe0c0
Event: 19083.504 Thread 0x000001c8aa1b4800 DEOPT UNPACKING pc=0x000001c89624912f sp=0x000000ba2affded0 mode 2
Event: 19083.504 Thread 0x000001c8aa1b4800 Uncommon trap: trap_request=0xffffffde fr.pc=0x000001c89e0bb644 relative=0x0000000000000584
Event: 19083.504 Thread 0x000001c8aa1b4800 Uncommon trap: reason=class_check action=maybe_recompile pc=0x000001c89e0bb644 method=com.xmlmind.xml.rng.validate.Matcher.match(Lcom/xmlmind/xml/rng/validate/Pattern;[Lcom/xmlmind/xml/validate/Field;I[Lcom/xmlmind/xml/validate/Item;ILcom/xmlmind/xml/rng/
Event: 19083.504 Thread 0x000001c8aa1b4800 DEOPT PACKING pc=0x000001c89e0bb644 sp=0x000000ba2affe0c0
Event: 19083.504 Thread 0x000001c8aa1b4800 DEOPT UNPACKING pc=0x000001c89624912f sp=0x000000ba2affded0 mode 2
Event: 19083.504 Thread 0x000001c8aa1b4800 Uncommon trap: trap_request=0xffffffde fr.pc=0x000001c89e3661e4 relative=0x0000000000000584
Event: 19083.504 Thread 0x000001c8aa1b4800 Uncommon trap: reason=class_check action=maybe_recompile pc=0x000001c89e3661e4 method=com.xmlmind.xml.rng.validate.Matcher.match(Lcom/xmlmind/xml/rng/validate/Pattern;[Lcom/xmlmind/xml/validate/Field;I[Lcom/xmlmind/xml/validate/Item;ILcom/xmlmind/xml/rng/
Event: 19083.504 Thread 0x000001c8aa1b4800 DEOPT PACKING pc=0x000001c89e3661e4 sp=0x000000ba2affdf90
Event: 19083.504 Thread 0x000001c8aa1b4800 DEOPT UNPACKING pc=0x000001c89624912f sp=0x000000ba2affdf20 mode 2

Classes unloaded (20 events):
Event: 602.987 Thread 0x000001c8a928f800 Unloading class 0x00000001000b5040 'java/lang/invoke/LambdaForm$MH'
Event: 602.987 Thread 0x000001c8a928f800 Unloading class 0x00000001000b5c40 'java/lang/invoke/LambdaForm$MH'
Event: 602.987 Thread 0x000001c8a928f800 Unloading class 0x00000001000b7440 'jdk/internal/reflect/GeneratedSerializationConstructorAccessor4'
Event: 602.987 Thread 0x000001c8a928f800 Unloading class 0x00000001000b0c40 'jdk/internal/reflect/GeneratedSerializationConstructorAccessor3'
Event: 602.987 Thread 0x000001c8a928f800 Unloading class 0x00000001000b0840 'jdk/internal/reflect/GeneratedMethodAccessor2'
Event: 602.987 Thread 0x000001c8a928f800 Unloading class 0x00000001000b0440 'jdk/internal/reflect/GeneratedMethodAccessor1'
Event: 602.987 Thread 0x000001c8a928f800 Unloading class 0x00000001000b0040 'jdk/internal/reflect/GeneratedSerializationConstructorAccessor2'
Event: 602.987 Thread 0x000001c8a928f800 Unloading class 0x0000000100062440 'jdk/internal/reflect/GeneratedSerializationConstructorAccessor1'
Event: 3157.563 Thread 0x000001c8a928f800 Unloading class 0x0000000100534840 'jdk/internal/reflect/GeneratedConstructorAccessor12'
Event: 3157.563 Thread 0x000001c8a928f800 Unloading class 0x0000000100536c40 'jdk/internal/reflect/GeneratedConstructorAccessor10'
Event: 3157.563 Thread 0x000001c8a928f800 Unloading class 0x0000000100536840 'jdk/internal/reflect/GeneratedConstructorAccessor9'
Event: 3157.563 Thread 0x000001c8a928f800 Unloading class 0x0000000100537440 'jdk/internal/reflect/GeneratedConstructorAccessor8'
Event: 3157.563 Thread 0x000001c8a928f800 Unloading class 0x0000000100537040 'jdk/internal/reflect/GeneratedConstructorAccessor7'
Event: 3157.563 Thread 0x000001c8a928f800 Unloading class 0x0000000100537c40 'jdk/internal/reflect/GeneratedConstructorAccessor6'
Event: 5865.701 Thread 0x000001c8a928f800 Unloading class 0x00000001003e1840 'java/lang/invoke/LambdaForm$MH'
Event: 5865.701 Thread 0x000001c8a928f800 Unloading class 0x0000000100537440 'java/lang/invoke/LambdaForm$MH'
Event: 5865.701 Thread 0x000001c8a928f800 Unloading class 0x0000000100536c40 'java/lang/invoke/LambdaForm$MH'
Event: 5865.701 Thread 0x000001c8a928f800 Unloading class 0x0000000100536840 'java/lang/invoke/LambdaForm$MH'
Event: 5865.701 Thread 0x000001c8a928f800 Unloading class 0x00000001000b5c40 'jdk/internal/reflect/GeneratedConstructorAccessor15'
Event: 5865.701 Thread 0x000001c8a928f800 Unloading class 0x00000001000b5040 'jdk/internal/reflect/GeneratedConstructorAccessor14'

Classes redefined (0 events):
No events

Internal exceptions (20 events):
Event: 7615.221 Thread 0x000001c8aa1b4800 Exception <a 'java/io/IOException'{0x00000000ea6f8838}: system clipboard data unavailable> (0x00000000ea6f8838) 
thrown [t:/workspace/open/src/hotspot/share/prims/jni.cpp, line 620]
Event: 8037.749 Thread 0x000001c8a9f4e800 Exception <a 'java/lang/IllegalStateException'{0x00000000ede844e0}: cannot open system clipboard> (0x00000000ede844e0) 
thrown [t:/workspace/open/src/hotspot/share/prims/jni.cpp, line 620]
Event: 8186.749 Thread 0x000001c8aa1b4800 Exception <a 'java/io/IOException'{0x00000000e87bc608}: system clipboard data unavailable> (0x00000000e87bc608) 
thrown [t:/workspace/open/src/hotspot/share/prims/jni.cpp, line 620]
Event: 8638.517 Thread 0x000001c8a9f4e800 Exception <a 'java/lang/IllegalStateException'{0x00000000eec01a70}: cannot open system clipboard> (0x00000000eec01a70) 
thrown [t:/workspace/open/src/hotspot/share/prims/jni.cpp, line 620]
Event: 8638.528 Thread 0x000001c8aa1b4800 Exception <a 'java/lang/IllegalStateException'{0x00000000eb10b928}: cannot open system clipboard> (0x00000000eb10b928) 
thrown [t:/workspace/open/src/hotspot/share/prims/jni.cpp, line 620]
Event: 8671.175 Thread 0x000001c8a9f4e800 Exception <a 'java/lang/IllegalStateException'{0x00000000ef098e20}: cannot open system clipboard> (0x00000000ef098e20) 
thrown [t:/workspace/open/src/hotspot/share/prims/jni.cpp, line 620]
Event: 8671.176 Thread 0x000001c8aa1b4800 Exception <a 'java/lang/IllegalStateException'{0x00000000eea4aab0}: cannot open system clipboard> (0x00000000eea4aab0) 
thrown [t:/workspace/open/src/hotspot/share/prims/jni.cpp, line 620]
Event: 11379.904 Thread 0x000001c8aa1b4800 Implicit null exception at 0x000001c89e34af33 to 0x000001c89e34c6f8
Event: 11379.905 Thread 0x000001c8aa1b4800 Implicit null exception at 0x000001c89e22b0b1 to 0x000001c89e22e30c
Event: 15122.803 Thread 0x000001c8aa1b4800 Implicit null exception at 0x000001c89e438b2a to 0x000001c89e43c2de
Event: 15237.274 Thread 0x000001c8aa1b4800 Exception <a 'java/lang/IllegalStateException'{0x00000000e87398d8}: cannot open system clipboard> (0x00000000e87398d8) 
thrown [t:/workspace/open/src/hotspot/share/prims/jni.cpp, line 620]
Event: 15340.102 Thread 0x000001c8aa1b4800 Exception <a 'java/lang/IllegalStateException'{0x00000000ec99b7d8}: cannot open system clipboard> (0x00000000ec99b7d8) 
thrown [t:/workspace/open/src/hotspot/share/prims/jni.cpp, line 620]
Event: 18134.693 Thread 0x000001c8a9f4e800 Exception <a 'java/lang/IllegalStateException'{0x00000000e9f82d28}: cannot open system clipboard> (0x00000000e9f82d28) 
thrown [t:/workspace/open/src/hotspot/share/prims/jni.cpp, line 620]
Event: 18161.974 Thread 0x000001c8aa1b4800 Exception <a 'java/io/IOException'{0x00000000e91ede90}: system clipboard data unavailable> (0x00000000e91ede90) 
thrown [t:/workspace/open/src/hotspot/share/prims/jni.cpp, line 620]
Event: 18161.974 Thread 0x000001c8aa1b4800 Exception <a 'java/io/IOException'{0x00000000e91ee700}: system clipboard data unavailable> (0x00000000e91ee700) 
thrown [t:/workspace/open/src/hotspot/share/prims/jni.cpp, line 620]
Event: 18622.607 Thread 0x000001c8aa1b4800 Implicit null exception at 0x000001c89e51c23b to 0x000001c89e51c59c
Event: 18658.235 Thread 0x000001c8aa1b4800 Implicit null exception at 0x000001c89e526705 to 0x000001c89e5278b3
Event: 18786.110 Thread 0x000001c8aa1b4800 Implicit null exception at 0x000001c89e168a86 to 0x000001c89e169b33
Event: 18832.570 Thread 0x000001c8a9f4e800 Exception <a 'java/lang/IllegalStateException'{0x00000000eef027d0}: cannot open system clipboard> (0x00000000eef027d0) 
thrown [t:/workspace/open/src/hotspot/share/prims/jni.cpp, line 620]
Event: 19062.204 Thread 0x000001c8a9f4e800 Exception <a 'java/lang/IllegalStateException'{0x00000000edeb8d20}: cannot open system clipboard> (0x00000000edeb8d20) 
thrown [t:/workspace/open/src/hotspot/share/prims/jni.cpp, line 620]

Events (20 events):
Event: 19583.620 Executing VM operation: G1CollectForAllocation
Event: 19583.624 Executing VM operation: G1CollectForAllocation done
Event: 19583.625 Executing VM operation: HandshakeOneThread
Event: 19583.625 Executing VM operation: HandshakeOneThread done
Event: 19583.625 Executing VM operation: HandshakeOneThread
Event: 19583.625 Executing VM operation: HandshakeOneThread done
Event: 19583.625 Executing VM operation: HandshakeOneThread
Event: 19583.625 Executing VM operation: HandshakeOneThread done
Event: 19774.385 Executing VM operation: G1CollectForAllocation
Event: 19774.387 Executing VM operation: G1CollectForAllocation done
Event: 19934.246 Executing VM operation: G1CollectForAllocation
Event: 19934.250 Executing VM operation: G1CollectForAllocation done
Event: 20097.042 Executing VM operation: G1CollectForAllocation
Event: 20097.044 Executing VM operation: G1CollectForAllocation done
Event: 20151.052 Executing VM operation: BulkRevokeBias
Event: 20151.052 Executing VM operation: BulkRevokeBias done
Event: 20151.053 Executing VM operation: BulkRevokeBias
Event: 20151.054 Executing VM operation: BulkRevokeBias done
Event: 20176.736 Executing VM operation: G1TryInitiateConcMark
Event: 20176.741 Executing VM operation: G1TryInitiateConcMark done


Dynamic libraries:
0x00007ff7a1730000 - 0x00007ff7a173d000 	C:\Program Files (x86)\XMLmind_XML_Editor\bin\jre64\bin\javaw.exe
0x00007ffc081c0000 - 0x00007ffc083ad000 	C:\Windows\SYSTEM32\ntdll.dll
0x00007ffc06fa0000 - 0x00007ffc07053000 	C:\Windows\System32\KERNEL32.DLL
0x00007ffc04ea0000 - 0x00007ffc05135000 	C:\Windows\System32\KERNELBASE.dll
0x00007ffc052e0000 - 0x00007ffc053da000 	C:\Windows\System32\ucrtbase.dll
0x00007ffbf6310000 - 0x00007ffbf6325000 	C:\Program Files (x86)\XMLmind_XML_Editor\bin\jre64\bin\VCRUNTIME140.dll
0x00007ffbf2200000 - 0x00007ffbf2218000 	C:\Program Files (x86)\XMLmind_XML_Editor\bin\jre64\bin\jli.dll
0x00007ffc053e0000 - 0x00007ffc05577000 	C:\Windows\System32\USER32.dll
0x00007ffc04350000 - 0x00007ffc04370000 	C:\Windows\System32\win32u.dll
0x00007ffc06b00000 - 0x00007ffc06b29000 	C:\Windows\System32\GDI32.dll
0x00007ffc04370000 - 0x00007ffc04509000 	C:\Windows\System32\gdi32full.dll
0x00007ffbfe540000 - 0x00007ffbfe7b9000 	C:\Windows\WinSxS\amd64_microsoft.windows.common-controls_6595b64144ccf1df_6.0.17763.1217_none_de6e4304534e0ad3\COMCTL32.dll
0x00007ffc05220000 - 0x00007ffc052c0000 	C:\Windows\System32\msvcp_win.dll
0x00007ffc07cf0000 - 0x00007ffc07d8e000 	C:\Windows\System32\msvcrt.dll
0x00007ffc07080000 - 0x00007ffc073ac000 	C:\Windows\System32\combase.dll
0x00007ffc07b10000 - 0x00007ffc07c32000 	C:\Windows\System32\RPCRT4.dll
0x00007ffc042d0000 - 0x00007ffc0434e000 	C:\Windows\System32\bcryptPrimitives.dll
0x00007ffc08040000 - 0x00007ffc0806e000 	C:\Windows\System32\IMM32.DLL
0x00007ffbd8080000 - 0x00007ffbd811b000 	C:\Program Files (x86)\XMLmind_XML_Editor\bin\jre64\bin\msvcp140.dll
0x00007ffbb1b60000 - 0x00007ffbb267f000 	C:\Program Files (x86)\XMLmind_XML_Editor\bin\jre64\bin\server\jvm.dll
0x00007ffc073b0000 - 0x00007ffc07453000 	C:\Windows\System32\ADVAPI32.dll
0x00007ffc080f0000 - 0x00007ffc0818e000 	C:\Windows\System32\sechost.dll
0x00007ffc055f0000 - 0x00007ffc055f8000 	C:\Windows\System32\PSAPI.DLL
0x00007ffbff750000 - 0x00007ffbff75a000 	C:\Windows\SYSTEM32\VERSION.dll
0x00007ffbf9ac0000 - 0x00007ffbf9ae4000 	C:\Windows\SYSTEM32\WINMM.dll
0x00007ffbff790000 - 0x00007ffbff799000 	C:\Windows\SYSTEM32\WSOCK32.dll
0x00007ffc075c0000 - 0x00007ffc0762d000 	C:\Windows\System32\WS2_32.dll
0x00007ffbf9a10000 - 0x00007ffbf9a3d000 	C:\Windows\SYSTEM32\WINMMBASE.dll
0x00007ffc04280000 - 0x00007ffc042ca000 	C:\Windows\System32\cfgmgr32.dll
0x00007ffc04200000 - 0x00007ffc04211000 	C:\Windows\System32\kernel.appcore.dll
0x00007ffbfab80000 - 0x00007ffbfab8a000 	C:\Program Files (x86)\XMLmind_XML_Editor\bin\jre64\bin\jimage.dll
0x00007ffc02b70000 - 0x00007ffc02d5d000 	C:\Windows\SYSTEM32\DBGHELP.DLL
0x00007ffbfe070000 - 0x00007ffbfe09a000 	C:\Windows\SYSTEM32\dbgcore.DLL
0x00007ffbef820000 - 0x00007ffbef845000 	C:\Program Files (x86)\XMLmind_XML_Editor\bin\jre64\bin\java.dll
0x00007ffbf0380000 - 0x00007ffbf0397000 	C:\Program Files (x86)\XMLmind_XML_Editor\bin\jre64\bin\zip.dll
0x00007ffc05600000 - 0x00007ffc06af4000 	C:\Windows\System32\SHELL32.dll
0x00007ffc07f90000 - 0x00007ffc08038000 	C:\Windows\System32\shcore.dll
0x00007ffc04570000 - 0x00007ffc04cbe000 	C:\Windows\System32\windows.storage.dll
0x00007ffc041b0000 - 0x00007ffc041d4000 	C:\Windows\System32\profapi.dll
0x00007ffc04220000 - 0x00007ffc0427d000 	C:\Windows\System32\powrprof.dll
0x00007ffc07630000 - 0x00007ffc07682000 	C:\Windows\System32\shlwapi.dll
0x00007ffc052c0000 - 0x00007ffc052d7000 	C:\Windows\System32\cryptsp.dll
0x00007ffbef800000 - 0x00007ffbef819000 	C:\Program Files (x86)\XMLmind_XML_Editor\bin\jre64\bin\net.dll
0x00007ffbf9cd0000 - 0x00007ffbf9dc2000 	C:\Windows\SYSTEM32\WINHTTP.dll
0x00007ffc03a20000 - 0x00007ffc03a87000 	C:\Windows\system32\mswsock.dll
0x00007ffbef7a0000 - 0x00007ffbef7b2000 	C:\Program Files (x86)\XMLmind_XML_Editor\bin\jre64\bin\nio.dll
0x00007ffbd7c30000 - 0x00007ffbd7dc7000 	C:\Program Files (x86)\XMLmind_XML_Editor\bin\jre64\bin\awt.dll
0x00007ffc06b30000 - 0x00007ffc06bf4000 	C:\Windows\System32\OLEAUT32.dll
0x00007ffc01d80000 - 0x00007ffc01e0c000 	C:\Windows\SYSTEM32\apphelp.dll
0x00007ffc02720000 - 0x00007ffc0274e000 	C:\Windows\system32\DWMAPI.DLL
0x00007ffc04cc0000 - 0x00007ffc04e9c000 	C:\Windows\System32\CRYPT32.dll
0x00007ffc041e0000 - 0x00007ffc041f2000 	C:\Windows\System32\MSASN1.dll
0x00007ffc02400000 - 0x00007ffc0249c000 	C:\Windows\system32\uxtheme.dll
0x00007ffbf0c20000 - 0x00007ffbf0d47000 	C:\Windows\system32\opengl32.dll
0x00007ffbfc1b0000 - 0x00007ffbfc1dc000 	C:\Windows\SYSTEM32\GLU32.dll
0x00007ffc07d90000 - 0x00007ffc07efc000 	C:\Windows\System32\MSCTF.dll
0x00007ffc07460000 - 0x00007ffc075b5000 	C:\Windows\System32\ole32.dll
0x00007ffbd7ff0000 - 0x00007ffbd8072000 	C:\Program Files (x86)\XMLmind_XML_Editor\bin\jre64\bin\freetype.dll
0x00007ffbd7f40000 - 0x00007ffbd7fe6000 	C:\Program Files (x86)\XMLmind_XML_Editor\bin\jre64\bin\fontmanager.dll
0x00007ffbf98f0000 - 0x00007ffbf9900000 	C:\Program Files (x86)\XMLmind_XML_Editor\bin\jre64\bin\verify.dll
0x00007ffc03540000 - 0x00007ffc03573000 	C:\Windows\system32\rsaenh.dll
0x00007ffc05140000 - 0x00007ffc05166000 	C:\Windows\System32\bcrypt.dll
0x00007ffc040b0000 - 0x00007ffc040d8000 	C:\Windows\SYSTEM32\USERENV.dll
0x00007ffc03bf0000 - 0x00007ffc03bfc000 	C:\Windows\SYSTEM32\CRYPTBASE.dll
0x00007ffc036e0000 - 0x00007ffc0371d000 	C:\Windows\SYSTEM32\IPHLPAPI.DLL
0x00007ffc055e0000 - 0x00007ffc055e8000 	C:\Windows\System32\NSI.dll
0x00007ffbfb850000 - 0x00007ffbfb866000 	C:\Windows\SYSTEM32\dhcpcsvc6.DLL
0x00007ffbfb9b0000 - 0x00007ffbfb9cc000 	C:\Windows\SYSTEM32\dhcpcsvc.DLL
0x00007ffc03720000 - 0x00007ffc037e7000 	C:\Windows\SYSTEM32\DNSAPI.dll
0x00007ffc07c40000 - 0x00007ffc07ce2000 	C:\Windows\System32\clbcatq.dll
0x00007ffbefc50000 - 0x00007ffbefe08000 	C:\Windows\SYSTEM32\WindowsCodecs.dll
0x00007ffbefe40000 - 0x00007ffbefe96000 	C:\Windows\system32\dataexchange.dll
0x00007ffc01530000 - 0x00007ffc016f3000 	C:\Windows\system32\dcomp.dll
0x00007ffc00cc0000 - 0x00007ffc00f3e000 	C:\Windows\system32\d3d11.dll
0x00007ffc02ee0000 - 0x00007ffc02fa2000 	C:\Windows\system32\dxgi.dll
0x00007ffc024d0000 - 0x00007ffc026e4000 	C:\Windows\system32\twinapi.appcore.dll
0x00007ffc026f0000 - 0x00007ffc02718000 	C:\Windows\system32\RMCLIENT.dll
0x00007ffbef0c0000 - 0x00007ffbef0ed000 	C:\Program Files (x86)\XMLmind_XML_Editor\bin\jre64\bin\javajpeg.dll
0x00007ffbfe4a0000 - 0x00007ffbfe535000 	C:\Windows\System32\TextInputFramework.dll
0x00007ffc017b0000 - 0x00007ffc01892000 	C:\Windows\System32\CoreMessaging.dll
0x00007ffbeff80000 - 0x00007ffbf02a2000 	C:\Windows\System32\CoreUIComponents.dll
0x00007ffc03220000 - 0x00007ffc03251000 	C:\Windows\SYSTEM32\ntmarta.dll
0x00007ffbfff10000 - 0x00007ffc00063000 	C:\Windows\SYSTEM32\wintypes.dll
0x00007ffbd6220000 - 0x00007ffbd62ef000 	C:\Windows\System32\IME\IMEKR\imkrtip.dll
0x00007ffc01e10000 - 0x00007ffc01fb9000 	C:\Windows\SYSTEM32\PROPSYS.dll
0x00007ffbd5d50000 - 0x00007ffbd5e88000 	C:\Windows\System32\IME\shared\imetip.dll
0x00007ffbcf830000 - 0x00007ffbcf9e5000 	C:\Windows\SYSTEM32\DUI70.dll
0x00007ffbfec00000 - 0x00007ffbfec6c000 	C:\Windows\SYSTEM32\OLEACC.dll
0x00007ffbd61e0000 - 0x00007ffbd621e000 	C:\Windows\System32\IME\IMEKR\imkrapi.dll
0x00007ffbd5d10000 - 0x00007ffbd5d4f000 	C:\Windows\System32\IME\shared\imjkapi.dll
0x00007ffbffe60000 - 0x00007ffbffe6e000 	C:\Program Files (x86)\XMLmind_XML_Editor\bin\jre64\bin\sunmscapi.dll
0x00007ffc03cf0000 - 0x00007ffc03d16000 	C:\Windows\SYSTEM32\ncrypt.dll
0x00007ffc03cb0000 - 0x00007ffc03cec000 	C:\Windows\SYSTEM32\NTASN1.dll
0x00007ffbf42b0000 - 0x00007ffbf42d5000 	C:\Program Files (x86)\XMLmind_XML_Editor\bin\jre64\bin\sunec.dll
0x00007ffbf97f0000 - 0x00007ffbf97fa000 	C:\Windows\System32\rasadhlp.dll
0x00007ffbf9a40000 - 0x00007ffbf9ab9000 	C:\Windows\System32\fwpuclnt.dll
0x00007ffc06e10000 - 0x00007ffc06f37000 	C:\Windows\System32\COMDLG32.dll
0x00007ffbe4ff0000 - 0x00007ffbe5079000 	C:\Windows\SYSTEM32\WINSPOOL.DRV
0x0000000180000000 - 0x00000001801ab000 	C:\Windows\system32\spool\DRIVERS\x64\3\us008du.dll
0x00007ffbf6110000 - 0x00007ffbf62b5000 	C:\Windows\WinSxS\amd64_microsoft.windows.gdiplus_6595b64144ccf1df_1.1.17763.1217_none_0f5935e9ade084a1\gdiplus.dll
0x00007ffbf3fc0000 - 0x00007ffbf3fd7000 	C:\Windows\SYSTEM32\NETAPI32.dll
0x00007ffbf54d0000 - 0x00007ffbf54dc000 	C:\Windows\SYSTEM32\Secur32.dll
0x00007ffbf3570000 - 0x00007ffbf3596000 	C:\Windows\SYSTEM32\SRVCLI.DLL
0x00007ffc040e0000 - 0x00007ffc0410f000 	C:\Windows\SYSTEM32\SSPICLI.DLL
0x00007ffbf9130000 - 0x00007ffbf9386000 	C:\Windows\System32\msxml6.dll
0x00007ffc03fc0000 - 0x00007ffc03fe9000 	C:\Windows\System32\DEVOBJ.dll
0x0000000000400000 - 0x000000000053a000 	C:\Windows\system32\spool\DRIVERS\x64\3\us008.dll
0x00007ffbf09c0000 - 0x00007ffbf0a69000 	C:\Windows\WinSxS\amd64_microsoft.windows.common-controls_6595b64144ccf1df_5.82.17763.1217_none_6d05fc3859f9e9fa\comctl32.dll
0x00007ffbeef40000 - 0x00007ffbef067000 	C:\Windows\system32\NetworkExplorer.dll
0x00007ffbef190000 - 0x00007ffbef1f1000 	C:\Windows\System32\thumbcache.dll
0x00007ffc006a0000 - 0x00007ffc00728000 	C:\Windows\SYSTEM32\policymanager.dll
0x00007ffc00580000 - 0x00007ffc0060a000 	C:\Windows\SYSTEM32\msvcp110_win.dll
0x00007ffbff840000 - 0x00007ffbff85b000 	C:\Windows\SYSTEM32\MPR.dll
0x00007ffbf62c0000 - 0x00007ffbf62cb000 	C:\Windows\System32\drprov.dll
0x00007ffc03840000 - 0x00007ffc03898000 	C:\Windows\System32\WINSTA.dll
0x00007ffbeae00000 - 0x00007ffbeae15000 	C:\Windows\System32\ntlanman.dll
0x00007ffbea590000 - 0x00007ffbea5ad000 	C:\Windows\System32\davclnt.dll
0x00007ffbf54e0000 - 0x00007ffbf54ec000 	C:\Windows\System32\DAVHLPR.dll
0x00007ffbfe0c0000 - 0x00007ffbfe0d7000 	C:\Windows\System32\wkscli.dll
0x00007ffbf3550000 - 0x00007ffbf3562000 	C:\Windows\SYSTEM32\cscapi.dll
0x00007ffc037f0000 - 0x00007ffc037fe000 	C:\Windows\System32\netutils.dll
0x00007ffbd5460000 - 0x00007ffbd54ab000 	C:\Windows\System32\dlnashext.dll
0x00007ffc00550000 - 0x00007ffc00570000 	C:\Windows\System32\DevDispItemProvider.dll
0x00007ffbd44d0000 - 0x00007ffbd46b0000 	C:\Windows\system32\wpdshext.dll
0x00007ffbda5c0000 - 0x00007ffbda65f000 	C:\Windows\System32\PortableDeviceApi.dll
0x00007ffc07690000 - 0x00007ffc07b06000 	C:\Windows\System32\SETUPAPI.dll
0x00007ffc04510000 - 0x00007ffc04569000 	C:\Windows\System32\WINTRUST.dll
0x00007ffbe7350000 - 0x00007ffbe7387000 	C:\Windows\System32\EhStorShell.dll

dbghelp: loaded successfully - version: 4.0.5 - missing functions: none
symbol engine: initialized successfully - sym options: 0x614 - pdb path: .;C:\Program Files (x86)\XMLmind_XML_Editor\bin\jre64\bin;C:\Windows\SYSTEM32;C:\Windows\WinSxS\amd64_microsoft.windows.common-controls_6595b64144ccf1df_6.0.17763.1217_none_de6e4304534e0ad3;C:\Program Files (x86)\XMLmind_XML_Editor\bin\jre64\bin\server;C:\Windows\System32\IME\IMEKR;C:\Windows\System32\IME\shared;C:\Windows\system32\spool\DRIVERS\x64\3;C:\Windows\WinSxS\amd64_microsoft.windows.gdiplus_6595b64144ccf1df_1.1.17763.1217_none_0f5935e9ade084a1;C:\Windows\WinSxS\amd64_microsoft.windows.common-controls_6595b64144ccf1df_5.82.17763.1217_none_6d05fc3859f9e9fa

VM Arguments:
jvm_args: -Xss4m -Xmx512m -Dsun.java2d.uiScale.enabled=false -Dsun.java2d.noddraw=true -Dsun.java2d.d3d=false -DXXE_GUI= -DXXE_ADDON_PATH= -DXXE_PREFS_DIR= 
java_command: com.xmlmind.xmleditapp.app.QuickStart C:\Docbook\1.0\ko\manual\xdocs\userguide\chapter6.xml
java_class_path (initial): C:\Program Files (x86)\XMLmind_XML_Editor\bin\xxe.jar;C:\Program Files (x86)\XMLmind_XML_Editor\bin\xerces.jar;C:\Program Files (x86)\XMLmind_XML_Editor\bin\resolver.jar;C:\Program Files (x86)\XMLmind_XML_Editor\bin\relaxng.jar;C:\Program Files (x86)\XMLmind_XML_Editor\bin\saxon.jar;C:\Program Files (x86)\XMLmind_XML_Editor\bin\saxon9.jar
Launcher Type: SUN_STANDARD

[Global flags]
     intx CICompilerCount                          = 4                                         {product} {ergonomic}
     uint ConcGCThreads                            = 2                                         {product} {ergonomic}
     uint G1ConcRefinementThreads                  = 8                                         {product} {ergonomic}
   size_t G1HeapRegionSize                         = 1048576                                   {product} {ergonomic}
    uintx GCDrainStackTargetSize                   = 64                                        {product} {ergonomic}
   size_t InitialHeapSize                          = 132120576                                 {product} {ergonomic}
   size_t MarkStackSize                            = 4194304                                   {product} {ergonomic}
   size_t MaxHeapSize                              = 536870912                                 {product} {command line}
   size_t MaxNewSize                               = 321912832                                 {product} {ergonomic}
   size_t MinHeapDeltaBytes                        = 1048576                                   {product} {ergonomic}
   size_t MinHeapSize                              = 8388608                                   {product} {ergonomic}
    uintx NonNMethodCodeHeapSize                   = 5839372                                {pd product} {ergonomic}
    uintx NonProfiledCodeHeapSize                  = 122909434                              {pd product} {ergonomic}
    uintx ProfiledCodeHeapSize                     = 122909434                              {pd product} {ergonomic}
    uintx ReservedCodeCacheSize                    = 251658240                              {pd product} {ergonomic}
     bool SegmentedCodeCache                       = true                                      {product} {ergonomic}
   size_t SoftMaxHeapSize                          = 536870912                              {manageable} {ergonomic}
     intx ThreadStackSize                          = 4096                                   {pd product} {command line}
     bool UseCompressedClassPointers               = true                                 {lp64_product} {ergonomic}
     bool UseCompressedOops                        = true                                 {lp64_product} {ergonomic}
     bool UseG1GC                                  = true                                      {product} {ergonomic}
     bool UseLargePagesIndividualAllocation        = false                                  {pd product} {ergonomic}

Logging:
Log output configuration:
 #0: stdout all=warning uptime,level,tags
 #1: stderr all=off uptime,level,tags

Environment Variables:
JAVA_HOME=C:\Program Files (x86)\Java\jdk1.6.0_01
PATH=C:\Program Files (x86)\Java\jre1.6.0_01\bin;C:\apache-ant-1.7.0\bin;C:\Program Files\TortoiseGit\bin;C:\Program Files\Git\cmd;C:\Users\sychoi\AppData\Local\Microsoft\WindowsApps;C:\Program Files\Bandizip\
USERNAME=sychoi
OS=Windows_NT
PROCESSOR_IDENTIFIER=Intel64 Family 6 Model 142 Stepping 11, GenuineIntel



---------------  S Y S T E M  ---------------

OS: Windows 10 , 64 bit Build 17763 (10.0.17763.1158)
OS uptime: 4 days 6:22 hours

CPU:total 8 (initial active 8) (4 cores per cpu, 2 threads per core) family 6 model 142 stepping 11, cmov, cx8, fxsr, mmx, sse, sse2, sse3, ssse3, sse4.1, sse4.2, popcnt, avx, avx2, aes, clmul, erms, 3dnowpref, lzcnt, ht, tsc, tscinvbit, bmi1, bmi2, adx, fma

Memory: 4k page, system-wide physical 7986M (1638M free)
TotalPageFile size 14130M (AvailPageFile size 3817M)
current process WorkingSet (physical memory assigned to process): 324M, peak: 393M
current process commit charge ("private bytes"): 447M, peak: 462M

vm_info: OpenJDK 64-Bit Server VM (14+36-1461) for windows-amd64 JRE (14+36-1461), built on Feb  6 2020 19:03:18 by "mach5one" with MS VC++ 15.9 (VS2017)

END.
